[4.524s] DEBUG:colcon:Command line arguments: ['/usr/bin/colcon', 'build', '--symlink-install', '--packages-select', 'easy_robot_control']
[4.524s] DEBUG:colcon:Parsed command line arguments: Namespace(allow_overriding=[], ament_cmake_args=None, base_paths=['.'], build_base='build', catkin_cmake_args=None, catkin_skip_building_tests=False, cmake_args=None, cmake_clean_cache=False, cmake_clean_first=False, cmake_force_configure=False, cmake_target=None, cmake_target_skip_unavailable=False, continue_on_error=False, event_handlers=None, executor='parallel', ignore_user_meta=False, install_base='install', log_base=None, log_level=None, main=<bound method BuildVerb.main of <colcon_core.verb.build.BuildVerb object at 0xffffab382f70>>, merge_install=False, metas=['./colcon.meta'], packages_above=None, packages_above_and_dependencies=None, packages_above_depth=None, packages_end=None, packages_ignore=None, packages_ignore_regex=None, packages_select=['easy_robot_control'], packages_select_build_failed=False, packages_select_by_dep=None, packages_select_regex=None, packages_select_test_failures=False, packages_skip=None, packages_skip_build_finished=False, packages_skip_by_dep=None, packages_skip_regex=None, packages_skip_test_passed=False, packages_skip_up_to=None, packages_start=None, packages_up_to=None, packages_up_to_regex=None, parallel_workers=8, paths=None, symlink_install=True, test_result_base=None, verb_extension=<colcon_core.verb.build.BuildVerb object at 0xffffab382f70>, verb_name='build', verb_parser=<colcon_defaults.argument_parser.defaults.DefaultArgumentsDecorator object at 0xffffab449ca0>)
[4.722s] Level 1:colcon.colcon_core.package_discovery:discover_packages(colcon_meta) check parameters
[4.722s] Level 1:colcon.colcon_core.package_discovery:discover_packages(recursive) check parameters
[4.722s] Level 1:colcon.colcon_core.package_discovery:discover_packages(ignore) check parameters
[4.722s] Level 1:colcon.colcon_core.package_discovery:discover_packages(path) check parameters
[4.723s] Level 1:colcon.colcon_core.package_discovery:discover_packages(colcon_meta) discover
[4.723s] Level 1:colcon.colcon_core.package_discovery:discover_packages(recursive) discover
[4.723s] INFO:colcon.colcon_core.package_discovery:Crawling recursively for packages in '/home/moonbotj40/elian_stuff/moonbot_software'
[4.723s] Level 1:colcon.colcon_core.package_identification:_identify(.) by extensions ['ignore', 'ignore_ament_install']
[4.723s] Level 1:colcon.colcon_core.package_identification:_identify(.) by extension 'ignore'
[4.723s] Level 1:colcon.colcon_core.package_identification:_identify(.) by extension 'ignore_ament_install'
[4.724s] Level 1:colcon.colcon_core.package_identification:_identify(.) by extensions ['colcon_pkg']
[4.724s] Level 1:colcon.colcon_core.package_identification:_identify(.) by extension 'colcon_pkg'
[4.724s] Level 1:colcon.colcon_core.package_identification:_identify(.) by extensions ['colcon_meta']
[4.724s] Level 1:colcon.colcon_core.package_identification:_identify(.) by extension 'colcon_meta'
[4.724s] Level 1:colcon.colcon_core.package_identification:_identify(.) by extensions ['ros']
[4.724s] Level 1:colcon.colcon_core.package_identification:_identify(.) by extension 'ros'
[4.748s] Level 1:colcon.colcon_core.package_identification:_identify(.) by extensions ['cmake', 'python']
[4.748s] Level 1:colcon.colcon_core.package_identification:_identify(.) by extension 'cmake'
[4.748s] Level 1:colcon.colcon_core.package_identification:_identify(.) by extension 'python'
[4.748s] Level 1:colcon.colcon_core.package_identification:_identify(.) by extensions ['python_setup_py']
[4.748s] Level 1:colcon.colcon_core.package_identification:_identify(.) by extension 'python_setup_py'
[4.749s] Level 1:colcon.colcon_core.package_identification:_identify(Documentation) by extensions ['ignore', 'ignore_ament_install']
[4.749s] Level 1:colcon.colcon_core.package_identification:_identify(Documentation) by extension 'ignore'
[4.749s] Level 1:colcon.colcon_core.package_identification:_identify(Documentation) by extension 'ignore_ament_install'
[4.749s] Level 1:colcon.colcon_core.package_identification:_identify(Documentation) by extensions ['colcon_pkg']
[4.749s] Level 1:colcon.colcon_core.package_identification:_identify(Documentation) by extension 'colcon_pkg'
[4.749s] Level 1:colcon.colcon_core.package_identification:_identify(Documentation) by extensions ['colcon_meta']
[4.749s] Level 1:colcon.colcon_core.package_identification:_identify(Documentation) by extension 'colcon_meta'
[4.749s] Level 1:colcon.colcon_core.package_identification:_identify(Documentation) by extensions ['ros']
[4.750s] Level 1:colcon.colcon_core.package_identification:_identify(Documentation) by extension 'ros'
[4.750s] Level 1:colcon.colcon_core.package_identification:_identify(Documentation) by extensions ['cmake', 'python']
[4.750s] Level 1:colcon.colcon_core.package_identification:_identify(Documentation) by extension 'cmake'
[4.750s] Level 1:colcon.colcon_core.package_identification:_identify(Documentation) by extension 'python'
[4.750s] Level 1:colcon.colcon_core.package_identification:_identify(Documentation) by extensions ['python_setup_py']
[4.750s] Level 1:colcon.colcon_core.package_identification:_identify(Documentation) by extension 'python_setup_py'
[4.750s] Level 1:colcon.colcon_core.package_identification:_identify(build) by extensions ['ignore', 'ignore_ament_install']
[4.751s] Level 1:colcon.colcon_core.package_identification:_identify(build) by extension 'ignore'
[4.751s] Level 1:colcon.colcon_core.package_identification:_identify(build) ignored
[4.751s] Level 1:colcon.colcon_core.package_identification:_identify(install) by extensions ['ignore', 'ignore_ament_install']
[4.751s] Level 1:colcon.colcon_core.package_identification:_identify(install) by extension 'ignore'
[4.751s] Level 1:colcon.colcon_core.package_identification:_identify(install) ignored
[4.752s] Level 1:colcon.colcon_core.package_identification:_identify(log) by extensions ['ignore', 'ignore_ament_install']
[4.752s] Level 1:colcon.colcon_core.package_identification:_identify(log) by extension 'ignore'
[4.752s] Level 1:colcon.colcon_core.package_identification:_identify(log) ignored
[4.752s] Level 1:colcon.colcon_core.package_identification:_identify(src) by extensions ['ignore', 'ignore_ament_install']
[4.752s] Level 1:colcon.colcon_core.package_identification:_identify(src) by extension 'ignore'
[4.752s] Level 1:colcon.colcon_core.package_identification:_identify(src) by extension 'ignore_ament_install'
[4.752s] Level 1:colcon.colcon_core.package_identification:_identify(src) by extensions ['colcon_pkg']
[4.753s] Level 1:colcon.colcon_core.package_identification:_identify(src) by extension 'colcon_pkg'
[4.753s] Level 1:colcon.colcon_core.package_identification:_identify(src) by extensions ['colcon_meta']
[4.753s] Level 1:colcon.colcon_core.package_identification:_identify(src) by extension 'colcon_meta'
[4.753s] Level 1:colcon.colcon_core.package_identification:_identify(src) by extensions ['ros']
[4.753s] Level 1:colcon.colcon_core.package_identification:_identify(src) by extension 'ros'
[4.753s] Level 1:colcon.colcon_core.package_identification:_identify(src) by extensions ['cmake', 'python']
[4.753s] Level 1:colcon.colcon_core.package_identification:_identify(src) by extension 'cmake'
[4.753s] Level 1:colcon.colcon_core.package_identification:_identify(src) by extension 'python'
[4.753s] Level 1:colcon.colcon_core.package_identification:_identify(src) by extensions ['python_setup_py']
[4.753s] Level 1:colcon.colcon_core.package_identification:_identify(src) by extension 'python_setup_py'
[4.754s] Level 1:colcon.colcon_core.package_identification:_identify(src/custom_messages) by extensions ['ignore', 'ignore_ament_install']
[4.754s] Level 1:colcon.colcon_core.package_identification:_identify(src/custom_messages) by extension 'ignore'
[4.754s] Level 1:colcon.colcon_core.package_identification:_identify(src/custom_messages) by extension 'ignore_ament_install'
[4.754s] Level 1:colcon.colcon_core.package_identification:_identify(src/custom_messages) by extensions ['colcon_pkg']
[4.754s] Level 1:colcon.colcon_core.package_identification:_identify(src/custom_messages) by extension 'colcon_pkg'
[4.754s] Level 1:colcon.colcon_core.package_identification:_identify(src/custom_messages) by extensions ['colcon_meta']
[4.754s] Level 1:colcon.colcon_core.package_identification:_identify(src/custom_messages) by extension 'colcon_meta'
[4.755s] Level 1:colcon.colcon_core.package_identification:_identify(src/custom_messages) by extensions ['ros']
[4.755s] Level 1:colcon.colcon_core.package_identification:_identify(src/custom_messages) by extension 'ros'
[4.760s] DEBUG:colcon.colcon_core.package_identification:Package 'src/custom_messages' with type 'ros.ament_cmake' and name 'custom_messages'
[4.760s] Level 1:colcon.colcon_core.package_identification:_identify(src/easy_robot_control) by extensions ['ignore', 'ignore_ament_install']
[4.761s] Level 1:colcon.colcon_core.package_identification:_identify(src/easy_robot_control) by extension 'ignore'
[4.761s] Level 1:colcon.colcon_core.package_identification:_identify(src/easy_robot_control) by extension 'ignore_ament_install'
[4.761s] Level 1:colcon.colcon_core.package_identification:_identify(src/easy_robot_control) by extensions ['colcon_pkg']
[4.761s] Level 1:colcon.colcon_core.package_identification:_identify(src/easy_robot_control) by extension 'colcon_pkg'
[4.761s] Level 1:colcon.colcon_core.package_identification:_identify(src/easy_robot_control) by extensions ['colcon_meta']
[4.761s] Level 1:colcon.colcon_core.package_identification:_identify(src/easy_robot_control) by extension 'colcon_meta'
[4.762s] Level 1:colcon.colcon_core.package_identification:_identify(src/easy_robot_control) by extensions ['ros']
[4.762s] Level 1:colcon.colcon_core.package_identification:_identify(src/easy_robot_control) by extension 'ros'
[4.763s] DEBUG:colcon.colcon_core.package_identification:Package 'src/easy_robot_control' with type 'ros.ament_python' and name 'easy_robot_control'
[4.763s] Level 1:colcon.colcon_core.package_identification:_identify(src/rviz_basic) by extensions ['ignore', 'ignore_ament_install']
[4.763s] Level 1:colcon.colcon_core.package_identification:_identify(src/rviz_basic) by extension 'ignore'
[4.763s] Level 1:colcon.colcon_core.package_identification:_identify(src/rviz_basic) by extension 'ignore_ament_install'
[4.763s] Level 1:colcon.colcon_core.package_identification:_identify(src/rviz_basic) by extensions ['colcon_pkg']
[4.764s] Level 1:colcon.colcon_core.package_identification:_identify(src/rviz_basic) by extension 'colcon_pkg'
[4.764s] Level 1:colcon.colcon_core.package_identification:_identify(src/rviz_basic) by extensions ['colcon_meta']
[4.764s] Level 1:colcon.colcon_core.package_identification:_identify(src/rviz_basic) by extension 'colcon_meta'
[4.764s] Level 1:colcon.colcon_core.package_identification:_identify(src/rviz_basic) by extensions ['ros']
[4.764s] Level 1:colcon.colcon_core.package_identification:_identify(src/rviz_basic) by extension 'ros'
[4.765s] DEBUG:colcon.colcon_core.package_identification:Package 'src/rviz_basic' with type 'ros.ament_python' and name 'rviz_basic'
[4.765s] Level 1:colcon.colcon_core.package_discovery:discover_packages(recursive) using defaults
[4.765s] Level 1:colcon.colcon_core.package_discovery:discover_packages(ignore) discover
[4.765s] Level 1:colcon.colcon_core.package_discovery:discover_packages(ignore) using defaults
[4.765s] Level 1:colcon.colcon_core.package_discovery:discover_packages(path) discover
[4.765s] Level 1:colcon.colcon_core.package_discovery:discover_packages(path) using defaults
[5.055s] INFO:colcon.colcon_core.package_selection:Skipping not selected package 'custom_messages' in 'src/custom_messages'
[5.055s] INFO:colcon.colcon_core.package_selection:Skipping not selected package 'rviz_basic' in 'src/rviz_basic'
[5.203s] Level 1:colcon.colcon_core.package_discovery:discover_packages(prefix_path) check parameters
[5.203s] Level 1:colcon.colcon_core.package_discovery:discover_packages(prefix_path) discover
[5.356s] DEBUG:colcon.colcon_installed_package_information.package_discovery:Found 3 installed packages in /home/moonbotj40/elian_stuff/moonbot_software/install
[5.435s] DEBUG:colcon.colcon_installed_package_information.package_discovery:Found 257 installed packages in /opt/ros/foxy
[5.438s] Level 1:colcon.colcon_core.package_discovery:discover_packages(prefix_path) using defaults
[5.728s] Level 5:colcon.colcon_core.verb:set package 'easy_robot_control' build argument 'cmake_args' from command line to 'None'
[5.728s] Level 5:colcon.colcon_core.verb:set package 'easy_robot_control' build argument 'cmake_target' from command line to 'None'
[5.728s] Level 5:colcon.colcon_core.verb:set package 'easy_robot_control' build argument 'cmake_target_skip_unavailable' from command line to 'False'
[5.728s] Level 5:colcon.colcon_core.verb:set package 'easy_robot_control' build argument 'cmake_clean_cache' from command line to 'False'
[5.728s] Level 5:colcon.colcon_core.verb:set package 'easy_robot_control' build argument 'cmake_clean_first' from command line to 'False'
[5.728s] Level 5:colcon.colcon_core.verb:set package 'easy_robot_control' build argument 'cmake_force_configure' from command line to 'False'
[5.728s] Level 5:colcon.colcon_core.verb:set package 'easy_robot_control' build argument 'ament_cmake_args' from command line to 'None'
[5.728s] Level 5:colcon.colcon_core.verb:set package 'easy_robot_control' build argument 'catkin_cmake_args' from command line to 'None'
[5.728s] Level 5:colcon.colcon_core.verb:set package 'easy_robot_control' build argument 'catkin_skip_building_tests' from command line to 'False'
[5.729s] DEBUG:colcon.colcon_core.verb:Building package 'easy_robot_control' with the following arguments: {'ament_cmake_args': None, 'build_base': '/home/moonbotj40/elian_stuff/moonbot_software/build/easy_robot_control', 'catkin_cmake_args': None, 'catkin_skip_building_tests': False, 'cmake_args': None, 'cmake_clean_cache': False, 'cmake_clean_first': False, 'cmake_force_configure': False, 'cmake_target': None, 'cmake_target_skip_unavailable': False, 'install_base': '/home/moonbotj40/elian_stuff/moonbot_software/install/easy_robot_control', 'merge_install': False, 'path': '/home/moonbotj40/elian_stuff/moonbot_software/src/easy_robot_control', 'symlink_install': True, 'test_result_base': None}
[5.802s] INFO:colcon.colcon_core.executor:Executing jobs using 'parallel' executor
[5.879s] DEBUG:colcon.colcon_parallel_executor.executor.parallel:run_until_complete
[5.880s] INFO:colcon.colcon_ros.task.ament_python.build:Building ROS package in '/home/moonbotj40/elian_stuff/moonbot_software/src/easy_robot_control' with build type 'ament_python'
[5.881s] Level 1:colcon.colcon_core.shell:create_environment_hook('easy_robot_control', 'ament_prefix_path')
[5.993s] INFO:colcon.colcon_core.plugin_system:Skipping extension 'colcon_core.shell.bat': Not used on non-Windows systems
[5.994s] INFO:colcon.colcon_core.shell:Creating environment hook '/home/moonbotj40/elian_stuff/moonbot_software/install/easy_robot_control/share/easy_robot_control/hook/ament_prefix_path.ps1'
[5.995s] INFO:colcon.colcon_core.shell:Creating environment descriptor '/home/moonbotj40/elian_stuff/moonbot_software/install/easy_robot_control/share/easy_robot_control/hook/ament_prefix_path.dsv'
[5.996s] INFO:colcon.colcon_core.shell:Creating environment hook '/home/moonbotj40/elian_stuff/moonbot_software/install/easy_robot_control/share/easy_robot_control/hook/ament_prefix_path.sh'
[6.074s] INFO:colcon.colcon_core.shell:Skip shell extension 'powershell' for command environment: Not usable outside of PowerShell
[6.075s] DEBUG:colcon.colcon_core.shell:Skip shell extension 'dsv' for command environment
[6.800s] INFO:colcon.colcon_core.task.python.build:Building Python package in '/home/moonbotj40/elian_stuff/moonbot_software/src/easy_robot_control'
[6.879s] INFO:colcon.colcon_core.shell:Skip shell extension 'powershell' for command environment: Not usable outside of PowerShell
[6.880s] DEBUG:colcon.colcon_core.shell:Skip shell extension 'dsv' for command environment
[7.947s] DEBUG:colcon.colcon_core.event_handler.log_command:Invoking command in '/home/moonbotj40/elian_stuff/moonbot_software/build/easy_robot_control': PYTHONPATH=/home/moonbotj40/elian_stuff/moonbot_software/build/easy_robot_control/prefix_override:/home/moonbotj40/elian_stuff/moonbot_software/install/easy_robot_control/lib/python3.8/site-packages:${PYTHONPATH} /usr/bin/python3 setup.py develop --editable --build-directory /home/moonbotj40/elian_stuff/moonbot_software/build/easy_robot_control/build --no-deps install_data
[8.934s] Level 1:colcon.colcon_core.shell:create_environment_hook('easy_robot_control', 'pythonpath_develop')
[8.935s] DEBUG:colcon.colcon_core.event_handler.log_command:Invoked command in '/home/moonbotj40/elian_stuff/moonbot_software/build/easy_robot_control' returned '0': PYTHONPATH=/home/moonbotj40/elian_stuff/moonbot_software/build/easy_robot_control/prefix_override:/home/moonbotj40/elian_stuff/moonbot_software/install/easy_robot_control/lib/python3.8/site-packages:${PYTHONPATH} /usr/bin/python3 setup.py develop --editable --build-directory /home/moonbotj40/elian_stuff/moonbot_software/build/easy_robot_control/build --no-deps install_data
[9.019s] INFO:colcon.colcon_core.shell:Creating environment hook '/home/moonbotj40/elian_stuff/moonbot_software/build/easy_robot_control/share/easy_robot_control/hook/pythonpath_develop.ps1'
[9.020s] INFO:colcon.colcon_core.shell:Creating environment descriptor '/home/moonbotj40/elian_stuff/moonbot_software/build/easy_robot_control/share/easy_robot_control/hook/pythonpath_develop.dsv'
[9.021s] INFO:colcon.colcon_core.shell:Creating environment hook '/home/moonbotj40/elian_stuff/moonbot_software/build/easy_robot_control/share/easy_robot_control/hook/pythonpath_develop.sh'
[9.103s] Level 1:colcon.colcon_core.environment:checking '/home/moonbotj40/elian_stuff/moonbot_software/install/easy_robot_control' for CMake module files
[9.104s] Level 1:colcon.colcon_core.environment:checking '/home/moonbotj40/elian_stuff/moonbot_software/install/easy_robot_control' for CMake config files
[9.106s] Level 1:colcon.colcon_core.environment:checking '/home/moonbotj40/elian_stuff/moonbot_software/install/easy_robot_control/lib'
[9.106s] Level 1:colcon.colcon_core.environment:checking '/home/moonbotj40/elian_stuff/moonbot_software/install/easy_robot_control/bin'
[9.106s] Level 1:colcon.colcon_core.environment:checking '/home/moonbotj40/elian_stuff/moonbot_software/install/easy_robot_control/lib/pkgconfig/easy_robot_control.pc'
[9.107s] Level 1:colcon.colcon_core.environment:checking '/home/moonbotj40/elian_stuff/moonbot_software/install/easy_robot_control/lib/python3.8/site-packages'
[9.107s] Level 1:colcon.colcon_core.shell:create_environment_hook('easy_robot_control', 'pythonpath')
[9.184s] INFO:colcon.colcon_core.shell:Creating environment hook '/home/moonbotj40/elian_stuff/moonbot_software/install/easy_robot_control/share/easy_robot_control/hook/pythonpath.ps1'
[9.185s] INFO:colcon.colcon_core.shell:Creating environment descriptor '/home/moonbotj40/elian_stuff/moonbot_software/install/easy_robot_control/share/easy_robot_control/hook/pythonpath.dsv'
[9.186s] INFO:colcon.colcon_core.shell:Creating environment hook '/home/moonbotj40/elian_stuff/moonbot_software/install/easy_robot_control/share/easy_robot_control/hook/pythonpath.sh'
[9.187s] Level 1:colcon.colcon_core.environment:checking '/home/moonbotj40/elian_stuff/moonbot_software/install/easy_robot_control/bin'
[9.187s] Level 1:colcon.colcon_core.environment:create_environment_scripts_only(easy_robot_control)
[9.264s] INFO:colcon.colcon_core.shell:Creating package script '/home/moonbotj40/elian_stuff/moonbot_software/install/easy_robot_control/share/easy_robot_control/package.ps1'
[9.266s] INFO:colcon.colcon_core.shell:Creating package descriptor '/home/moonbotj40/elian_stuff/moonbot_software/install/easy_robot_control/share/easy_robot_control/package.dsv'
[9.268s] INFO:colcon.colcon_core.shell:Creating package script '/home/moonbotj40/elian_stuff/moonbot_software/install/easy_robot_control/share/easy_robot_control/package.sh'
[9.269s] INFO:colcon.colcon_core.shell:Creating package script '/home/moonbotj40/elian_stuff/moonbot_software/install/easy_robot_control/share/easy_robot_control/package.bash'
[9.271s] INFO:colcon.colcon_core.shell:Creating package script '/home/moonbotj40/elian_stuff/moonbot_software/install/easy_robot_control/share/easy_robot_control/package.zsh'
[9.272s] Level 1:colcon.colcon_core.environment:create_file_with_runtime_dependencies(/home/moonbotj40/elian_stuff/moonbot_software/install/easy_robot_control/share/colcon-core/packages/easy_robot_control)
[9.273s] DEBUG:colcon.colcon_parallel_executor.executor.parallel:closing loop
[9.274s] DEBUG:colcon.colcon_parallel_executor.executor.parallel:loop closed
[9.274s] DEBUG:colcon.colcon_parallel_executor.executor.parallel:run_until_complete finished with '0'
[9.274s] DEBUG:colcon.colcon_core.event_reactor:joining thread
[9.363s] INFO:colcon.colcon_core.plugin_system:Skipping extension 'colcon_notification.desktop_notification.terminal_notifier': Not used on non-Darwin systems
[9.363s] INFO:colcon.colcon_core.plugin_system:Skipping extension 'colcon_notification.desktop_notification.win32': Not used on non-Windows systems
[9.363s] INFO:colcon.colcon_notification.desktop_notification:Sending desktop notification using 'notify2'
[9.406s] DEBUG:colcon.colcon_core.event_reactor:joined thread
[9.483s] INFO:colcon.colcon_core.shell:Creating prefix script '/home/moonbotj40/elian_stuff/moonbot_software/install/local_setup.ps1'
[9.485s] INFO:colcon.colcon_core.shell:Creating prefix util module '/home/moonbotj40/elian_stuff/moonbot_software/install/_local_setup_util_ps1.py'
[9.488s] INFO:colcon.colcon_core.shell:Creating prefix chain script '/home/moonbotj40/elian_stuff/moonbot_software/install/setup.ps1'
[9.568s] INFO:colcon.colcon_core.shell:Creating prefix script '/home/moonbotj40/elian_stuff/moonbot_software/install/local_setup.sh'
[9.569s] INFO:colcon.colcon_core.shell:Creating prefix util module '/home/moonbotj40/elian_stuff/moonbot_software/install/_local_setup_util_sh.py'
[9.570s] INFO:colcon.colcon_core.shell:Creating prefix chain script '/home/moonbotj40/elian_stuff/moonbot_software/install/setup.sh'
[9.649s] INFO:colcon.colcon_core.shell:Creating prefix script '/home/moonbotj40/elian_stuff/moonbot_software/install/local_setup.bash'
[9.650s] INFO:colcon.colcon_core.shell:Creating prefix chain script '/home/moonbotj40/elian_stuff/moonbot_software/install/setup.bash'
[9.728s] INFO:colcon.colcon_core.shell:Creating prefix script '/home/moonbotj40/elian_stuff/moonbot_software/install/local_setup.zsh'
[9.730s] INFO:colcon.colcon_core.shell:Creating prefix chain script '/home/moonbotj40/elian_stuff/moonbot_software/install/setup.zsh'
