[4.510s] DEBUG:colcon:Command line arguments: ['/usr/bin/colcon', 'build', '--symlink-install', '--packages-select', 'custom_messages']
[4.510s] DEBUG:colcon:Parsed command line arguments: Namespace(allow_overriding=[], ament_cmake_args=None, base_paths=['.'], build_base='build', catkin_cmake_args=None, catkin_skip_building_tests=False, cmake_args=None, cmake_clean_cache=False, cmake_clean_first=False, cmake_force_configure=False, cmake_target=None, cmake_target_skip_unavailable=False, continue_on_error=False, event_handlers=None, executor='parallel', ignore_user_meta=False, install_base='install', log_base=None, log_level=None, main=<bound method BuildVerb.main of <colcon_core.verb.build.BuildVerb object at 0xffff929499a0>>, merge_install=False, metas=['./colcon.meta'], packages_above=None, packages_above_and_dependencies=None, packages_above_depth=None, packages_end=None, packages_ignore=None, packages_ignore_regex=None, packages_select=['custom_messages'], packages_select_build_failed=False, packages_select_by_dep=None, packages_select_regex=None, packages_select_test_failures=False, packages_skip=None, packages_skip_build_finished=False, packages_skip_by_dep=None, packages_skip_regex=None, packages_skip_test_passed=False, packages_skip_up_to=None, packages_start=None, packages_up_to=None, packages_up_to_regex=None, parallel_workers=8, paths=None, symlink_install=True, test_result_base=None, verb_extension=<colcon_core.verb.build.BuildVerb object at 0xffff929499a0>, verb_name='build', verb_parser=<colcon_defaults.argument_parser.defaults.DefaultArgumentsDecorator object at 0xffff9296b100>)
[4.710s] Level 1:colcon.colcon_core.package_discovery:discover_packages(colcon_meta) check parameters
[4.711s] Level 1:colcon.colcon_core.package_discovery:discover_packages(recursive) check parameters
[4.711s] Level 1:colcon.colcon_core.package_discovery:discover_packages(ignore) check parameters
[4.711s] Level 1:colcon.colcon_core.package_discovery:discover_packages(path) check parameters
[4.711s] Level 1:colcon.colcon_core.package_discovery:discover_packages(colcon_meta) discover
[4.711s] Level 1:colcon.colcon_core.package_discovery:discover_packages(recursive) discover
[4.712s] INFO:colcon.colcon_core.package_discovery:Crawling recursively for packages in '/home/moonbotj40/elian_stuff/moonbot_software'
[4.712s] Level 1:colcon.colcon_core.package_identification:_identify(.) by extensions ['ignore', 'ignore_ament_install']
[4.712s] Level 1:colcon.colcon_core.package_identification:_identify(.) by extension 'ignore'
[4.712s] Level 1:colcon.colcon_core.package_identification:_identify(.) by extension 'ignore_ament_install'
[4.712s] Level 1:colcon.colcon_core.package_identification:_identify(.) by extensions ['colcon_pkg']
[4.712s] Level 1:colcon.colcon_core.package_identification:_identify(.) by extension 'colcon_pkg'
[4.713s] Level 1:colcon.colcon_core.package_identification:_identify(.) by extensions ['colcon_meta']
[4.713s] Level 1:colcon.colcon_core.package_identification:_identify(.) by extension 'colcon_meta'
[4.713s] Level 1:colcon.colcon_core.package_identification:_identify(.) by extensions ['ros']
[4.713s] Level 1:colcon.colcon_core.package_identification:_identify(.) by extension 'ros'
[4.737s] Level 1:colcon.colcon_core.package_identification:_identify(.) by extensions ['cmake', 'python']
[4.737s] Level 1:colcon.colcon_core.package_identification:_identify(.) by extension 'cmake'
[4.737s] Level 1:colcon.colcon_core.package_identification:_identify(.) by extension 'python'
[4.737s] Level 1:colcon.colcon_core.package_identification:_identify(.) by extensions ['python_setup_py']
[4.737s] Level 1:colcon.colcon_core.package_identification:_identify(.) by extension 'python_setup_py'
[4.738s] Level 1:colcon.colcon_core.package_identification:_identify(Documentation) by extensions ['ignore', 'ignore_ament_install']
[4.738s] Level 1:colcon.colcon_core.package_identification:_identify(Documentation) by extension 'ignore'
[4.738s] Level 1:colcon.colcon_core.package_identification:_identify(Documentation) by extension 'ignore_ament_install'
[4.738s] Level 1:colcon.colcon_core.package_identification:_identify(Documentation) by extensions ['colcon_pkg']
[4.738s] Level 1:colcon.colcon_core.package_identification:_identify(Documentation) by extension 'colcon_pkg'
[4.738s] Level 1:colcon.colcon_core.package_identification:_identify(Documentation) by extensions ['colcon_meta']
[4.739s] Level 1:colcon.colcon_core.package_identification:_identify(Documentation) by extension 'colcon_meta'
[4.739s] Level 1:colcon.colcon_core.package_identification:_identify(Documentation) by extensions ['ros']
[4.739s] Level 1:colcon.colcon_core.package_identification:_identify(Documentation) by extension 'ros'
[4.739s] Level 1:colcon.colcon_core.package_identification:_identify(Documentation) by extensions ['cmake', 'python']
[4.739s] Level 1:colcon.colcon_core.package_identification:_identify(Documentation) by extension 'cmake'
[4.739s] Level 1:colcon.colcon_core.package_identification:_identify(Documentation) by extension 'python'
[4.739s] Level 1:colcon.colcon_core.package_identification:_identify(Documentation) by extensions ['python_setup_py']
[4.739s] Level 1:colcon.colcon_core.package_identification:_identify(Documentation) by extension 'python_setup_py'
[4.740s] Level 1:colcon.colcon_core.package_identification:_identify(build) by extensions ['ignore', 'ignore_ament_install']
[4.740s] Level 1:colcon.colcon_core.package_identification:_identify(build) by extension 'ignore'
[4.740s] Level 1:colcon.colcon_core.package_identification:_identify(build) ignored
[4.740s] Level 1:colcon.colcon_core.package_identification:_identify(install) by extensions ['ignore', 'ignore_ament_install']
[4.740s] Level 1:colcon.colcon_core.package_identification:_identify(install) by extension 'ignore'
[4.740s] Level 1:colcon.colcon_core.package_identification:_identify(install) ignored
[4.741s] Level 1:colcon.colcon_core.package_identification:_identify(log) by extensions ['ignore', 'ignore_ament_install']
[4.741s] Level 1:colcon.colcon_core.package_identification:_identify(log) by extension 'ignore'
[4.741s] Level 1:colcon.colcon_core.package_identification:_identify(log) ignored
[4.741s] Level 1:colcon.colcon_core.package_identification:_identify(src) by extensions ['ignore', 'ignore_ament_install']
[4.741s] Level 1:colcon.colcon_core.package_identification:_identify(src) by extension 'ignore'
[4.741s] Level 1:colcon.colcon_core.package_identification:_identify(src) by extension 'ignore_ament_install'
[4.742s] Level 1:colcon.colcon_core.package_identification:_identify(src) by extensions ['colcon_pkg']
[4.742s] Level 1:colcon.colcon_core.package_identification:_identify(src) by extension 'colcon_pkg'
[4.742s] Level 1:colcon.colcon_core.package_identification:_identify(src) by extensions ['colcon_meta']
[4.742s] Level 1:colcon.colcon_core.package_identification:_identify(src) by extension 'colcon_meta'
[4.742s] Level 1:colcon.colcon_core.package_identification:_identify(src) by extensions ['ros']
[4.742s] Level 1:colcon.colcon_core.package_identification:_identify(src) by extension 'ros'
[4.742s] Level 1:colcon.colcon_core.package_identification:_identify(src) by extensions ['cmake', 'python']
[4.742s] Level 1:colcon.colcon_core.package_identification:_identify(src) by extension 'cmake'
[4.742s] Level 1:colcon.colcon_core.package_identification:_identify(src) by extension 'python'
[4.743s] Level 1:colcon.colcon_core.package_identification:_identify(src) by extensions ['python_setup_py']
[4.743s] Level 1:colcon.colcon_core.package_identification:_identify(src) by extension 'python_setup_py'
[4.743s] Level 1:colcon.colcon_core.package_identification:_identify(src/custom_messages) by extensions ['ignore', 'ignore_ament_install']
[4.743s] Level 1:colcon.colcon_core.package_identification:_identify(src/custom_messages) by extension 'ignore'
[4.743s] Level 1:colcon.colcon_core.package_identification:_identify(src/custom_messages) by extension 'ignore_ament_install'
[4.743s] Level 1:colcon.colcon_core.package_identification:_identify(src/custom_messages) by extensions ['colcon_pkg']
[4.743s] Level 1:colcon.colcon_core.package_identification:_identify(src/custom_messages) by extension 'colcon_pkg'
[4.744s] Level 1:colcon.colcon_core.package_identification:_identify(src/custom_messages) by extensions ['colcon_meta']
[4.744s] Level 1:colcon.colcon_core.package_identification:_identify(src/custom_messages) by extension 'colcon_meta'
[4.744s] Level 1:colcon.colcon_core.package_identification:_identify(src/custom_messages) by extensions ['ros']
[4.744s] Level 1:colcon.colcon_core.package_identification:_identify(src/custom_messages) by extension 'ros'
[4.749s] DEBUG:colcon.colcon_core.package_identification:Package 'src/custom_messages' with type 'ros.ament_cmake' and name 'custom_messages'
[4.750s] Level 1:colcon.colcon_core.package_identification:_identify(src/easy_robot_control) by extensions ['ignore', 'ignore_ament_install']
[4.750s] Level 1:colcon.colcon_core.package_identification:_identify(src/easy_robot_control) by extension 'ignore'
[4.750s] Level 1:colcon.colcon_core.package_identification:_identify(src/easy_robot_control) by extension 'ignore_ament_install'
[4.750s] Level 1:colcon.colcon_core.package_identification:_identify(src/easy_robot_control) by extensions ['colcon_pkg']
[4.750s] Level 1:colcon.colcon_core.package_identification:_identify(src/easy_robot_control) by extension 'colcon_pkg'
[4.750s] Level 1:colcon.colcon_core.package_identification:_identify(src/easy_robot_control) by extensions ['colcon_meta']
[4.750s] Level 1:colcon.colcon_core.package_identification:_identify(src/easy_robot_control) by extension 'colcon_meta'
[4.751s] Level 1:colcon.colcon_core.package_identification:_identify(src/easy_robot_control) by extensions ['ros']
[4.751s] Level 1:colcon.colcon_core.package_identification:_identify(src/easy_robot_control) by extension 'ros'
[4.752s] DEBUG:colcon.colcon_core.package_identification:Package 'src/easy_robot_control' with type 'ros.ament_python' and name 'easy_robot_control'
[4.752s] Level 1:colcon.colcon_core.package_identification:_identify(src/rviz_basic) by extensions ['ignore', 'ignore_ament_install']
[4.752s] Level 1:colcon.colcon_core.package_identification:_identify(src/rviz_basic) by extension 'ignore'
[4.753s] Level 1:colcon.colcon_core.package_identification:_identify(src/rviz_basic) by extension 'ignore_ament_install'
[4.753s] Level 1:colcon.colcon_core.package_identification:_identify(src/rviz_basic) by extensions ['colcon_pkg']
[4.753s] Level 1:colcon.colcon_core.package_identification:_identify(src/rviz_basic) by extension 'colcon_pkg'
[4.753s] Level 1:colcon.colcon_core.package_identification:_identify(src/rviz_basic) by extensions ['colcon_meta']
[4.753s] Level 1:colcon.colcon_core.package_identification:_identify(src/rviz_basic) by extension 'colcon_meta'
[4.753s] Level 1:colcon.colcon_core.package_identification:_identify(src/rviz_basic) by extensions ['ros']
[4.753s] Level 1:colcon.colcon_core.package_identification:_identify(src/rviz_basic) by extension 'ros'
[4.754s] DEBUG:colcon.colcon_core.package_identification:Package 'src/rviz_basic' with type 'ros.ament_python' and name 'rviz_basic'
[4.754s] Level 1:colcon.colcon_core.package_discovery:discover_packages(recursive) using defaults
[4.754s] Level 1:colcon.colcon_core.package_discovery:discover_packages(ignore) discover
[4.755s] Level 1:colcon.colcon_core.package_discovery:discover_packages(ignore) using defaults
[4.755s] Level 1:colcon.colcon_core.package_discovery:discover_packages(path) discover
[4.755s] Level 1:colcon.colcon_core.package_discovery:discover_packages(path) using defaults
[5.044s] INFO:colcon.colcon_core.package_selection:Skipping not selected package 'easy_robot_control' in 'src/easy_robot_control'
[5.044s] INFO:colcon.colcon_core.package_selection:Skipping not selected package 'rviz_basic' in 'src/rviz_basic'
[5.196s] Level 1:colcon.colcon_core.package_discovery:discover_packages(prefix_path) check parameters
[5.196s] Level 1:colcon.colcon_core.package_discovery:discover_packages(prefix_path) discover
[5.272s] WARNING:colcon.colcon_ros.prefix_path.ament:The path '/home/moonbotj40/elian_stuff/moonbot_software/install/rviz_basic' in the environment variable AMENT_PREFIX_PATH doesn't exist
[5.273s] WARNING:colcon.colcon_ros.prefix_path.ament:The path '/home/moonbotj40/elian_stuff/moonbot_software/install/custom_messages' in the environment variable AMENT_PREFIX_PATH doesn't exist
[5.273s] WARNING:colcon.colcon_ros.prefix_path.catkin:The path '/home/moonbotj40/elian_stuff/moonbot_software/install/custom_messages' in the environment variable CMAKE_PREFIX_PATH doesn't exist
[5.350s] DEBUG:colcon.colcon_installed_package_information.package_discovery:Found 1 installed packages in /home/moonbotj40/elian_stuff/moonbot_software/install
[5.426s] DEBUG:colcon.colcon_installed_package_information.package_discovery:Found 257 installed packages in /opt/ros/foxy
[5.429s] Level 1:colcon.colcon_core.package_discovery:discover_packages(prefix_path) using defaults
[5.721s] Level 5:colcon.colcon_core.verb:set package 'custom_messages' build argument 'cmake_args' from command line to 'None'
[5.721s] Level 5:colcon.colcon_core.verb:set package 'custom_messages' build argument 'cmake_target' from command line to 'None'
[5.722s] Level 5:colcon.colcon_core.verb:set package 'custom_messages' build argument 'cmake_target_skip_unavailable' from command line to 'False'
[5.722s] Level 5:colcon.colcon_core.verb:set package 'custom_messages' build argument 'cmake_clean_cache' from command line to 'False'
[5.722s] Level 5:colcon.colcon_core.verb:set package 'custom_messages' build argument 'cmake_clean_first' from command line to 'False'
[5.722s] Level 5:colcon.colcon_core.verb:set package 'custom_messages' build argument 'cmake_force_configure' from command line to 'False'
[5.722s] Level 5:colcon.colcon_core.verb:set package 'custom_messages' build argument 'ament_cmake_args' from command line to 'None'
[5.722s] Level 5:colcon.colcon_core.verb:set package 'custom_messages' build argument 'catkin_cmake_args' from command line to 'None'
[5.722s] Level 5:colcon.colcon_core.verb:set package 'custom_messages' build argument 'catkin_skip_building_tests' from command line to 'False'
[5.722s] DEBUG:colcon.colcon_core.verb:Building package 'custom_messages' with the following arguments: {'ament_cmake_args': None, 'build_base': '/home/moonbotj40/elian_stuff/moonbot_software/build/custom_messages', 'catkin_cmake_args': None, 'catkin_skip_building_tests': False, 'cmake_args': None, 'cmake_clean_cache': False, 'cmake_clean_first': False, 'cmake_force_configure': False, 'cmake_target': None, 'cmake_target_skip_unavailable': False, 'install_base': '/home/moonbotj40/elian_stuff/moonbot_software/install/custom_messages', 'merge_install': False, 'path': '/home/moonbotj40/elian_stuff/moonbot_software/src/custom_messages', 'symlink_install': True, 'test_result_base': None}
[5.798s] INFO:colcon.colcon_core.executor:Executing jobs using 'parallel' executor
[5.875s] DEBUG:colcon.colcon_parallel_executor.executor.parallel:run_until_complete
[5.876s] INFO:colcon.colcon_ros.task.ament_cmake.build:Building ROS package in '/home/moonbotj40/elian_stuff/moonbot_software/src/custom_messages' with build type 'ament_cmake'
[5.876s] INFO:colcon.colcon_cmake.task.cmake.build:Building CMake package in '/home/moonbotj40/elian_stuff/moonbot_software/src/custom_messages'
[5.991s] INFO:colcon.colcon_core.plugin_system:Skipping extension 'colcon_core.shell.bat': Not used on non-Windows systems
[5.992s] INFO:colcon.colcon_core.shell:Skip shell extension 'powershell' for command environment: Not usable outside of PowerShell
[5.992s] DEBUG:colcon.colcon_core.shell:Skip shell extension 'dsv' for command environment
[6.248s] DEBUG:colcon.colcon_core.event_handler.log_command:Invoking command in '/home/moonbotj40/elian_stuff/moonbot_software/build/custom_messages': CMAKE_PREFIX_PATH=${CMAKE_PREFIX_PATH}:/home/moonbotj40/elian_stuff/moonbot_software/install/rviz_basic:/home/moonbotj40/elian_stuff/moonbot_software/install/easy_robot_control:/opt/ros/foxy /usr/bin/cmake /home/moonbotj40/elian_stuff/moonbot_software/src/custom_messages -DAMENT_CMAKE_SYMLINK_INSTALL=1 -DCMAKE_INSTALL_PREFIX=/home/moonbotj40/elian_stuff/moonbot_software/install/custom_messages
[10.261s] DEBUG:colcon.colcon_core.event_handler.log_command:Invoked command in '/home/moonbotj40/elian_stuff/moonbot_software/build/custom_messages' returned '0': CMAKE_PREFIX_PATH=${CMAKE_PREFIX_PATH}:/home/moonbotj40/elian_stuff/moonbot_software/install/rviz_basic:/home/moonbotj40/elian_stuff/moonbot_software/install/easy_robot_control:/opt/ros/foxy /usr/bin/cmake /home/moonbotj40/elian_stuff/moonbot_software/src/custom_messages -DAMENT_CMAKE_SYMLINK_INSTALL=1 -DCMAKE_INSTALL_PREFIX=/home/moonbotj40/elian_stuff/moonbot_software/install/custom_messages
[10.269s] DEBUG:colcon.colcon_core.event_handler.log_command:Invoking command in '/home/moonbotj40/elian_stuff/moonbot_software/build/custom_messages': CMAKE_PREFIX_PATH=${CMAKE_PREFIX_PATH}:/home/moonbotj40/elian_stuff/moonbot_software/install/rviz_basic:/home/moonbotj40/elian_stuff/moonbot_software/install/easy_robot_control:/opt/ros/foxy /usr/bin/cmake --build /home/moonbotj40/elian_stuff/moonbot_software/build/custom_messages -- -j8 -l8
[20.450s] DEBUG:colcon.colcon_core.event_handler.log_command:Invoked command in '/home/moonbotj40/elian_stuff/moonbot_software/build/custom_messages' returned '0': CMAKE_PREFIX_PATH=${CMAKE_PREFIX_PATH}:/home/moonbotj40/elian_stuff/moonbot_software/install/rviz_basic:/home/moonbotj40/elian_stuff/moonbot_software/install/easy_robot_control:/opt/ros/foxy /usr/bin/cmake --build /home/moonbotj40/elian_stuff/moonbot_software/build/custom_messages -- -j8 -l8
[20.670s] DEBUG:colcon.colcon_core.event_handler.log_command:Invoking command in '/home/moonbotj40/elian_stuff/moonbot_software/build/custom_messages': CMAKE_PREFIX_PATH=${CMAKE_PREFIX_PATH}:/home/moonbotj40/elian_stuff/moonbot_software/install/rviz_basic:/home/moonbotj40/elian_stuff/moonbot_software/install/easy_robot_control:/opt/ros/foxy /usr/bin/cmake --install /home/moonbotj40/elian_stuff/moonbot_software/build/custom_messages
[23.131s] Level 1:colcon.colcon_core.environment:create_environment_scripts_only(custom_messages)
[23.133s] DEBUG:colcon.colcon_core.event_handler.log_command:Invoked command in '/home/moonbotj40/elian_stuff/moonbot_software/build/custom_messages' returned '0': CMAKE_PREFIX_PATH=${CMAKE_PREFIX_PATH}:/home/moonbotj40/elian_stuff/moonbot_software/install/rviz_basic:/home/moonbotj40/elian_stuff/moonbot_software/install/easy_robot_control:/opt/ros/foxy /usr/bin/cmake --install /home/moonbotj40/elian_stuff/moonbot_software/build/custom_messages
[23.235s] Level 1:colcon.colcon_core.environment:checking '/home/moonbotj40/elian_stuff/moonbot_software/install/custom_messages' for CMake module files
[23.236s] Level 1:colcon.colcon_core.environment:checking '/home/moonbotj40/elian_stuff/moonbot_software/install/custom_messages' for CMake config files
[23.238s] Level 1:colcon.colcon_core.shell:create_environment_hook('custom_messages', 'cmake_prefix_path')
[23.315s] INFO:colcon.colcon_core.shell:Creating environment hook '/home/moonbotj40/elian_stuff/moonbot_software/install/custom_messages/share/custom_messages/hook/cmake_prefix_path.ps1'
[23.317s] INFO:colcon.colcon_core.shell:Creating environment descriptor '/home/moonbotj40/elian_stuff/moonbot_software/install/custom_messages/share/custom_messages/hook/cmake_prefix_path.dsv'
[23.317s] INFO:colcon.colcon_core.shell:Creating environment hook '/home/moonbotj40/elian_stuff/moonbot_software/install/custom_messages/share/custom_messages/hook/cmake_prefix_path.sh'
[23.319s] Level 1:colcon.colcon_core.environment:checking '/home/moonbotj40/elian_stuff/moonbot_software/install/custom_messages/lib'
[23.320s] Level 1:colcon.colcon_core.shell:create_environment_hook('custom_messages', 'ld_library_path_lib')
[23.397s] INFO:colcon.colcon_core.shell:Creating environment hook '/home/moonbotj40/elian_stuff/moonbot_software/install/custom_messages/share/custom_messages/hook/ld_library_path_lib.ps1'
[23.398s] INFO:colcon.colcon_core.shell:Creating environment descriptor '/home/moonbotj40/elian_stuff/moonbot_software/install/custom_messages/share/custom_messages/hook/ld_library_path_lib.dsv'
[23.399s] INFO:colcon.colcon_core.shell:Creating environment hook '/home/moonbotj40/elian_stuff/moonbot_software/install/custom_messages/share/custom_messages/hook/ld_library_path_lib.sh'
[23.400s] Level 1:colcon.colcon_core.environment:checking '/home/moonbotj40/elian_stuff/moonbot_software/install/custom_messages/bin'
[23.400s] Level 1:colcon.colcon_core.environment:checking '/home/moonbotj40/elian_stuff/moonbot_software/install/custom_messages/lib/pkgconfig/custom_messages.pc'
[23.401s] Level 1:colcon.colcon_core.environment:checking '/home/moonbotj40/elian_stuff/moonbot_software/install/custom_messages/lib/python3.8/site-packages'
[23.401s] Level 1:colcon.colcon_core.shell:create_environment_hook('custom_messages', 'pythonpath')
[23.478s] INFO:colcon.colcon_core.shell:Creating environment hook '/home/moonbotj40/elian_stuff/moonbot_software/install/custom_messages/share/custom_messages/hook/pythonpath.ps1'
[23.479s] INFO:colcon.colcon_core.shell:Creating environment descriptor '/home/moonbotj40/elian_stuff/moonbot_software/install/custom_messages/share/custom_messages/hook/pythonpath.dsv'
[23.480s] INFO:colcon.colcon_core.shell:Creating environment hook '/home/moonbotj40/elian_stuff/moonbot_software/install/custom_messages/share/custom_messages/hook/pythonpath.sh'
[23.481s] Level 1:colcon.colcon_core.environment:checking '/home/moonbotj40/elian_stuff/moonbot_software/install/custom_messages/bin'
[23.557s] INFO:colcon.colcon_core.shell:Creating package script '/home/moonbotj40/elian_stuff/moonbot_software/install/custom_messages/share/custom_messages/package.ps1'
[23.559s] INFO:colcon.colcon_core.shell:Creating package descriptor '/home/moonbotj40/elian_stuff/moonbot_software/install/custom_messages/share/custom_messages/package.dsv'
[23.560s] INFO:colcon.colcon_core.shell:Creating package script '/home/moonbotj40/elian_stuff/moonbot_software/install/custom_messages/share/custom_messages/package.sh'
[23.562s] INFO:colcon.colcon_core.shell:Creating package script '/home/moonbotj40/elian_stuff/moonbot_software/install/custom_messages/share/custom_messages/package.bash'
[23.563s] INFO:colcon.colcon_core.shell:Creating package script '/home/moonbotj40/elian_stuff/moonbot_software/install/custom_messages/share/custom_messages/package.zsh'
[23.564s] Level 1:colcon.colcon_core.environment:create_file_with_runtime_dependencies(/home/moonbotj40/elian_stuff/moonbot_software/install/custom_messages/share/colcon-core/packages/custom_messages)
[23.835s] Level 1:colcon.colcon_core.environment:create_environment_scripts_only(custom_messages)
[23.912s] Level 1:colcon.colcon_core.environment:checking '/home/moonbotj40/elian_stuff/moonbot_software/install/custom_messages' for CMake module files
[23.914s] Level 1:colcon.colcon_core.environment:checking '/home/moonbotj40/elian_stuff/moonbot_software/install/custom_messages' for CMake config files
[23.915s] Level 1:colcon.colcon_core.shell:create_environment_hook('custom_messages', 'cmake_prefix_path')
[23.989s] INFO:colcon.colcon_core.shell:Creating environment hook '/home/moonbotj40/elian_stuff/moonbot_software/install/custom_messages/share/custom_messages/hook/cmake_prefix_path.ps1'
[23.991s] INFO:colcon.colcon_core.shell:Creating environment descriptor '/home/moonbotj40/elian_stuff/moonbot_software/install/custom_messages/share/custom_messages/hook/cmake_prefix_path.dsv'
[23.992s] INFO:colcon.colcon_core.shell:Creating environment hook '/home/moonbotj40/elian_stuff/moonbot_software/install/custom_messages/share/custom_messages/hook/cmake_prefix_path.sh'
[23.993s] Level 1:colcon.colcon_core.environment:checking '/home/moonbotj40/elian_stuff/moonbot_software/install/custom_messages/lib'
[23.993s] Level 1:colcon.colcon_core.shell:create_environment_hook('custom_messages', 'ld_library_path_lib')
[24.068s] INFO:colcon.colcon_core.shell:Creating environment hook '/home/moonbotj40/elian_stuff/moonbot_software/install/custom_messages/share/custom_messages/hook/ld_library_path_lib.ps1'
[24.069s] INFO:colcon.colcon_core.shell:Creating environment descriptor '/home/moonbotj40/elian_stuff/moonbot_software/install/custom_messages/share/custom_messages/hook/ld_library_path_lib.dsv'
[24.070s] INFO:colcon.colcon_core.shell:Creating environment hook '/home/moonbotj40/elian_stuff/moonbot_software/install/custom_messages/share/custom_messages/hook/ld_library_path_lib.sh'
[24.071s] Level 1:colcon.colcon_core.environment:checking '/home/moonbotj40/elian_stuff/moonbot_software/install/custom_messages/bin'
[24.071s] Level 1:colcon.colcon_core.environment:checking '/home/moonbotj40/elian_stuff/moonbot_software/install/custom_messages/lib/pkgconfig/custom_messages.pc'
[24.071s] Level 1:colcon.colcon_core.environment:checking '/home/moonbotj40/elian_stuff/moonbot_software/install/custom_messages/lib/python3.8/site-packages'
[24.071s] Level 1:colcon.colcon_core.shell:create_environment_hook('custom_messages', 'pythonpath')
[24.146s] INFO:colcon.colcon_core.shell:Creating environment hook '/home/moonbotj40/elian_stuff/moonbot_software/install/custom_messages/share/custom_messages/hook/pythonpath.ps1'
[24.147s] INFO:colcon.colcon_core.shell:Creating environment descriptor '/home/moonbotj40/elian_stuff/moonbot_software/install/custom_messages/share/custom_messages/hook/pythonpath.dsv'
[24.148s] INFO:colcon.colcon_core.shell:Creating environment hook '/home/moonbotj40/elian_stuff/moonbot_software/install/custom_messages/share/custom_messages/hook/pythonpath.sh'
[24.149s] Level 1:colcon.colcon_core.environment:checking '/home/moonbotj40/elian_stuff/moonbot_software/install/custom_messages/bin'
[24.224s] INFO:colcon.colcon_core.shell:Creating package script '/home/moonbotj40/elian_stuff/moonbot_software/install/custom_messages/share/custom_messages/package.ps1'
[24.226s] INFO:colcon.colcon_core.shell:Creating package descriptor '/home/moonbotj40/elian_stuff/moonbot_software/install/custom_messages/share/custom_messages/package.dsv'
[24.227s] INFO:colcon.colcon_core.shell:Creating package script '/home/moonbotj40/elian_stuff/moonbot_software/install/custom_messages/share/custom_messages/package.sh'
[24.228s] INFO:colcon.colcon_core.shell:Creating package script '/home/moonbotj40/elian_stuff/moonbot_software/install/custom_messages/share/custom_messages/package.bash'
[24.229s] INFO:colcon.colcon_core.shell:Creating package script '/home/moonbotj40/elian_stuff/moonbot_software/install/custom_messages/share/custom_messages/package.zsh'
[24.229s] Level 1:colcon.colcon_core.environment:create_file_with_runtime_dependencies(/home/moonbotj40/elian_stuff/moonbot_software/install/custom_messages/share/colcon-core/packages/custom_messages)
[24.230s] DEBUG:colcon.colcon_parallel_executor.executor.parallel:closing loop
[24.231s] DEBUG:colcon.colcon_parallel_executor.executor.parallel:loop closed
[24.231s] DEBUG:colcon.colcon_parallel_executor.executor.parallel:run_until_complete finished with '0'
[24.232s] DEBUG:colcon.colcon_core.event_reactor:joining thread
[24.320s] INFO:colcon.colcon_core.plugin_system:Skipping extension 'colcon_notification.desktop_notification.terminal_notifier': Not used on non-Darwin systems
[24.320s] INFO:colcon.colcon_core.plugin_system:Skipping extension 'colcon_notification.desktop_notification.win32': Not used on non-Windows systems
[24.320s] INFO:colcon.colcon_notification.desktop_notification:Sending desktop notification using 'notify2'
[24.360s] DEBUG:colcon.colcon_core.event_reactor:joined thread
[24.440s] INFO:colcon.colcon_core.shell:Creating prefix script '/home/moonbotj40/elian_stuff/moonbot_software/install/local_setup.ps1'
[24.442s] INFO:colcon.colcon_core.shell:Creating prefix util module '/home/moonbotj40/elian_stuff/moonbot_software/install/_local_setup_util_ps1.py'
[24.445s] INFO:colcon.colcon_core.shell:Creating prefix chain script '/home/moonbotj40/elian_stuff/moonbot_software/install/setup.ps1'
[24.524s] INFO:colcon.colcon_core.shell:Creating prefix script '/home/moonbotj40/elian_stuff/moonbot_software/install/local_setup.sh'
[24.525s] INFO:colcon.colcon_core.shell:Creating prefix util module '/home/moonbotj40/elian_stuff/moonbot_software/install/_local_setup_util_sh.py'
[24.526s] INFO:colcon.colcon_core.shell:Creating prefix chain script '/home/moonbotj40/elian_stuff/moonbot_software/install/setup.sh'
[24.604s] INFO:colcon.colcon_core.shell:Creating prefix script '/home/moonbotj40/elian_stuff/moonbot_software/install/local_setup.bash'
[24.606s] INFO:colcon.colcon_core.shell:Creating prefix chain script '/home/moonbotj40/elian_stuff/moonbot_software/install/setup.bash'
[24.685s] INFO:colcon.colcon_core.shell:Creating prefix script '/home/moonbotj40/elian_stuff/moonbot_software/install/local_setup.zsh'
[24.686s] INFO:colcon.colcon_core.shell:Creating prefix chain script '/home/moonbotj40/elian_stuff/moonbot_software/install/setup.zsh'
