[4.451s] DEBUG:colcon:Command line arguments: ['/usr/bin/colcon', 'build', '--symlink-install', '--packages-select', 'easy_robot_control']
[4.452s] DEBUG:colcon:Parsed command line arguments: Namespace(allow_overriding=[], ament_cmake_args=None, base_paths=['.'], build_base='build', catkin_cmake_args=None, catkin_skip_building_tests=False, cmake_args=None, cmake_clean_cache=False, cmake_clean_first=False, cmake_force_configure=False, cmake_target=None, cmake_target_skip_unavailable=False, continue_on_error=False, event_handlers=None, executor='parallel', ignore_user_meta=False, install_base='install', log_base=None, log_level=None, main=<bound method BuildVerb.main of <colcon_core.verb.build.BuildVerb object at 0xfffface37ca0>>, merge_install=False, metas=['./colcon.meta'], packages_above=None, packages_above_and_dependencies=None, packages_above_depth=None, packages_end=None, packages_ignore=None, packages_ignore_regex=None, packages_select=['easy_robot_control'], packages_select_build_failed=False, packages_select_by_dep=None, packages_select_regex=None, packages_select_test_failures=False, packages_skip=None, packages_skip_build_finished=False, packages_skip_by_dep=None, packages_skip_regex=None, packages_skip_test_passed=False, packages_skip_up_to=None, packages_start=None, packages_up_to=None, packages_up_to_regex=None, parallel_workers=8, paths=None, symlink_install=True, test_result_base=None, verb_extension=<colcon_core.verb.build.BuildVerb object at 0xfffface37ca0>, verb_name='build', verb_parser=<colcon_defaults.argument_parser.defaults.DefaultArgumentsDecorator object at 0xffffacda93a0>)
[4.648s] Level 1:colcon.colcon_core.package_discovery:discover_packages(colcon_meta) check parameters
[4.648s] Level 1:colcon.colcon_core.package_discovery:discover_packages(recursive) check parameters
[4.648s] Level 1:colcon.colcon_core.package_discovery:discover_packages(ignore) check parameters
[4.648s] Level 1:colcon.colcon_core.package_discovery:discover_packages(path) check parameters
[4.648s] Level 1:colcon.colcon_core.package_discovery:discover_packages(colcon_meta) discover
[4.648s] Level 1:colcon.colcon_core.package_discovery:discover_packages(recursive) discover
[4.649s] INFO:colcon.colcon_core.package_discovery:Crawling recursively for packages in '/home/moonbotj40/elian_stuff/moonbot_software'
[4.649s] Level 1:colcon.colcon_core.package_identification:_identify(.) by extensions ['ignore', 'ignore_ament_install']
[4.649s] Level 1:colcon.colcon_core.package_identification:_identify(.) by extension 'ignore'
[4.649s] Level 1:colcon.colcon_core.package_identification:_identify(.) by extension 'ignore_ament_install'
[4.649s] Level 1:colcon.colcon_core.package_identification:_identify(.) by extensions ['colcon_pkg']
[4.649s] Level 1:colcon.colcon_core.package_identification:_identify(.) by extension 'colcon_pkg'
[4.649s] Level 1:colcon.colcon_core.package_identification:_identify(.) by extensions ['colcon_meta']
[4.650s] Level 1:colcon.colcon_core.package_identification:_identify(.) by extension 'colcon_meta'
[4.650s] Level 1:colcon.colcon_core.package_identification:_identify(.) by extensions ['ros']
[4.650s] Level 1:colcon.colcon_core.package_identification:_identify(.) by extension 'ros'
[4.673s] Level 1:colcon.colcon_core.package_identification:_identify(.) by extensions ['cmake', 'python']
[4.673s] Level 1:colcon.colcon_core.package_identification:_identify(.) by extension 'cmake'
[4.673s] Level 1:colcon.colcon_core.package_identification:_identify(.) by extension 'python'
[4.673s] Level 1:colcon.colcon_core.package_identification:_identify(.) by extensions ['python_setup_py']
[4.673s] Level 1:colcon.colcon_core.package_identification:_identify(.) by extension 'python_setup_py'
[4.673s] Level 1:colcon.colcon_core.package_identification:_identify(Documentation) by extensions ['ignore', 'ignore_ament_install']
[4.674s] Level 1:colcon.colcon_core.package_identification:_identify(Documentation) by extension 'ignore'
[4.674s] Level 1:colcon.colcon_core.package_identification:_identify(Documentation) by extension 'ignore_ament_install'
[4.674s] Level 1:colcon.colcon_core.package_identification:_identify(Documentation) by extensions ['colcon_pkg']
[4.674s] Level 1:colcon.colcon_core.package_identification:_identify(Documentation) by extension 'colcon_pkg'
[4.674s] Level 1:colcon.colcon_core.package_identification:_identify(Documentation) by extensions ['colcon_meta']
[4.674s] Level 1:colcon.colcon_core.package_identification:_identify(Documentation) by extension 'colcon_meta'
[4.674s] Level 1:colcon.colcon_core.package_identification:_identify(Documentation) by extensions ['ros']
[4.675s] Level 1:colcon.colcon_core.package_identification:_identify(Documentation) by extension 'ros'
[4.675s] Level 1:colcon.colcon_core.package_identification:_identify(Documentation) by extensions ['cmake', 'python']
[4.675s] Level 1:colcon.colcon_core.package_identification:_identify(Documentation) by extension 'cmake'
[4.675s] Level 1:colcon.colcon_core.package_identification:_identify(Documentation) by extension 'python'
[4.675s] Level 1:colcon.colcon_core.package_identification:_identify(Documentation) by extensions ['python_setup_py']
[4.675s] Level 1:colcon.colcon_core.package_identification:_identify(Documentation) by extension 'python_setup_py'
[4.675s] Level 1:colcon.colcon_core.package_identification:_identify(build) by extensions ['ignore', 'ignore_ament_install']
[4.676s] Level 1:colcon.colcon_core.package_identification:_identify(build) by extension 'ignore'
[4.676s] Level 1:colcon.colcon_core.package_identification:_identify(build) ignored
[4.676s] Level 1:colcon.colcon_core.package_identification:_identify(install) by extensions ['ignore', 'ignore_ament_install']
[4.676s] Level 1:colcon.colcon_core.package_identification:_identify(install) by extension 'ignore'
[4.676s] Level 1:colcon.colcon_core.package_identification:_identify(install) ignored
[4.677s] Level 1:colcon.colcon_core.package_identification:_identify(log) by extensions ['ignore', 'ignore_ament_install']
[4.677s] Level 1:colcon.colcon_core.package_identification:_identify(log) by extension 'ignore'
[4.677s] Level 1:colcon.colcon_core.package_identification:_identify(log) ignored
[4.677s] Level 1:colcon.colcon_core.package_identification:_identify(src) by extensions ['ignore', 'ignore_ament_install']
[4.677s] Level 1:colcon.colcon_core.package_identification:_identify(src) by extension 'ignore'
[4.677s] Level 1:colcon.colcon_core.package_identification:_identify(src) by extension 'ignore_ament_install'
[4.678s] Level 1:colcon.colcon_core.package_identification:_identify(src) by extensions ['colcon_pkg']
[4.678s] Level 1:colcon.colcon_core.package_identification:_identify(src) by extension 'colcon_pkg'
[4.678s] Level 1:colcon.colcon_core.package_identification:_identify(src) by extensions ['colcon_meta']
[4.678s] Level 1:colcon.colcon_core.package_identification:_identify(src) by extension 'colcon_meta'
[4.678s] Level 1:colcon.colcon_core.package_identification:_identify(src) by extensions ['ros']
[4.678s] Level 1:colcon.colcon_core.package_identification:_identify(src) by extension 'ros'
[4.678s] Level 1:colcon.colcon_core.package_identification:_identify(src) by extensions ['cmake', 'python']
[4.678s] Level 1:colcon.colcon_core.package_identification:_identify(src) by extension 'cmake'
[4.678s] Level 1:colcon.colcon_core.package_identification:_identify(src) by extension 'python'
[4.678s] Level 1:colcon.colcon_core.package_identification:_identify(src) by extensions ['python_setup_py']
[4.679s] Level 1:colcon.colcon_core.package_identification:_identify(src) by extension 'python_setup_py'
[4.679s] Level 1:colcon.colcon_core.package_identification:_identify(src/custom_messages) by extensions ['ignore', 'ignore_ament_install']
[4.679s] Level 1:colcon.colcon_core.package_identification:_identify(src/custom_messages) by extension 'ignore'
[4.679s] Level 1:colcon.colcon_core.package_identification:_identify(src/custom_messages) by extension 'ignore_ament_install'
[4.679s] Level 1:colcon.colcon_core.package_identification:_identify(src/custom_messages) by extensions ['colcon_pkg']
[4.679s] Level 1:colcon.colcon_core.package_identification:_identify(src/custom_messages) by extension 'colcon_pkg'
[4.679s] Level 1:colcon.colcon_core.package_identification:_identify(src/custom_messages) by extensions ['colcon_meta']
[4.679s] Level 1:colcon.colcon_core.package_identification:_identify(src/custom_messages) by extension 'colcon_meta'
[4.680s] Level 1:colcon.colcon_core.package_identification:_identify(src/custom_messages) by extensions ['ros']
[4.680s] Level 1:colcon.colcon_core.package_identification:_identify(src/custom_messages) by extension 'ros'
[4.685s] DEBUG:colcon.colcon_core.package_identification:Package 'src/custom_messages' with type 'ros.ament_cmake' and name 'custom_messages'
[4.685s] Level 1:colcon.colcon_core.package_identification:_identify(src/easy_robot_control) by extensions ['ignore', 'ignore_ament_install']
[4.685s] Level 1:colcon.colcon_core.package_identification:_identify(src/easy_robot_control) by extension 'ignore'
[4.686s] Level 1:colcon.colcon_core.package_identification:_identify(src/easy_robot_control) by extension 'ignore_ament_install'
[4.686s] Level 1:colcon.colcon_core.package_identification:_identify(src/easy_robot_control) by extensions ['colcon_pkg']
[4.686s] Level 1:colcon.colcon_core.package_identification:_identify(src/easy_robot_control) by extension 'colcon_pkg'
[4.686s] Level 1:colcon.colcon_core.package_identification:_identify(src/easy_robot_control) by extensions ['colcon_meta']
[4.686s] Level 1:colcon.colcon_core.package_identification:_identify(src/easy_robot_control) by extension 'colcon_meta'
[4.686s] Level 1:colcon.colcon_core.package_identification:_identify(src/easy_robot_control) by extensions ['ros']
[4.686s] Level 1:colcon.colcon_core.package_identification:_identify(src/easy_robot_control) by extension 'ros'
[4.687s] DEBUG:colcon.colcon_core.package_identification:Package 'src/easy_robot_control' with type 'ros.ament_python' and name 'easy_robot_control'
[4.688s] Level 1:colcon.colcon_core.package_identification:_identify(src/rviz_basic) by extensions ['ignore', 'ignore_ament_install']
[4.688s] Level 1:colcon.colcon_core.package_identification:_identify(src/rviz_basic) by extension 'ignore'
[4.688s] Level 1:colcon.colcon_core.package_identification:_identify(src/rviz_basic) by extension 'ignore_ament_install'
[4.688s] Level 1:colcon.colcon_core.package_identification:_identify(src/rviz_basic) by extensions ['colcon_pkg']
[4.688s] Level 1:colcon.colcon_core.package_identification:_identify(src/rviz_basic) by extension 'colcon_pkg'
[4.688s] Level 1:colcon.colcon_core.package_identification:_identify(src/rviz_basic) by extensions ['colcon_meta']
[4.688s] Level 1:colcon.colcon_core.package_identification:_identify(src/rviz_basic) by extension 'colcon_meta'
[4.688s] Level 1:colcon.colcon_core.package_identification:_identify(src/rviz_basic) by extensions ['ros']
[4.689s] Level 1:colcon.colcon_core.package_identification:_identify(src/rviz_basic) by extension 'ros'
[4.689s] DEBUG:colcon.colcon_core.package_identification:Package 'src/rviz_basic' with type 'ros.ament_python' and name 'rviz_basic'
[4.690s] Level 1:colcon.colcon_core.package_discovery:discover_packages(recursive) using defaults
[4.690s] Level 1:colcon.colcon_core.package_discovery:discover_packages(ignore) discover
[4.690s] Level 1:colcon.colcon_core.package_discovery:discover_packages(ignore) using defaults
[4.690s] Level 1:colcon.colcon_core.package_discovery:discover_packages(path) discover
[4.690s] Level 1:colcon.colcon_core.package_discovery:discover_packages(path) using defaults
[4.973s] INFO:colcon.colcon_core.package_selection:Skipping not selected package 'custom_messages' in 'src/custom_messages'
[4.974s] INFO:colcon.colcon_core.package_selection:Skipping not selected package 'rviz_basic' in 'src/rviz_basic'
[5.122s] Level 1:colcon.colcon_core.package_discovery:discover_packages(prefix_path) check parameters
[5.122s] Level 1:colcon.colcon_core.package_discovery:discover_packages(prefix_path) discover
[5.273s] DEBUG:colcon.colcon_installed_package_information.package_discovery:Found 3 installed packages in /home/moonbotj40/elian_stuff/moonbot_software/install
[5.350s] DEBUG:colcon.colcon_installed_package_information.package_discovery:Found 257 installed packages in /opt/ros/foxy
[5.353s] Level 1:colcon.colcon_core.package_discovery:discover_packages(prefix_path) using defaults
[5.636s] Level 5:colcon.colcon_core.verb:set package 'easy_robot_control' build argument 'cmake_args' from command line to 'None'
[5.636s] Level 5:colcon.colcon_core.verb:set package 'easy_robot_control' build argument 'cmake_target' from command line to 'None'
[5.636s] Level 5:colcon.colcon_core.verb:set package 'easy_robot_control' build argument 'cmake_target_skip_unavailable' from command line to 'False'
[5.637s] Level 5:colcon.colcon_core.verb:set package 'easy_robot_control' build argument 'cmake_clean_cache' from command line to 'False'
[5.637s] Level 5:colcon.colcon_core.verb:set package 'easy_robot_control' build argument 'cmake_clean_first' from command line to 'False'
[5.637s] Level 5:colcon.colcon_core.verb:set package 'easy_robot_control' build argument 'cmake_force_configure' from command line to 'False'
[5.637s] Level 5:colcon.colcon_core.verb:set package 'easy_robot_control' build argument 'ament_cmake_args' from command line to 'None'
[5.637s] Level 5:colcon.colcon_core.verb:set package 'easy_robot_control' build argument 'catkin_cmake_args' from command line to 'None'
[5.637s] Level 5:colcon.colcon_core.verb:set package 'easy_robot_control' build argument 'catkin_skip_building_tests' from command line to 'False'
[5.637s] DEBUG:colcon.colcon_core.verb:Building package 'easy_robot_control' with the following arguments: {'ament_cmake_args': None, 'build_base': '/home/moonbotj40/elian_stuff/moonbot_software/build/easy_robot_control', 'catkin_cmake_args': None, 'catkin_skip_building_tests': False, 'cmake_args': None, 'cmake_clean_cache': False, 'cmake_clean_first': False, 'cmake_force_configure': False, 'cmake_target': None, 'cmake_target_skip_unavailable': False, 'install_base': '/home/moonbotj40/elian_stuff/moonbot_software/install/easy_robot_control', 'merge_install': False, 'path': '/home/moonbotj40/elian_stuff/moonbot_software/src/easy_robot_control', 'symlink_install': True, 'test_result_base': None}
[5.711s] INFO:colcon.colcon_core.executor:Executing jobs using 'parallel' executor
[5.788s] DEBUG:colcon.colcon_parallel_executor.executor.parallel:run_until_complete
[5.789s] INFO:colcon.colcon_ros.task.ament_python.build:Building ROS package in '/home/moonbotj40/elian_stuff/moonbot_software/src/easy_robot_control' with build type 'ament_python'
[5.789s] Level 1:colcon.colcon_core.shell:create_environment_hook('easy_robot_control', 'ament_prefix_path')
[5.901s] INFO:colcon.colcon_core.plugin_system:Skipping extension 'colcon_core.shell.bat': Not used on non-Windows systems
[5.902s] INFO:colcon.colcon_core.shell:Creating environment hook '/home/moonbotj40/elian_stuff/moonbot_software/install/easy_robot_control/share/easy_robot_control/hook/ament_prefix_path.ps1'
[5.903s] INFO:colcon.colcon_core.shell:Creating environment descriptor '/home/moonbotj40/elian_stuff/moonbot_software/install/easy_robot_control/share/easy_robot_control/hook/ament_prefix_path.dsv'
[5.904s] INFO:colcon.colcon_core.shell:Creating environment hook '/home/moonbotj40/elian_stuff/moonbot_software/install/easy_robot_control/share/easy_robot_control/hook/ament_prefix_path.sh'
[5.982s] INFO:colcon.colcon_core.shell:Skip shell extension 'powershell' for command environment: Not usable outside of PowerShell
[5.982s] DEBUG:colcon.colcon_core.shell:Skip shell extension 'dsv' for command environment
[6.693s] INFO:colcon.colcon_core.task.python.build:Building Python package in '/home/moonbotj40/elian_stuff/moonbot_software/src/easy_robot_control'
[6.772s] INFO:colcon.colcon_core.shell:Skip shell extension 'powershell' for command environment: Not usable outside of PowerShell
[6.772s] DEBUG:colcon.colcon_core.shell:Skip shell extension 'dsv' for command environment
[7.810s] DEBUG:colcon.colcon_core.event_handler.log_command:Invoking command in '/home/moonbotj40/elian_stuff/moonbot_software/build/easy_robot_control': PYTHONPATH=/home/moonbotj40/elian_stuff/moonbot_software/build/easy_robot_control/prefix_override:/home/moonbotj40/elian_stuff/moonbot_software/install/easy_robot_control/lib/python3.8/site-packages:${PYTHONPATH} /usr/bin/python3 setup.py develop --editable --build-directory /home/moonbotj40/elian_stuff/moonbot_software/build/easy_robot_control/build --no-deps install_data
[8.788s] Level 1:colcon.colcon_core.shell:create_environment_hook('easy_robot_control', 'pythonpath_develop')
[8.789s] DEBUG:colcon.colcon_core.event_handler.log_command:Invoked command in '/home/moonbotj40/elian_stuff/moonbot_software/build/easy_robot_control' returned '0': PYTHONPATH=/home/moonbotj40/elian_stuff/moonbot_software/build/easy_robot_control/prefix_override:/home/moonbotj40/elian_stuff/moonbot_software/install/easy_robot_control/lib/python3.8/site-packages:${PYTHONPATH} /usr/bin/python3 setup.py develop --editable --build-directory /home/moonbotj40/elian_stuff/moonbot_software/build/easy_robot_control/build --no-deps install_data
[8.886s] INFO:colcon.colcon_core.shell:Creating environment hook '/home/moonbotj40/elian_stuff/moonbot_software/build/easy_robot_control/share/easy_robot_control/hook/pythonpath_develop.ps1'
[8.888s] INFO:colcon.colcon_core.shell:Creating environment descriptor '/home/moonbotj40/elian_stuff/moonbot_software/build/easy_robot_control/share/easy_robot_control/hook/pythonpath_develop.dsv'
[8.888s] INFO:colcon.colcon_core.shell:Creating environment hook '/home/moonbotj40/elian_stuff/moonbot_software/build/easy_robot_control/share/easy_robot_control/hook/pythonpath_develop.sh'
[8.971s] Level 1:colcon.colcon_core.environment:checking '/home/moonbotj40/elian_stuff/moonbot_software/install/easy_robot_control' for CMake module files
[8.972s] Level 1:colcon.colcon_core.environment:checking '/home/moonbotj40/elian_stuff/moonbot_software/install/easy_robot_control' for CMake config files
[8.974s] Level 1:colcon.colcon_core.environment:checking '/home/moonbotj40/elian_stuff/moonbot_software/install/easy_robot_control/lib'
[8.974s] Level 1:colcon.colcon_core.environment:checking '/home/moonbotj40/elian_stuff/moonbot_software/install/easy_robot_control/bin'
[8.974s] Level 1:colcon.colcon_core.environment:checking '/home/moonbotj40/elian_stuff/moonbot_software/install/easy_robot_control/lib/pkgconfig/easy_robot_control.pc'
[8.975s] Level 1:colcon.colcon_core.environment:checking '/home/moonbotj40/elian_stuff/moonbot_software/install/easy_robot_control/lib/python3.8/site-packages'
[8.975s] Level 1:colcon.colcon_core.shell:create_environment_hook('easy_robot_control', 'pythonpath')
[9.052s] INFO:colcon.colcon_core.shell:Creating environment hook '/home/moonbotj40/elian_stuff/moonbot_software/install/easy_robot_control/share/easy_robot_control/hook/pythonpath.ps1'
[9.053s] INFO:colcon.colcon_core.shell:Creating environment descriptor '/home/moonbotj40/elian_stuff/moonbot_software/install/easy_robot_control/share/easy_robot_control/hook/pythonpath.dsv'
[9.054s] INFO:colcon.colcon_core.shell:Creating environment hook '/home/moonbotj40/elian_stuff/moonbot_software/install/easy_robot_control/share/easy_robot_control/hook/pythonpath.sh'
[9.055s] Level 1:colcon.colcon_core.environment:checking '/home/moonbotj40/elian_stuff/moonbot_software/install/easy_robot_control/bin'
[9.055s] Level 1:colcon.colcon_core.environment:create_environment_scripts_only(easy_robot_control)
[9.133s] INFO:colcon.colcon_core.shell:Creating package script '/home/moonbotj40/elian_stuff/moonbot_software/install/easy_robot_control/share/easy_robot_control/package.ps1'
[9.135s] INFO:colcon.colcon_core.shell:Creating package descriptor '/home/moonbotj40/elian_stuff/moonbot_software/install/easy_robot_control/share/easy_robot_control/package.dsv'
[9.136s] INFO:colcon.colcon_core.shell:Creating package script '/home/moonbotj40/elian_stuff/moonbot_software/install/easy_robot_control/share/easy_robot_control/package.sh'
[9.138s] INFO:colcon.colcon_core.shell:Creating package script '/home/moonbotj40/elian_stuff/moonbot_software/install/easy_robot_control/share/easy_robot_control/package.bash'
[9.139s] INFO:colcon.colcon_core.shell:Creating package script '/home/moonbotj40/elian_stuff/moonbot_software/install/easy_robot_control/share/easy_robot_control/package.zsh'
[9.140s] Level 1:colcon.colcon_core.environment:create_file_with_runtime_dependencies(/home/moonbotj40/elian_stuff/moonbot_software/install/easy_robot_control/share/colcon-core/packages/easy_robot_control)
[9.141s] DEBUG:colcon.colcon_parallel_executor.executor.parallel:closing loop
[9.142s] DEBUG:colcon.colcon_parallel_executor.executor.parallel:loop closed
[9.142s] DEBUG:colcon.colcon_parallel_executor.executor.parallel:run_until_complete finished with '0'
[9.143s] DEBUG:colcon.colcon_core.event_reactor:joining thread
[9.242s] INFO:colcon.colcon_core.plugin_system:Skipping extension 'colcon_notification.desktop_notification.terminal_notifier': Not used on non-Darwin systems
[9.242s] INFO:colcon.colcon_core.plugin_system:Skipping extension 'colcon_notification.desktop_notification.win32': Not used on non-Windows systems
[9.243s] INFO:colcon.colcon_notification.desktop_notification:Sending desktop notification using 'notify2'
[9.278s] DEBUG:colcon.colcon_core.event_reactor:joined thread
[9.355s] INFO:colcon.colcon_core.shell:Creating prefix script '/home/moonbotj40/elian_stuff/moonbot_software/install/local_setup.ps1'
[9.358s] INFO:colcon.colcon_core.shell:Creating prefix util module '/home/moonbotj40/elian_stuff/moonbot_software/install/_local_setup_util_ps1.py'
[9.360s] INFO:colcon.colcon_core.shell:Creating prefix chain script '/home/moonbotj40/elian_stuff/moonbot_software/install/setup.ps1'
[9.438s] INFO:colcon.colcon_core.shell:Creating prefix script '/home/moonbotj40/elian_stuff/moonbot_software/install/local_setup.sh'
[9.440s] INFO:colcon.colcon_core.shell:Creating prefix util module '/home/moonbotj40/elian_stuff/moonbot_software/install/_local_setup_util_sh.py'
[9.441s] INFO:colcon.colcon_core.shell:Creating prefix chain script '/home/moonbotj40/elian_stuff/moonbot_software/install/setup.sh'
[9.518s] INFO:colcon.colcon_core.shell:Creating prefix script '/home/moonbotj40/elian_stuff/moonbot_software/install/local_setup.bash'
[9.520s] INFO:colcon.colcon_core.shell:Creating prefix chain script '/home/moonbotj40/elian_stuff/moonbot_software/install/setup.bash'
[9.597s] INFO:colcon.colcon_core.shell:Creating prefix script '/home/moonbotj40/elian_stuff/moonbot_software/install/local_setup.zsh'
[9.599s] INFO:colcon.colcon_core.shell:Creating prefix chain script '/home/moonbotj40/elian_stuff/moonbot_software/install/setup.zsh'
