[4.361s] DEBUG:colcon:Command line arguments: ['/usr/bin/colcon', 'build', '--symlink-install', '--packages-select', 'easy_robot_control']
[4.362s] DEBUG:colcon:Parsed command line arguments: Namespace(allow_overriding=[], ament_cmake_args=None, base_paths=['.'], build_base='build', catkin_cmake_args=None, catkin_skip_building_tests=False, cmake_args=None, cmake_clean_cache=False, cmake_clean_first=False, cmake_force_configure=False, cmake_target=None, cmake_target_skip_unavailable=False, continue_on_error=False, event_handlers=None, executor='parallel', ignore_user_meta=False, install_base='install', log_base=None, log_level=None, main=<bound method BuildVerb.main of <colcon_core.verb.build.BuildVerb object at 0xffff9c331d60>>, merge_install=False, metas=['./colcon.meta'], packages_above=None, packages_above_and_dependencies=None, packages_above_depth=None, packages_end=None, packages_ignore=None, packages_ignore_regex=None, packages_select=['easy_robot_control'], packages_select_build_failed=False, packages_select_by_dep=None, packages_select_regex=None, packages_select_test_failures=False, packages_skip=None, packages_skip_build_finished=False, packages_skip_by_dep=None, packages_skip_regex=None, packages_skip_test_passed=False, packages_skip_up_to=None, packages_start=None, packages_up_to=None, packages_up_to_regex=None, parallel_workers=8, paths=None, symlink_install=True, test_result_base=None, verb_extension=<colcon_core.verb.build.BuildVerb object at 0xffff9c331d60>, verb_name='build', verb_parser=<colcon_defaults.argument_parser.defaults.DefaultArgumentsDecorator object at 0xffff9c2eea30>)
[4.552s] Level 1:colcon.colcon_core.package_discovery:discover_packages(colcon_meta) check parameters
[4.552s] Level 1:colcon.colcon_core.package_discovery:discover_packages(recursive) check parameters
[4.552s] Level 1:colcon.colcon_core.package_discovery:discover_packages(ignore) check parameters
[4.552s] Level 1:colcon.colcon_core.package_discovery:discover_packages(path) check parameters
[4.553s] Level 1:colcon.colcon_core.package_discovery:discover_packages(colcon_meta) discover
[4.553s] Level 1:colcon.colcon_core.package_discovery:discover_packages(recursive) discover
[4.553s] INFO:colcon.colcon_core.package_discovery:Crawling recursively for packages in '/home/moonbotj40/elian_stuff/moonbot_software'
[4.553s] Level 1:colcon.colcon_core.package_identification:_identify(.) by extensions ['ignore', 'ignore_ament_install']
[4.553s] Level 1:colcon.colcon_core.package_identification:_identify(.) by extension 'ignore'
[4.553s] Level 1:colcon.colcon_core.package_identification:_identify(.) by extension 'ignore_ament_install'
[4.554s] Level 1:colcon.colcon_core.package_identification:_identify(.) by extensions ['colcon_pkg']
[4.554s] Level 1:colcon.colcon_core.package_identification:_identify(.) by extension 'colcon_pkg'
[4.554s] Level 1:colcon.colcon_core.package_identification:_identify(.) by extensions ['colcon_meta']
[4.554s] Level 1:colcon.colcon_core.package_identification:_identify(.) by extension 'colcon_meta'
[4.554s] Level 1:colcon.colcon_core.package_identification:_identify(.) by extensions ['ros']
[4.554s] Level 1:colcon.colcon_core.package_identification:_identify(.) by extension 'ros'
[4.576s] Level 1:colcon.colcon_core.package_identification:_identify(.) by extensions ['cmake', 'python']
[4.576s] Level 1:colcon.colcon_core.package_identification:_identify(.) by extension 'cmake'
[4.576s] Level 1:colcon.colcon_core.package_identification:_identify(.) by extension 'python'
[4.576s] Level 1:colcon.colcon_core.package_identification:_identify(.) by extensions ['python_setup_py']
[4.577s] Level 1:colcon.colcon_core.package_identification:_identify(.) by extension 'python_setup_py'
[4.577s] Level 1:colcon.colcon_core.package_identification:_identify(Documentation) by extensions ['ignore', 'ignore_ament_install']
[4.577s] Level 1:colcon.colcon_core.package_identification:_identify(Documentation) by extension 'ignore'
[4.577s] Level 1:colcon.colcon_core.package_identification:_identify(Documentation) by extension 'ignore_ament_install'
[4.578s] Level 1:colcon.colcon_core.package_identification:_identify(Documentation) by extensions ['colcon_pkg']
[4.578s] Level 1:colcon.colcon_core.package_identification:_identify(Documentation) by extension 'colcon_pkg'
[4.578s] Level 1:colcon.colcon_core.package_identification:_identify(Documentation) by extensions ['colcon_meta']
[4.578s] Level 1:colcon.colcon_core.package_identification:_identify(Documentation) by extension 'colcon_meta'
[4.578s] Level 1:colcon.colcon_core.package_identification:_identify(Documentation) by extensions ['ros']
[4.578s] Level 1:colcon.colcon_core.package_identification:_identify(Documentation) by extension 'ros'
[4.578s] Level 1:colcon.colcon_core.package_identification:_identify(Documentation) by extensions ['cmake', 'python']
[4.578s] Level 1:colcon.colcon_core.package_identification:_identify(Documentation) by extension 'cmake'
[4.578s] Level 1:colcon.colcon_core.package_identification:_identify(Documentation) by extension 'python'
[4.579s] Level 1:colcon.colcon_core.package_identification:_identify(Documentation) by extensions ['python_setup_py']
[4.579s] Level 1:colcon.colcon_core.package_identification:_identify(Documentation) by extension 'python_setup_py'
[4.579s] Level 1:colcon.colcon_core.package_identification:_identify(build) by extensions ['ignore', 'ignore_ament_install']
[4.579s] Level 1:colcon.colcon_core.package_identification:_identify(build) by extension 'ignore'
[4.579s] Level 1:colcon.colcon_core.package_identification:_identify(build) ignored
[4.579s] Level 1:colcon.colcon_core.package_identification:_identify(install) by extensions ['ignore', 'ignore_ament_install']
[4.580s] Level 1:colcon.colcon_core.package_identification:_identify(install) by extension 'ignore'
[4.580s] Level 1:colcon.colcon_core.package_identification:_identify(install) ignored
[4.580s] Level 1:colcon.colcon_core.package_identification:_identify(log) by extensions ['ignore', 'ignore_ament_install']
[4.580s] Level 1:colcon.colcon_core.package_identification:_identify(log) by extension 'ignore'
[4.580s] Level 1:colcon.colcon_core.package_identification:_identify(log) ignored
[4.581s] Level 1:colcon.colcon_core.package_identification:_identify(src) by extensions ['ignore', 'ignore_ament_install']
[4.581s] Level 1:colcon.colcon_core.package_identification:_identify(src) by extension 'ignore'
[4.581s] Level 1:colcon.colcon_core.package_identification:_identify(src) by extension 'ignore_ament_install'
[4.581s] Level 1:colcon.colcon_core.package_identification:_identify(src) by extensions ['colcon_pkg']
[4.581s] Level 1:colcon.colcon_core.package_identification:_identify(src) by extension 'colcon_pkg'
[4.581s] Level 1:colcon.colcon_core.package_identification:_identify(src) by extensions ['colcon_meta']
[4.581s] Level 1:colcon.colcon_core.package_identification:_identify(src) by extension 'colcon_meta'
[4.581s] Level 1:colcon.colcon_core.package_identification:_identify(src) by extensions ['ros']
[4.581s] Level 1:colcon.colcon_core.package_identification:_identify(src) by extension 'ros'
[4.582s] Level 1:colcon.colcon_core.package_identification:_identify(src) by extensions ['cmake', 'python']
[4.582s] Level 1:colcon.colcon_core.package_identification:_identify(src) by extension 'cmake'
[4.582s] Level 1:colcon.colcon_core.package_identification:_identify(src) by extension 'python'
[4.582s] Level 1:colcon.colcon_core.package_identification:_identify(src) by extensions ['python_setup_py']
[4.582s] Level 1:colcon.colcon_core.package_identification:_identify(src) by extension 'python_setup_py'
[4.582s] Level 1:colcon.colcon_core.package_identification:_identify(src/custom_messages) by extensions ['ignore', 'ignore_ament_install']
[4.583s] Level 1:colcon.colcon_core.package_identification:_identify(src/custom_messages) by extension 'ignore'
[4.583s] Level 1:colcon.colcon_core.package_identification:_identify(src/custom_messages) by extension 'ignore_ament_install'
[4.583s] Level 1:colcon.colcon_core.package_identification:_identify(src/custom_messages) by extensions ['colcon_pkg']
[4.583s] Level 1:colcon.colcon_core.package_identification:_identify(src/custom_messages) by extension 'colcon_pkg'
[4.583s] Level 1:colcon.colcon_core.package_identification:_identify(src/custom_messages) by extensions ['colcon_meta']
[4.583s] Level 1:colcon.colcon_core.package_identification:_identify(src/custom_messages) by extension 'colcon_meta'
[4.583s] Level 1:colcon.colcon_core.package_identification:_identify(src/custom_messages) by extensions ['ros']
[4.583s] Level 1:colcon.colcon_core.package_identification:_identify(src/custom_messages) by extension 'ros'
[4.589s] DEBUG:colcon.colcon_core.package_identification:Package 'src/custom_messages' with type 'ros.ament_cmake' and name 'custom_messages'
[4.589s] Level 1:colcon.colcon_core.package_identification:_identify(src/easy_robot_control) by extensions ['ignore', 'ignore_ament_install']
[4.590s] Level 1:colcon.colcon_core.package_identification:_identify(src/easy_robot_control) by extension 'ignore'
[4.590s] Level 1:colcon.colcon_core.package_identification:_identify(src/easy_robot_control) by extension 'ignore_ament_install'
[4.590s] Level 1:colcon.colcon_core.package_identification:_identify(src/easy_robot_control) by extensions ['colcon_pkg']
[4.590s] Level 1:colcon.colcon_core.package_identification:_identify(src/easy_robot_control) by extension 'colcon_pkg'
[4.590s] Level 1:colcon.colcon_core.package_identification:_identify(src/easy_robot_control) by extensions ['colcon_meta']
[4.590s] Level 1:colcon.colcon_core.package_identification:_identify(src/easy_robot_control) by extension 'colcon_meta'
[4.590s] Level 1:colcon.colcon_core.package_identification:_identify(src/easy_robot_control) by extensions ['ros']
[4.590s] Level 1:colcon.colcon_core.package_identification:_identify(src/easy_robot_control) by extension 'ros'
[4.592s] DEBUG:colcon.colcon_core.package_identification:Package 'src/easy_robot_control' with type 'ros.ament_python' and name 'easy_robot_control'
[4.592s] Level 1:colcon.colcon_core.package_identification:_identify(src/rviz_basic) by extensions ['ignore', 'ignore_ament_install']
[4.592s] Level 1:colcon.colcon_core.package_identification:_identify(src/rviz_basic) by extension 'ignore'
[4.593s] Level 1:colcon.colcon_core.package_identification:_identify(src/rviz_basic) by extension 'ignore_ament_install'
[4.593s] Level 1:colcon.colcon_core.package_identification:_identify(src/rviz_basic) by extensions ['colcon_pkg']
[4.593s] Level 1:colcon.colcon_core.package_identification:_identify(src/rviz_basic) by extension 'colcon_pkg'
[4.593s] Level 1:colcon.colcon_core.package_identification:_identify(src/rviz_basic) by extensions ['colcon_meta']
[4.593s] Level 1:colcon.colcon_core.package_identification:_identify(src/rviz_basic) by extension 'colcon_meta'
[4.593s] Level 1:colcon.colcon_core.package_identification:_identify(src/rviz_basic) by extensions ['ros']
[4.593s] Level 1:colcon.colcon_core.package_identification:_identify(src/rviz_basic) by extension 'ros'
[4.594s] DEBUG:colcon.colcon_core.package_identification:Package 'src/rviz_basic' with type 'ros.ament_python' and name 'rviz_basic'
[4.594s] Level 1:colcon.colcon_core.package_discovery:discover_packages(recursive) using defaults
[4.594s] Level 1:colcon.colcon_core.package_discovery:discover_packages(ignore) discover
[4.595s] Level 1:colcon.colcon_core.package_discovery:discover_packages(ignore) using defaults
[4.595s] Level 1:colcon.colcon_core.package_discovery:discover_packages(path) discover
[4.595s] Level 1:colcon.colcon_core.package_discovery:discover_packages(path) using defaults
[4.846s] INFO:colcon.colcon_core.package_selection:Skipping not selected package 'custom_messages' in 'src/custom_messages'
[4.846s] INFO:colcon.colcon_core.package_selection:Skipping not selected package 'rviz_basic' in 'src/rviz_basic'
[4.991s] Level 1:colcon.colcon_core.package_discovery:discover_packages(prefix_path) check parameters
[4.991s] Level 1:colcon.colcon_core.package_discovery:discover_packages(prefix_path) discover
[5.140s] DEBUG:colcon.colcon_installed_package_information.package_discovery:Found 257 installed packages in /opt/ros/foxy
[5.142s] Level 1:colcon.colcon_core.package_discovery:discover_packages(prefix_path) using defaults
[5.452s] Level 5:colcon.colcon_core.verb:set package 'easy_robot_control' build argument 'cmake_args' from command line to 'None'
[5.452s] Level 5:colcon.colcon_core.verb:set package 'easy_robot_control' build argument 'cmake_target' from command line to 'None'
[5.452s] Level 5:colcon.colcon_core.verb:set package 'easy_robot_control' build argument 'cmake_target_skip_unavailable' from command line to 'False'
[5.452s] Level 5:colcon.colcon_core.verb:set package 'easy_robot_control' build argument 'cmake_clean_cache' from command line to 'False'
[5.452s] Level 5:colcon.colcon_core.verb:set package 'easy_robot_control' build argument 'cmake_clean_first' from command line to 'False'
[5.452s] Level 5:colcon.colcon_core.verb:set package 'easy_robot_control' build argument 'cmake_force_configure' from command line to 'False'
[5.452s] Level 5:colcon.colcon_core.verb:set package 'easy_robot_control' build argument 'ament_cmake_args' from command line to 'None'
[5.452s] Level 5:colcon.colcon_core.verb:set package 'easy_robot_control' build argument 'catkin_cmake_args' from command line to 'None'
[5.452s] Level 5:colcon.colcon_core.verb:set package 'easy_robot_control' build argument 'catkin_skip_building_tests' from command line to 'False'
[5.452s] DEBUG:colcon.colcon_core.verb:Building package 'easy_robot_control' with the following arguments: {'ament_cmake_args': None, 'build_base': '/home/moonbotj40/elian_stuff/moonbot_software/build/easy_robot_control', 'catkin_cmake_args': None, 'catkin_skip_building_tests': False, 'cmake_args': None, 'cmake_clean_cache': False, 'cmake_clean_first': False, 'cmake_force_configure': False, 'cmake_target': None, 'cmake_target_skip_unavailable': False, 'install_base': '/home/moonbotj40/elian_stuff/moonbot_software/install/easy_robot_control', 'merge_install': False, 'path': '/home/moonbotj40/elian_stuff/moonbot_software/src/easy_robot_control', 'symlink_install': True, 'test_result_base': None}
[5.524s] INFO:colcon.colcon_core.executor:Executing jobs using 'parallel' executor
[5.598s] DEBUG:colcon.colcon_parallel_executor.executor.parallel:run_until_complete
[5.599s] INFO:colcon.colcon_ros.task.ament_python.build:Building ROS package in '/home/moonbotj40/elian_stuff/moonbot_software/src/easy_robot_control' with build type 'ament_python'
[5.599s] Level 1:colcon.colcon_core.shell:create_environment_hook('easy_robot_control', 'ament_prefix_path')
[5.676s] INFO:colcon.colcon_core.plugin_system:Skipping extension 'colcon_core.shell.bat': Not used on non-Windows systems
[5.677s] INFO:colcon.colcon_core.shell:Creating environment hook '/home/moonbotj40/elian_stuff/moonbot_software/install/easy_robot_control/share/easy_robot_control/hook/ament_prefix_path.ps1'
[5.679s] INFO:colcon.colcon_core.shell:Creating environment descriptor '/home/moonbotj40/elian_stuff/moonbot_software/install/easy_robot_control/share/easy_robot_control/hook/ament_prefix_path.dsv'
[5.679s] INFO:colcon.colcon_core.shell:Creating environment hook '/home/moonbotj40/elian_stuff/moonbot_software/install/easy_robot_control/share/easy_robot_control/hook/ament_prefix_path.sh'
[5.755s] INFO:colcon.colcon_core.shell:Skip shell extension 'powershell' for command environment: Not usable outside of PowerShell
[5.755s] DEBUG:colcon.colcon_core.shell:Skip shell extension 'dsv' for command environment
[6.360s] INFO:colcon.colcon_core.task.python.build:Building Python package in '/home/moonbotj40/elian_stuff/moonbot_software/src/easy_robot_control'
[6.437s] INFO:colcon.colcon_core.shell:Skip shell extension 'powershell' for command environment: Not usable outside of PowerShell
[6.438s] DEBUG:colcon.colcon_core.shell:Skip shell extension 'dsv' for command environment
[7.368s] DEBUG:colcon.colcon_core.event_handler.log_command:Invoking command in '/home/moonbotj40/elian_stuff/moonbot_software/build/easy_robot_control': PYTHONPATH=/home/moonbotj40/elian_stuff/moonbot_software/build/easy_robot_control/prefix_override:/home/moonbotj40/elian_stuff/moonbot_software/install/easy_robot_control/lib/python3.8/site-packages:${PYTHONPATH} /usr/bin/python3 setup.py develop --editable --build-directory /home/moonbotj40/elian_stuff/moonbot_software/build/easy_robot_control/build --no-deps install_data
[8.315s] Level 1:colcon.colcon_core.shell:create_environment_hook('easy_robot_control', 'pythonpath_develop')
[8.316s] DEBUG:colcon.colcon_core.event_handler.log_command:Invoked command in '/home/moonbotj40/elian_stuff/moonbot_software/build/easy_robot_control' returned '0': PYTHONPATH=/home/moonbotj40/elian_stuff/moonbot_software/build/easy_robot_control/prefix_override:/home/moonbotj40/elian_stuff/moonbot_software/install/easy_robot_control/lib/python3.8/site-packages:${PYTHONPATH} /usr/bin/python3 setup.py develop --editable --build-directory /home/moonbotj40/elian_stuff/moonbot_software/build/easy_robot_control/build --no-deps install_data
[8.409s] INFO:colcon.colcon_core.shell:Creating environment hook '/home/moonbotj40/elian_stuff/moonbot_software/build/easy_robot_control/share/easy_robot_control/hook/pythonpath_develop.ps1'
[8.411s] INFO:colcon.colcon_core.shell:Creating environment descriptor '/home/moonbotj40/elian_stuff/moonbot_software/build/easy_robot_control/share/easy_robot_control/hook/pythonpath_develop.dsv'
[8.411s] INFO:colcon.colcon_core.shell:Creating environment hook '/home/moonbotj40/elian_stuff/moonbot_software/build/easy_robot_control/share/easy_robot_control/hook/pythonpath_develop.sh'
[8.491s] Level 1:colcon.colcon_core.environment:checking '/home/moonbotj40/elian_stuff/moonbot_software/install/easy_robot_control' for CMake module files
[8.492s] Level 1:colcon.colcon_core.environment:checking '/home/moonbotj40/elian_stuff/moonbot_software/install/easy_robot_control' for CMake config files
[8.494s] Level 1:colcon.colcon_core.environment:checking '/home/moonbotj40/elian_stuff/moonbot_software/install/easy_robot_control/lib'
[8.494s] Level 1:colcon.colcon_core.environment:checking '/home/moonbotj40/elian_stuff/moonbot_software/install/easy_robot_control/bin'
[8.494s] Level 1:colcon.colcon_core.environment:checking '/home/moonbotj40/elian_stuff/moonbot_software/install/easy_robot_control/lib/pkgconfig/easy_robot_control.pc'
[8.495s] Level 1:colcon.colcon_core.environment:checking '/home/moonbotj40/elian_stuff/moonbot_software/install/easy_robot_control/lib/python3.8/site-packages'
[8.495s] Level 1:colcon.colcon_core.shell:create_environment_hook('easy_robot_control', 'pythonpath')
[8.571s] INFO:colcon.colcon_core.shell:Creating environment hook '/home/moonbotj40/elian_stuff/moonbot_software/install/easy_robot_control/share/easy_robot_control/hook/pythonpath.ps1'
[8.572s] INFO:colcon.colcon_core.shell:Creating environment descriptor '/home/moonbotj40/elian_stuff/moonbot_software/install/easy_robot_control/share/easy_robot_control/hook/pythonpath.dsv'
[8.572s] INFO:colcon.colcon_core.shell:Creating environment hook '/home/moonbotj40/elian_stuff/moonbot_software/install/easy_robot_control/share/easy_robot_control/hook/pythonpath.sh'
[8.573s] Level 1:colcon.colcon_core.environment:checking '/home/moonbotj40/elian_stuff/moonbot_software/install/easy_robot_control/bin'
[8.574s] Level 1:colcon.colcon_core.environment:create_environment_scripts_only(easy_robot_control)
[8.648s] INFO:colcon.colcon_core.shell:Creating package script '/home/moonbotj40/elian_stuff/moonbot_software/install/easy_robot_control/share/easy_robot_control/package.ps1'
[8.651s] INFO:colcon.colcon_core.shell:Creating package descriptor '/home/moonbotj40/elian_stuff/moonbot_software/install/easy_robot_control/share/easy_robot_control/package.dsv'
[8.652s] INFO:colcon.colcon_core.shell:Creating package script '/home/moonbotj40/elian_stuff/moonbot_software/install/easy_robot_control/share/easy_robot_control/package.sh'
[8.653s] INFO:colcon.colcon_core.shell:Creating package script '/home/moonbotj40/elian_stuff/moonbot_software/install/easy_robot_control/share/easy_robot_control/package.bash'
[8.654s] INFO:colcon.colcon_core.shell:Creating package script '/home/moonbotj40/elian_stuff/moonbot_software/install/easy_robot_control/share/easy_robot_control/package.zsh'
[8.656s] Level 1:colcon.colcon_core.environment:create_file_with_runtime_dependencies(/home/moonbotj40/elian_stuff/moonbot_software/install/easy_robot_control/share/colcon-core/packages/easy_robot_control)
[8.657s] DEBUG:colcon.colcon_parallel_executor.executor.parallel:closing loop
[8.657s] DEBUG:colcon.colcon_parallel_executor.executor.parallel:loop closed
[8.658s] DEBUG:colcon.colcon_parallel_executor.executor.parallel:run_until_complete finished with '0'
[8.658s] DEBUG:colcon.colcon_core.event_reactor:joining thread
[8.743s] INFO:colcon.colcon_core.plugin_system:Skipping extension 'colcon_notification.desktop_notification.terminal_notifier': Not used on non-Darwin systems
[8.743s] INFO:colcon.colcon_core.plugin_system:Skipping extension 'colcon_notification.desktop_notification.win32': Not used on non-Windows systems
[8.744s] INFO:colcon.colcon_notification.desktop_notification:Sending desktop notification using 'notify2'
[8.788s] DEBUG:colcon.colcon_core.event_reactor:joined thread
[8.864s] INFO:colcon.colcon_core.shell:Creating prefix script '/home/moonbotj40/elian_stuff/moonbot_software/install/local_setup.ps1'
[8.867s] INFO:colcon.colcon_core.shell:Creating prefix util module '/home/moonbotj40/elian_stuff/moonbot_software/install/_local_setup_util_ps1.py'
[8.869s] INFO:colcon.colcon_core.shell:Creating prefix chain script '/home/moonbotj40/elian_stuff/moonbot_software/install/setup.ps1'
[8.945s] INFO:colcon.colcon_core.shell:Creating prefix script '/home/moonbotj40/elian_stuff/moonbot_software/install/local_setup.sh'
[8.946s] INFO:colcon.colcon_core.shell:Creating prefix util module '/home/moonbotj40/elian_stuff/moonbot_software/install/_local_setup_util_sh.py'
[8.947s] INFO:colcon.colcon_core.shell:Creating prefix chain script '/home/moonbotj40/elian_stuff/moonbot_software/install/setup.sh'
[9.024s] INFO:colcon.colcon_core.shell:Creating prefix script '/home/moonbotj40/elian_stuff/moonbot_software/install/local_setup.bash'
[9.025s] INFO:colcon.colcon_core.shell:Creating prefix chain script '/home/moonbotj40/elian_stuff/moonbot_software/install/setup.bash'
[9.099s] INFO:colcon.colcon_core.shell:Creating prefix script '/home/moonbotj40/elian_stuff/moonbot_software/install/local_setup.zsh'
[9.100s] INFO:colcon.colcon_core.shell:Creating prefix chain script '/home/moonbotj40/elian_stuff/moonbot_software/install/setup.zsh'
