-- The C compiler identification is GNU 9.4.0
-- The CXX compiler identification is GNU 9.4.0
-- Check for working C compiler: /usr/bin/cc
-- Check for working C compiler: /usr/bin/cc -- works
-- Detecting C compiler ABI info
-- Detecting C compiler ABI info - done
-- Detecting C compile features
-- Detecting C compile features - done
-- Check for working CXX compiler: /usr/bin/c++
-- Check for working CXX compiler: /usr/bin/c++ -- works
-- Detecting CXX compiler ABI info
-- Detecting CXX compiler ABI info - done
-- Detecting CXX compile features
-- Detecting CXX compile features - done
-- Found ament_cmake: 0.9.12 (/opt/ros/foxy/share/ament_cmake/cmake)
-- Found PythonInterp: /usr/bin/python3 (found suitable version "3.8.10", minimum required is "3") 
-- Using PYTHON_EXECUTABLE: /usr/bin/python3
-- Override CMake install command with custom implementation using symlinks instead of copying resources
-- Found builtin_interfaces: 1.0.0 (/opt/ros/foxy/share/builtin_interfaces/cmake)
-- Using all available rosidl_typesupport_c: rosidl_typesupport_fastrtps_c;rosidl_typesupport_introspection_c
-- Found rosidl_adapter: 1.3.1 (/opt/ros/foxy/share/rosidl_adapter/cmake)
-- Found OpenSSL: /usr/lib/aarch64-linux-gnu/libcrypto.so (found version "1.1.1f")  
-- Found FastRTPS: /opt/ros/foxy/include  
-- Using all available rosidl_typesupport_cpp: rosidl_typesupport_fastrtps_cpp;rosidl_typesupport_introspection_cpp
-- Found std_msgs: 2.0.5 (/opt/ros/foxy/share/std_msgs/cmake)
-- Found geometry_msgs: 2.0.5 (/opt/ros/foxy/share/geometry_msgs/cmake)
-- Found rosidl_default_generators: 1.0.1 (/opt/ros/foxy/share/rosidl_default_generators/cmake)
-- Found PythonInterp: /usr/bin/python3 (found version "3.8.10") 
-- Found ament_cmake_cppcheck: 0.9.8 (/opt/ros/foxy/share/ament_cmake_cppcheck/cmake)
-- Found ament_cmake_cpplint: 0.9.8 (/opt/ros/foxy/share/ament_cmake_cpplint/cmake)
-- Found ament_cmake_uncrustify: 0.9.8 (/opt/ros/foxy/share/ament_cmake_uncrustify/cmake)
-- Found ament_cmake_ros: 0.9.2 (/opt/ros/foxy/share/ament_cmake_ros/cmake)
-- Using all available rosidl_typesupport_c: rosidl_typesupport_fastrtps_c;rosidl_typesupport_introspection_c
-- Using all available rosidl_typesupport_cpp: rosidl_typesupport_fastrtps_cpp;rosidl_typesupport_introspection_cpp
-- Found PythonInterp: /usr/bin/python3 (found suitable version "3.8.10", minimum required is "3.5") 
-- Found python_cmake_module: 0.8.1 (/opt/ros/foxy/share/python_cmake_module/cmake)
-- Found PythonLibs: /usr/lib/aarch64-linux-gnu/libpython3.8.so (found suitable version "3.8.10", minimum required is "3.5") 
-- Using PYTHON_EXECUTABLE: /usr/bin/python3
-- Using PYTHON_INCLUDE_DIRS: /usr/include/python3.8
-- Using PYTHON_LIBRARIES: /usr/lib/aarch64-linux-gnu/libpython3.8.so
-- Found PythonExtra: .so  
-- Found ament_cmake_flake8: 0.9.8 (/opt/ros/foxy/share/ament_cmake_flake8/cmake)
-- Found ament_cmake_pep257: 0.9.8 (/opt/ros/foxy/share/ament_cmake_pep257/cmake)
-- Found ament_lint_auto: 0.9.8 (/opt/ros/foxy/share/ament_lint_auto/cmake)
-- Added test 'copyright' to check source files copyright and LICENSE
-- Added test 'lint_cmake' to check CMake code style
-- Added test 'xmllint' to check XML markup files
-- Configuring done
-- Generating done
-- Build files have been written to: /home/moonbotj40/elian_stuff/moonbot_software/build/custom_messages
[  1%] [34m[1mGenerating C code for ROS interfaces[0m
[35m[1mScanning dependencies of target custom_messages__cpp[0m
[  3%] [34m[1mGenerating C++ code for ROS interfaces[0m
[  3%] Built target custom_messages__cpp
[  5%] [34m[1mGenerating C++ type support dispatch for ROS interfaces[0m
[  7%] [34m[1mGenerating C++ type support for eProsima Fast-RTPS[0m
[  9%] [34m[1mGenerating C++ introspection for ROS interfaces[0m
[35m[1mScanning dependencies of target custom_messages__rosidl_generator_c[0m
[ 10%] [32mBuilding C object CMakeFiles/custom_messages__rosidl_generator_c.dir/rosidl_generator_c/custom_messages/srv/detail/return_vect3__functions.c.o[0m
[ 12%] [32mBuilding C object CMakeFiles/custom_messages__rosidl_generator_c.dir/rosidl_generator_c/custom_messages/action/detail/move_to_pose__functions.c.o[0m
[ 14%] [32mBuilding C object CMakeFiles/custom_messages__rosidl_generator_c.dir/rosidl_generator_c/custom_messages/srv/detail/quat__functions.c.o[0m
[ 16%] [32mBuilding C object CMakeFiles/custom_messages__rosidl_generator_c.dir/rosidl_generator_c/custom_messages/srv/detail/vect3__functions.c.o[0m
[ 18%] [32m[1mLinking C shared library libcustom_messages__rosidl_generator_c.so[0m
[ 18%] Built target custom_messages__rosidl_generator_c
[ 21%] [34m[1mGenerating C type support dispatch for ROS interfaces[0m
[ 21%] [34m[1mGenerating C introspection for ROS interfaces[0m
[35m[1mScanning dependencies of target custom_messages__rosidl_typesupport_cpp[0m
[ 25%] [32mBuilding CXX object CMakeFiles/custom_messages__rosidl_typesupport_cpp.dir/rosidl_typesupport_cpp/custom_messages/srv/return_vect3__type_support.cpp.o[0m
[ 25%] [32mBuilding CXX object CMakeFiles/custom_messages__rosidl_typesupport_cpp.dir/rosidl_typesupport_cpp/custom_messages/srv/vect3__type_support.cpp.o[0m
[ 27%] [32mBuilding CXX object CMakeFiles/custom_messages__rosidl_typesupport_cpp.dir/rosidl_typesupport_cpp/custom_messages/action/move_to_pose__type_support.cpp.o[0m
[ 29%] [32mBuilding CXX object CMakeFiles/custom_messages__rosidl_typesupport_cpp.dir/rosidl_typesupport_cpp/custom_messages/srv/quat__type_support.cpp.o[0m
[35m[1mScanning dependencies of target custom_messages__rosidl_typesupport_introspection_cpp[0m
[ 30%] [32mBuilding CXX object CMakeFiles/custom_messages__rosidl_typesupport_introspection_cpp.dir/rosidl_typesupport_introspection_cpp/custom_messages/action/detail/move_to_pose__type_support.cpp.o[0m
[35m[1mScanning dependencies of target custom_messages__rosidl_typesupport_fastrtps_cpp[0m
[35m[1mScanning dependencies of target custom_messages__rosidl_typesupport_c[0m
[ 32%] [32mBuilding CXX object CMakeFiles/custom_messages__rosidl_typesupport_fastrtps_cpp.dir/rosidl_typesupport_fastrtps_cpp/custom_messages/action/detail/dds_fastrtps/move_to_pose__type_support.cpp.o[0m
[ 34%] [32mBuilding CXX object CMakeFiles/custom_messages__rosidl_typesupport_c.dir/rosidl_typesupport_c/custom_messages/action/move_to_pose__type_support.cpp.o[0m
[ 36%] [32mBuilding CXX object CMakeFiles/custom_messages__rosidl_typesupport_c.dir/rosidl_typesupport_c/custom_messages/srv/return_vect3__type_support.cpp.o[0m
[ 38%] [32mBuilding CXX object CMakeFiles/custom_messages__rosidl_typesupport_c.dir/rosidl_typesupport_c/custom_messages/srv/vect3__type_support.cpp.o[0m
[ 40%] [32mBuilding CXX object CMakeFiles/custom_messages__rosidl_typesupport_c.dir/rosidl_typesupport_c/custom_messages/srv/quat__type_support.cpp.o[0m
[ 41%] [32mBuilding CXX object CMakeFiles/custom_messages__rosidl_typesupport_fastrtps_cpp.dir/rosidl_typesupport_fastrtps_cpp/custom_messages/srv/detail/dds_fastrtps/vect3__type_support.cpp.o[0m
[ 43%] [32m[1mLinking CXX shared library libcustom_messages__rosidl_typesupport_cpp.so[0m
[ 45%] [32mBuilding CXX object CMakeFiles/custom_messages__rosidl_typesupport_introspection_cpp.dir/rosidl_typesupport_introspection_cpp/custom_messages/srv/detail/vect3__type_support.cpp.o[0m
[ 47%] [32mBuilding CXX object CMakeFiles/custom_messages__rosidl_typesupport_introspection_cpp.dir/rosidl_typesupport_introspection_cpp/custom_messages/srv/detail/return_vect3__type_support.cpp.o[0m
[ 49%] [32m[1mLinking CXX shared library libcustom_messages__rosidl_typesupport_c.so[0m
[35m[1mScanning dependencies of target custom_messages__rosidl_typesupport_introspection_c[0m
[ 49%] Built target custom_messages__rosidl_typesupport_cpp
[ 50%] [32mBuilding CXX object CMakeFiles/custom_messages__rosidl_typesupport_fastrtps_cpp.dir/rosidl_typesupport_fastrtps_cpp/custom_messages/srv/detail/dds_fastrtps/return_vect3__type_support.cpp.o[0m
[ 50%] Built target custom_messages__rosidl_typesupport_c
[ 52%] [32mBuilding C object CMakeFiles/custom_messages__rosidl_typesupport_introspection_c.dir/rosidl_typesupport_introspection_c/custom_messages/action/detail/move_to_pose__type_support.c.o[0m
[ 54%] [32mBuilding CXX object CMakeFiles/custom_messages__rosidl_typesupport_introspection_cpp.dir/rosidl_typesupport_introspection_cpp/custom_messages/srv/detail/quat__type_support.cpp.o[0m
[ 56%] [32mBuilding C object CMakeFiles/custom_messages__rosidl_typesupport_introspection_c.dir/rosidl_typesupport_introspection_c/custom_messages/srv/detail/vect3__type_support.c.o[0m
[ 58%] [32mBuilding C object CMakeFiles/custom_messages__rosidl_typesupport_introspection_c.dir/rosidl_typesupport_introspection_c/custom_messages/srv/detail/return_vect3__type_support.c.o[0m
[ 60%] [32mBuilding CXX object CMakeFiles/custom_messages__rosidl_typesupport_fastrtps_cpp.dir/rosidl_typesupport_fastrtps_cpp/custom_messages/srv/detail/dds_fastrtps/quat__type_support.cpp.o[0m
[ 61%] [32mBuilding C object CMakeFiles/custom_messages__rosidl_typesupport_introspection_c.dir/rosidl_typesupport_introspection_c/custom_messages/srv/detail/quat__type_support.c.o[0m
[ 63%] [32m[1mLinking C shared library libcustom_messages__rosidl_typesupport_introspection_c.so[0m
[ 63%] Built target custom_messages__rosidl_typesupport_introspection_c
[ 65%] [32m[1mLinking CXX shared library libcustom_messages__rosidl_typesupport_introspection_cpp.so[0m
[ 65%] Built target custom_messages__rosidl_typesupport_introspection_cpp
[ 67%] [32m[1mLinking CXX shared library libcustom_messages__rosidl_typesupport_fastrtps_cpp.so[0m
[ 67%] Built target custom_messages__rosidl_typesupport_fastrtps_cpp
[ 69%] [34m[1mGenerating C type support for eProsima Fast-RTPS[0m
[35m[1mScanning dependencies of target custom_messages__rosidl_typesupport_fastrtps_c[0m
[ 70%] [32mBuilding CXX object CMakeFiles/custom_messages__rosidl_typesupport_fastrtps_c.dir/rosidl_typesupport_fastrtps_c/custom_messages/action/detail/move_to_pose__type_support_c.cpp.o[0m
[ 76%] [32mBuilding CXX object CMakeFiles/custom_messages__rosidl_typesupport_fastrtps_c.dir/rosidl_typesupport_fastrtps_c/custom_messages/srv/detail/return_vect3__type_support_c.cpp.o[0m
[ 76%] [32mBuilding CXX object CMakeFiles/custom_messages__rosidl_typesupport_fastrtps_c.dir/rosidl_typesupport_fastrtps_c/custom_messages/srv/detail/quat__type_support_c.cpp.o[0m
[ 76%] [32mBuilding CXX object CMakeFiles/custom_messages__rosidl_typesupport_fastrtps_c.dir/rosidl_typesupport_fastrtps_c/custom_messages/srv/detail/vect3__type_support_c.cpp.o[0m
[ 78%] [32m[1mLinking CXX shared library libcustom_messages__rosidl_typesupport_fastrtps_c.so[0m
[ 78%] Built target custom_messages__rosidl_typesupport_fastrtps_c
[35m[1mScanning dependencies of target custom_messages[0m
[ 78%] Built target custom_messages
[35m[1mScanning dependencies of target custom_messages__py[0m
[ 80%] [34m[1mGenerating Python code for ROS interfaces[0m
[ 80%] Built target custom_messages__py
[35m[1mScanning dependencies of target custom_messages__python[0m
[ 85%] [32mBuilding C object CMakeFiles/custom_messages__python.dir/rosidl_generator_py/custom_messages/srv/_return_vect3_s.c.o[0m
[ 85%] [32mBuilding C object CMakeFiles/custom_messages__python.dir/rosidl_generator_py/custom_messages/action/_move_to_pose_s.c.o[0m
[ 85%] [32mBuilding C object CMakeFiles/custom_messages__python.dir/rosidl_generator_py/custom_messages/srv/_quat_s.c.o[0m
[ 87%] [32mBuilding C object CMakeFiles/custom_messages__python.dir/rosidl_generator_py/custom_messages/srv/_vect3_s.c.o[0m
[ 89%] [32m[1mLinking C shared library rosidl_generator_py/custom_messages/libcustom_messages__python.so[0m
[ 89%] Built target custom_messages__python
[35m[1mScanning dependencies of target custom_messages__rosidl_typesupport_c__pyext[0m
[35m[1mScanning dependencies of target custom_messages__rosidl_typesupport_introspection_c__pyext[0m
[35m[1mScanning dependencies of target custom_messages__rosidl_typesupport_fastrtps_c__pyext[0m
[ 92%] [32mBuilding C object CMakeFiles/custom_messages__rosidl_typesupport_introspection_c__pyext.dir/rosidl_generator_py/custom_messages/_custom_messages_s.ep.rosidl_typesupport_introspection_c.c.o[0m
[ 92%] [32mBuilding C object CMakeFiles/custom_messages__rosidl_typesupport_c__pyext.dir/rosidl_generator_py/custom_messages/_custom_messages_s.ep.rosidl_typesupport_c.c.o[0m
[ 94%] [32mBuilding C object CMakeFiles/custom_messages__rosidl_typesupport_fastrtps_c__pyext.dir/rosidl_generator_py/custom_messages/_custom_messages_s.ep.rosidl_typesupport_fastrtps_c.c.o[0m
[ 96%] [32m[1mLinking C shared library rosidl_generator_py/custom_messages/custom_messages_s__rosidl_typesupport_introspection_c.cpython-38-aarch64-linux-gnu.so[0m
[ 98%] [32m[1mLinking C shared library rosidl_generator_py/custom_messages/custom_messages_s__rosidl_typesupport_c.cpython-38-aarch64-linux-gnu.so[0m
[100%] [32m[1mLinking CXX shared library rosidl_generator_py/custom_messages/custom_messages_s__rosidl_typesupport_fastrtps_c.cpython-38-aarch64-linux-gnu.so[0m
[100%] Built target custom_messages__rosidl_typesupport_introspection_c__pyext
[100%] Built target custom_messages__rosidl_typesupport_c__pyext
[100%] Built target custom_messages__rosidl_typesupport_fastrtps_c__pyext
-- Install configuration: ""
-- Execute custom install script
-- Symlinking: /home/moonbotj40/elian_stuff/moonbot_software/install/custom_messages/share/ament_index/resource_index/rosidl_interfaces/custom_messages
-- Symlinking: /home/moonbotj40/elian_stuff/moonbot_software/install/custom_messages/include/custom_messages/action/detail/move_to_pose__functions.h
-- Symlinking: /home/moonbotj40/elian_stuff/moonbot_software/install/custom_messages/include/custom_messages/action/detail/move_to_pose__struct.h
-- Symlinking: /home/moonbotj40/elian_stuff/moonbot_software/install/custom_messages/include/custom_messages/action/detail/move_to_pose__type_support.h
-- Symlinking: /home/moonbotj40/elian_stuff/moonbot_software/install/custom_messages/include/custom_messages/action/move_to_pose.h
-- Symlinking: /home/moonbotj40/elian_stuff/moonbot_software/install/custom_messages/include/custom_messages/msg/rosidl_generator_c__visibility_control.h
-- Symlinking: /home/moonbotj40/elian_stuff/moonbot_software/install/custom_messages/include/custom_messages/srv/detail/quat__functions.h
-- Symlinking: /home/moonbotj40/elian_stuff/moonbot_software/install/custom_messages/include/custom_messages/srv/detail/quat__struct.h
-- Symlinking: /home/moonbotj40/elian_stuff/moonbot_software/install/custom_messages/include/custom_messages/srv/detail/quat__type_support.h
-- Symlinking: /home/moonbotj40/elian_stuff/moonbot_software/install/custom_messages/include/custom_messages/srv/detail/return_vect3__functions.h
-- Symlinking: /home/moonbotj40/elian_stuff/moonbot_software/install/custom_messages/include/custom_messages/srv/detail/return_vect3__struct.h
-- Symlinking: /home/moonbotj40/elian_stuff/moonbot_software/install/custom_messages/include/custom_messages/srv/detail/return_vect3__type_support.h
-- Symlinking: /home/moonbotj40/elian_stuff/moonbot_software/install/custom_messages/include/custom_messages/srv/detail/vect3__functions.h
-- Symlinking: /home/moonbotj40/elian_stuff/moonbot_software/install/custom_messages/include/custom_messages/srv/detail/vect3__struct.h
-- Symlinking: /home/moonbotj40/elian_stuff/moonbot_software/install/custom_messages/include/custom_messages/srv/detail/vect3__type_support.h
-- Symlinking: /home/moonbotj40/elian_stuff/moonbot_software/install/custom_messages/include/custom_messages/srv/quat.h
-- Symlinking: /home/moonbotj40/elian_stuff/moonbot_software/install/custom_messages/include/custom_messages/srv/return_vect3.h
-- Symlinking: /home/moonbotj40/elian_stuff/moonbot_software/install/custom_messages/include/custom_messages/srv/vect3.h
-- Symlinking: /home/moonbotj40/elian_stuff/moonbot_software/install/custom_messages/share/custom_messages/environment/library_path.sh
-- Symlinking: /home/moonbotj40/elian_stuff/moonbot_software/install/custom_messages/share/custom_messages/environment/library_path.dsv
-- Symlinking: /home/moonbotj40/elian_stuff/moonbot_software/install/custom_messages/include/custom_messages/action/detail/move_to_pose__rosidl_typesupport_fastrtps_c.h
-- Symlinking: /home/moonbotj40/elian_stuff/moonbot_software/install/custom_messages/include/custom_messages/msg/rosidl_typesupport_fastrtps_c__visibility_control.h
-- Symlinking: /home/moonbotj40/elian_stuff/moonbot_software/install/custom_messages/include/custom_messages/srv/detail/quat__rosidl_typesupport_fastrtps_c.h
-- Symlinking: /home/moonbotj40/elian_stuff/moonbot_software/install/custom_messages/include/custom_messages/srv/detail/return_vect3__rosidl_typesupport_fastrtps_c.h
-- Symlinking: /home/moonbotj40/elian_stuff/moonbot_software/install/custom_messages/include/custom_messages/srv/detail/vect3__rosidl_typesupport_fastrtps_c.h
-- Symlinking: /home/moonbotj40/elian_stuff/moonbot_software/install/custom_messages/lib/libcustom_messages__rosidl_typesupport_fastrtps_c.so
-- Symlinking: /home/moonbotj40/elian_stuff/moonbot_software/install/custom_messages/include/custom_messages/action/detail/move_to_pose__rosidl_typesupport_fastrtps_cpp.hpp
-- Symlinking: /home/moonbotj40/elian_stuff/moonbot_software/install/custom_messages/include/custom_messages/msg/rosidl_typesupport_fastrtps_cpp__visibility_control.h
-- Symlinking: /home/moonbotj40/elian_stuff/moonbot_software/install/custom_messages/include/custom_messages/srv/detail/quat__rosidl_typesupport_fastrtps_cpp.hpp
-- Symlinking: /home/moonbotj40/elian_stuff/moonbot_software/install/custom_messages/include/custom_messages/srv/detail/return_vect3__rosidl_typesupport_fastrtps_cpp.hpp
-- Symlinking: /home/moonbotj40/elian_stuff/moonbot_software/install/custom_messages/include/custom_messages/srv/detail/vect3__rosidl_typesupport_fastrtps_cpp.hpp
-- Symlinking: /home/moonbotj40/elian_stuff/moonbot_software/install/custom_messages/lib/libcustom_messages__rosidl_typesupport_fastrtps_cpp.so
-- Symlinking: /home/moonbotj40/elian_stuff/moonbot_software/install/custom_messages/include/custom_messages/action/detail/move_to_pose__rosidl_typesupport_introspection_c.h
-- Symlinking: /home/moonbotj40/elian_stuff/moonbot_software/install/custom_messages/include/custom_messages/msg/rosidl_typesupport_introspection_c__visibility_control.h
-- Symlinking: /home/moonbotj40/elian_stuff/moonbot_software/install/custom_messages/include/custom_messages/srv/detail/quat__rosidl_typesupport_introspection_c.h
-- Symlinking: /home/moonbotj40/elian_stuff/moonbot_software/install/custom_messages/include/custom_messages/srv/detail/return_vect3__rosidl_typesupport_introspection_c.h
-- Symlinking: /home/moonbotj40/elian_stuff/moonbot_software/install/custom_messages/include/custom_messages/srv/detail/vect3__rosidl_typesupport_introspection_c.h
-- Symlinking: /home/moonbotj40/elian_stuff/moonbot_software/install/custom_messages/include/custom_messages/action/detail/move_to_pose__builder.hpp
-- Symlinking: /home/moonbotj40/elian_stuff/moonbot_software/install/custom_messages/include/custom_messages/action/detail/move_to_pose__struct.hpp
-- Symlinking: /home/moonbotj40/elian_stuff/moonbot_software/install/custom_messages/include/custom_messages/action/detail/move_to_pose__traits.hpp
-- Symlinking: /home/moonbotj40/elian_stuff/moonbot_software/install/custom_messages/include/custom_messages/action/detail/move_to_pose__type_support.hpp
-- Symlinking: /home/moonbotj40/elian_stuff/moonbot_software/install/custom_messages/include/custom_messages/action/move_to_pose.hpp
-- Symlinking: /home/moonbotj40/elian_stuff/moonbot_software/install/custom_messages/include/custom_messages/msg/rosidl_generator_cpp__visibility_control.hpp
-- Symlinking: /home/moonbotj40/elian_stuff/moonbot_software/install/custom_messages/include/custom_messages/srv/detail/quat__builder.hpp
-- Symlinking: /home/moonbotj40/elian_stuff/moonbot_software/install/custom_messages/include/custom_messages/srv/detail/quat__struct.hpp
-- Symlinking: /home/moonbotj40/elian_stuff/moonbot_software/install/custom_messages/include/custom_messages/srv/detail/quat__traits.hpp
-- Symlinking: /home/moonbotj40/elian_stuff/moonbot_software/install/custom_messages/include/custom_messages/srv/detail/quat__type_support.hpp
-- Symlinking: /home/moonbotj40/elian_stuff/moonbot_software/install/custom_messages/include/custom_messages/srv/detail/return_vect3__builder.hpp
-- Symlinking: /home/moonbotj40/elian_stuff/moonbot_software/install/custom_messages/include/custom_messages/srv/detail/return_vect3__struct.hpp
-- Symlinking: /home/moonbotj40/elian_stuff/moonbot_software/install/custom_messages/include/custom_messages/srv/detail/return_vect3__traits.hpp
-- Symlinking: /home/moonbotj40/elian_stuff/moonbot_software/install/custom_messages/include/custom_messages/srv/detail/return_vect3__type_support.hpp
-- Symlinking: /home/moonbotj40/elian_stuff/moonbot_software/install/custom_messages/include/custom_messages/srv/detail/vect3__builder.hpp
-- Symlinking: /home/moonbotj40/elian_stuff/moonbot_software/install/custom_messages/include/custom_messages/srv/detail/vect3__struct.hpp
-- Symlinking: /home/moonbotj40/elian_stuff/moonbot_software/install/custom_messages/include/custom_messages/srv/detail/vect3__traits.hpp
-- Symlinking: /home/moonbotj40/elian_stuff/moonbot_software/install/custom_messages/include/custom_messages/srv/detail/vect3__type_support.hpp
-- Symlinking: /home/moonbotj40/elian_stuff/moonbot_software/install/custom_messages/include/custom_messages/srv/quat.hpp
-- Symlinking: /home/moonbotj40/elian_stuff/moonbot_software/install/custom_messages/include/custom_messages/srv/return_vect3.hpp
-- Symlinking: /home/moonbotj40/elian_stuff/moonbot_software/install/custom_messages/include/custom_messages/srv/vect3.hpp
-- Symlinking: /home/moonbotj40/elian_stuff/moonbot_software/install/custom_messages/include/custom_messages/action/detail/move_to_pose__rosidl_typesupport_introspection_cpp.hpp
-- Symlinking: /home/moonbotj40/elian_stuff/moonbot_software/install/custom_messages/include/custom_messages/srv/detail/quat__rosidl_typesupport_introspection_cpp.hpp
-- Symlinking: /home/moonbotj40/elian_stuff/moonbot_software/install/custom_messages/include/custom_messages/srv/detail/return_vect3__rosidl_typesupport_introspection_cpp.hpp
-- Symlinking: /home/moonbotj40/elian_stuff/moonbot_software/install/custom_messages/include/custom_messages/srv/detail/vect3__rosidl_typesupport_introspection_cpp.hpp
-- Symlinking: /home/moonbotj40/elian_stuff/moonbot_software/install/custom_messages/share/custom_messages/environment/pythonpath.sh
-- Symlinking: /home/moonbotj40/elian_stuff/moonbot_software/install/custom_messages/share/custom_messages/environment/pythonpath.dsv
-- Symlinking: /home/moonbotj40/elian_stuff/moonbot_software/install/custom_messages/lib/python3.8/site-packages/custom_messages/__init__.py
-- Symlinking: /home/moonbotj40/elian_stuff/moonbot_software/install/custom_messages/lib/python3.8/site-packages/custom_messages/action/__init__.py
-- Symlinking: /home/moonbotj40/elian_stuff/moonbot_software/install/custom_messages/lib/python3.8/site-packages/custom_messages/action/_move_to_pose.py
-- Symlinking: /home/moonbotj40/elian_stuff/moonbot_software/install/custom_messages/lib/python3.8/site-packages/custom_messages/srv/__init__.py
-- Symlinking: /home/moonbotj40/elian_stuff/moonbot_software/install/custom_messages/lib/python3.8/site-packages/custom_messages/srv/_quat.py
-- Symlinking: /home/moonbotj40/elian_stuff/moonbot_software/install/custom_messages/lib/python3.8/site-packages/custom_messages/srv/_return_vect3.py
-- Symlinking: /home/moonbotj40/elian_stuff/moonbot_software/install/custom_messages/lib/python3.8/site-packages/custom_messages/srv/_vect3.py
-- Symlinking: /home/moonbotj40/elian_stuff/moonbot_software/install/custom_messages/lib/python3.8/site-packages/custom_messages/custom_messages_s__rosidl_typesupport_fastrtps_c.cpython-38-aarch64-linux-gnu.so
-- Symlinking: /home/moonbotj40/elian_stuff/moonbot_software/install/custom_messages/lib/python3.8/site-packages/custom_messages/custom_messages_s__rosidl_typesupport_introspection_c.cpython-38-aarch64-linux-gnu.so
-- Symlinking: /home/moonbotj40/elian_stuff/moonbot_software/install/custom_messages/lib/python3.8/site-packages/custom_messages/custom_messages_s__rosidl_typesupport_c.cpython-38-aarch64-linux-gnu.so
-- Symlinking: /home/moonbotj40/elian_stuff/moonbot_software/install/custom_messages/lib/libcustom_messages__python.so
-- Symlinking: /home/moonbotj40/elian_stuff/moonbot_software/install/custom_messages/share/custom_messages/action/MoveToPose.idl
-- Symlinking: /home/moonbotj40/elian_stuff/moonbot_software/install/custom_messages/share/custom_messages/srv/Vect3.idl
-- Symlinking: /home/moonbotj40/elian_stuff/moonbot_software/install/custom_messages/share/custom_messages/srv/ReturnVect3.idl
-- Symlinking: /home/moonbotj40/elian_stuff/moonbot_software/install/custom_messages/share/custom_messages/srv/Quat.idl
-- Symlinking: /home/moonbotj40/elian_stuff/moonbot_software/install/custom_messages/share/custom_messages/action/MoveToPose.action
-- Symlinking: /home/moonbotj40/elian_stuff/moonbot_software/install/custom_messages/share/custom_messages/srv/Vect3.srv
-- Symlinking: /home/moonbotj40/elian_stuff/moonbot_software/install/custom_messages/share/custom_messages/srv/Vect3_Request.msg
-- Symlinking: /home/moonbotj40/elian_stuff/moonbot_software/install/custom_messages/share/custom_messages/srv/Vect3_Response.msg
-- Symlinking: /home/moonbotj40/elian_stuff/moonbot_software/install/custom_messages/share/custom_messages/srv/ReturnVect3.srv
-- Symlinking: /home/moonbotj40/elian_stuff/moonbot_software/install/custom_messages/share/custom_messages/srv/ReturnVect3_Request.msg
-- Symlinking: /home/moonbotj40/elian_stuff/moonbot_software/install/custom_messages/share/custom_messages/srv/ReturnVect3_Response.msg
-- Symlinking: /home/moonbotj40/elian_stuff/moonbot_software/install/custom_messages/share/custom_messages/srv/Quat.srv
-- Symlinking: /home/moonbotj40/elian_stuff/moonbot_software/install/custom_messages/share/custom_messages/srv/Quat_Request.msg
-- Symlinking: /home/moonbotj40/elian_stuff/moonbot_software/install/custom_messages/share/custom_messages/srv/Quat_Response.msg
-- Symlinking: /home/moonbotj40/elian_stuff/moonbot_software/install/custom_messages/share/ament_index/resource_index/package_run_dependencies/custom_messages
-- Symlinking: /home/moonbotj40/elian_stuff/moonbot_software/install/custom_messages/share/ament_index/resource_index/parent_prefix_path/custom_messages
-- Symlinking: /home/moonbotj40/elian_stuff/moonbot_software/install/custom_messages/share/custom_messages/environment/ament_prefix_path.sh
-- Symlinking: /home/moonbotj40/elian_stuff/moonbot_software/install/custom_messages/share/custom_messages/environment/ament_prefix_path.dsv
-- Symlinking: /home/moonbotj40/elian_stuff/moonbot_software/install/custom_messages/share/custom_messages/environment/path.sh
-- Symlinking: /home/moonbotj40/elian_stuff/moonbot_software/install/custom_messages/share/custom_messages/environment/path.dsv
-- Symlinking: /home/moonbotj40/elian_stuff/moonbot_software/install/custom_messages/share/custom_messages/local_setup.bash
-- Symlinking: /home/moonbotj40/elian_stuff/moonbot_software/install/custom_messages/share/custom_messages/local_setup.sh
-- Symlinking: /home/moonbotj40/elian_stuff/moonbot_software/install/custom_messages/share/custom_messages/local_setup.zsh
-- Symlinking: /home/moonbotj40/elian_stuff/moonbot_software/install/custom_messages/share/custom_messages/local_setup.dsv
-- Symlinking: /home/moonbotj40/elian_stuff/moonbot_software/install/custom_messages/share/custom_messages/package.dsv
-- Symlinking: /home/moonbotj40/elian_stuff/moonbot_software/install/custom_messages/share/ament_index/resource_index/packages/custom_messages
-- Symlinking: /home/moonbotj40/elian_stuff/moonbot_software/install/custom_messages/share/custom_messages/cmake/rosidl_cmake-extras.cmake
-- Symlinking: /home/moonbotj40/elian_stuff/moonbot_software/install/custom_messages/share/custom_messages/cmake/ament_cmake_export_dependencies-extras.cmake
-- Symlinking: /home/moonbotj40/elian_stuff/moonbot_software/install/custom_messages/share/custom_messages/cmake/ament_cmake_export_libraries-extras.cmake
-- Symlinking: /home/moonbotj40/elian_stuff/moonbot_software/install/custom_messages/share/custom_messages/cmake/ament_cmake_export_targets-extras.cmake
-- Symlinking: /home/moonbotj40/elian_stuff/moonbot_software/install/custom_messages/share/custom_messages/cmake/ament_cmake_export_include_directories-extras.cmake
-- Symlinking: /home/moonbotj40/elian_stuff/moonbot_software/install/custom_messages/share/custom_messages/cmake/rosidl_cmake_export_typesupport_libraries-extras.cmake
-- Symlinking: /home/moonbotj40/elian_stuff/moonbot_software/install/custom_messages/share/custom_messages/cmake/rosidl_cmake_export_typesupport_targets-extras.cmake
-- Symlinking: /home/moonbotj40/elian_stuff/moonbot_software/install/custom_messages/share/custom_messages/cmake/custom_messagesConfig.cmake
-- Symlinking: /home/moonbotj40/elian_stuff/moonbot_software/install/custom_messages/share/custom_messages/cmake/custom_messagesConfig-version.cmake
-- Symlinking: /home/moonbotj40/elian_stuff/moonbot_software/install/custom_messages/share/custom_messages/package.xml
-- Installing: /home/moonbotj40/elian_stuff/moonbot_software/install/custom_messages/lib/libcustom_messages__rosidl_generator_c.so
-- Set runtime path of "/home/moonbotj40/elian_stuff/moonbot_software/install/custom_messages/lib/libcustom_messages__rosidl_generator_c.so" to ""
-- Installing: /home/moonbotj40/elian_stuff/moonbot_software/install/custom_messages/lib/libcustom_messages__rosidl_typesupport_introspection_c.so
-- Set runtime path of "/home/moonbotj40/elian_stuff/moonbot_software/install/custom_messages/lib/libcustom_messages__rosidl_typesupport_introspection_c.so" to ""
-- Installing: /home/moonbotj40/elian_stuff/moonbot_software/install/custom_messages/lib/libcustom_messages__rosidl_typesupport_c.so
-- Set runtime path of "/home/moonbotj40/elian_stuff/moonbot_software/install/custom_messages/lib/libcustom_messages__rosidl_typesupport_c.so" to ""
-- Installing: /home/moonbotj40/elian_stuff/moonbot_software/install/custom_messages/lib/libcustom_messages__rosidl_typesupport_introspection_cpp.so
-- Set runtime path of "/home/moonbotj40/elian_stuff/moonbot_software/install/custom_messages/lib/libcustom_messages__rosidl_typesupport_introspection_cpp.so" to ""
-- Installing: /home/moonbotj40/elian_stuff/moonbot_software/install/custom_messages/lib/libcustom_messages__rosidl_typesupport_cpp.so
-- Set runtime path of "/home/moonbotj40/elian_stuff/moonbot_software/install/custom_messages/lib/libcustom_messages__rosidl_typesupport_cpp.so" to ""
Compiling '/home/moonbotj40/elian_stuff/moonbot_software/install/custom_messages/lib/python3.8/site-packages/custom_messages/__init__.py'...
-- Installing: /home/moonbotj40/elian_stuff/moonbot_software/install/custom_messages/share/custom_messages/cmake/custom_messages__rosidl_generator_cExport.cmake
-- Installing: /home/moonbotj40/elian_stuff/moonbot_software/install/custom_messages/share/custom_messages/cmake/custom_messages__rosidl_generator_cExport-noconfig.cmake
-- Installing: /home/moonbotj40/elian_stuff/moonbot_software/install/custom_messages/share/custom_messages/cmake/custom_messages__rosidl_typesupport_introspection_cExport.cmake
-- Installing: /home/moonbotj40/elian_stuff/moonbot_software/install/custom_messages/share/custom_messages/cmake/custom_messages__rosidl_typesupport_introspection_cExport-noconfig.cmake
-- Installing: /home/moonbotj40/elian_stuff/moonbot_software/install/custom_messages/share/custom_messages/cmake/custom_messages__rosidl_typesupport_cExport.cmake
-- Installing: /home/moonbotj40/elian_stuff/moonbot_software/install/custom_messages/share/custom_messages/cmake/custom_messages__rosidl_typesupport_cExport-noconfig.cmake
-- Installing: /home/moonbotj40/elian_stuff/moonbot_software/install/custom_messages/share/custom_messages/cmake/custom_messages__rosidl_generator_cppExport.cmake
-- Installing: /home/moonbotj40/elian_stuff/moonbot_software/install/custom_messages/share/custom_messages/cmake/custom_messages__rosidl_typesupport_introspection_cppExport.cmake
-- Installing: /home/moonbotj40/elian_stuff/moonbot_software/install/custom_messages/share/custom_messages/cmake/custom_messages__rosidl_typesupport_introspection_cppExport-noconfig.cmake
-- Installing: /home/moonbotj40/elian_stuff/moonbot_software/install/custom_messages/share/custom_messages/cmake/custom_messages__rosidl_typesupport_cppExport.cmake
-- Installing: /home/moonbotj40/elian_stuff/moonbot_software/install/custom_messages/share/custom_messages/cmake/custom_messages__rosidl_typesupport_cppExport-noconfig.cmake
