[0.371s] Invoking command in '/home/moonbotj40/elian_stuff/moonbot_software/build/custom_messages': CMAKE_PREFIX_PATH=${CMAKE_PREFIX_PATH}:/home/moonbotj40/elian_stuff/moonbot_software/install/rviz_basic:/home/moonbotj40/elian_stuff/moonbot_software/install/easy_robot_control:/opt/ros/foxy /usr/bin/cmake /home/moonbotj40/elian_stuff/moonbot_software/src/custom_messages -DAMENT_CMAKE_SYMLINK_INSTALL=1 -DCMAKE_INSTALL_PREFIX=/home/moonbotj40/elian_stuff/moonbot_software/install/custom_messages
[0.483s] -- The C compiler identification is GNU 9.4.0
[0.587s] -- The CXX compiler identification is GNU 9.4.0
[0.596s] -- Check for working C compiler: /usr/bin/cc
[0.738s] -- Check for working C compiler: /usr/bin/cc -- works
[0.740s] -- Detecting C compiler ABI info
[0.882s] -- Detecting C compiler ABI info - done
[0.908s] -- Detecting C compile features
[0.908s] -- Detecting C compile features - done
[0.914s] -- Check for working CXX compiler: /usr/bin/c++
[1.071s] -- Check for working CXX compiler: /usr/bin/c++ -- works
[1.073s] -- Detecting CXX compiler ABI info
[1.235s] -- Detecting CXX compiler ABI info - done
[1.261s] -- Detecting CXX compile features
[1.262s] -- Detecting CXX compile features - done
[1.266s] -- Found ament_cmake: 0.9.12 (/opt/ros/foxy/share/ament_cmake/cmake)
[1.333s] -- Found PythonInterp: /usr/bin/python3 (found suitable version "3.8.10", minimum required is "3") 
[1.334s] -- Using PYTHON_EXECUTABLE: /usr/bin/python3
[1.713s] -- Override CMake install command with custom implementation using symlinks instead of copying resources
[1.761s] -- Found builtin_interfaces: 1.0.0 (/opt/ros/foxy/share/builtin_interfaces/cmake)
[1.813s] -- Using all available rosidl_typesupport_c: rosidl_typesupport_fastrtps_c;rosidl_typesupport_introspection_c
[1.825s] -- Found rosidl_adapter: 1.3.1 (/opt/ros/foxy/share/rosidl_adapter/cmake)
[1.993s] -- Found OpenSSL: /usr/lib/aarch64-linux-gnu/libcrypto.so (found version "1.1.1f")  
[2.051s] -- Found FastRTPS: /opt/ros/foxy/include  
[2.203s] -- Using all available rosidl_typesupport_cpp: rosidl_typesupport_fastrtps_cpp;rosidl_typesupport_introspection_cpp
[2.253s] -- Found std_msgs: 2.0.5 (/opt/ros/foxy/share/std_msgs/cmake)
[2.286s] -- Found geometry_msgs: 2.0.5 (/opt/ros/foxy/share/geometry_msgs/cmake)
[2.349s] -- Found rosidl_default_generators: 1.0.1 (/opt/ros/foxy/share/rosidl_default_generators/cmake)
[2.428s] -- Found PythonInterp: /usr/bin/python3 (found version "3.8.10") 
[3.004s] -- Found ament_cmake_cppcheck: 0.9.8 (/opt/ros/foxy/share/ament_cmake_cppcheck/cmake)
[3.007s] -- Found ament_cmake_cpplint: 0.9.8 (/opt/ros/foxy/share/ament_cmake_cpplint/cmake)
[3.011s] -- Found ament_cmake_uncrustify: 0.9.8 (/opt/ros/foxy/share/ament_cmake_uncrustify/cmake)
[3.015s] -- Found ament_cmake_ros: 0.9.2 (/opt/ros/foxy/share/ament_cmake_ros/cmake)
[3.526s] -- Using all available rosidl_typesupport_c: rosidl_typesupport_fastrtps_c;rosidl_typesupport_introspection_c
[3.760s] -- Using all available rosidl_typesupport_cpp: rosidl_typesupport_fastrtps_cpp;rosidl_typesupport_introspection_cpp
[3.831s] -- Found PythonInterp: /usr/bin/python3 (found suitable version "3.8.10", minimum required is "3.5") 
[3.833s] -- Found python_cmake_module: 0.8.1 (/opt/ros/foxy/share/python_cmake_module/cmake)
[3.900s] -- Found PythonLibs: /usr/lib/aarch64-linux-gnu/libpython3.8.so (found suitable version "3.8.10", minimum required is "3.5") 
[3.901s] -- Using PYTHON_EXECUTABLE: /usr/bin/python3
[3.901s] -- Using PYTHON_INCLUDE_DIRS: /usr/include/python3.8
[3.901s] -- Using PYTHON_LIBRARIES: /usr/lib/aarch64-linux-gnu/libpython3.8.so
[3.957s] -- Found PythonExtra: .so  
[4.142s] -- Found ament_cmake_flake8: 0.9.8 (/opt/ros/foxy/share/ament_cmake_flake8/cmake)
[4.145s] -- Found ament_cmake_pep257: 0.9.8 (/opt/ros/foxy/share/ament_cmake_pep257/cmake)
[4.155s] -- Found ament_lint_auto: 0.9.8 (/opt/ros/foxy/share/ament_lint_auto/cmake)
[4.187s] -- Added test 'copyright' to check source files copyright and LICENSE
[4.188s] -- Added test 'lint_cmake' to check CMake code style
[4.189s] -- Added test 'xmllint' to check XML markup files
[4.204s] -- Configuring done
[4.347s] -- Generating done
[4.353s] -- Build files have been written to: /home/moonbotj40/elian_stuff/moonbot_software/build/custom_messages
[4.384s] Invoked command in '/home/moonbotj40/elian_stuff/moonbot_software/build/custom_messages' returned '0': CMAKE_PREFIX_PATH=${CMAKE_PREFIX_PATH}:/home/moonbotj40/elian_stuff/moonbot_software/install/rviz_basic:/home/moonbotj40/elian_stuff/moonbot_software/install/easy_robot_control:/opt/ros/foxy /usr/bin/cmake /home/moonbotj40/elian_stuff/moonbot_software/src/custom_messages -DAMENT_CMAKE_SYMLINK_INSTALL=1 -DCMAKE_INSTALL_PREFIX=/home/moonbotj40/elian_stuff/moonbot_software/install/custom_messages
[4.392s] Invoking command in '/home/moonbotj40/elian_stuff/moonbot_software/build/custom_messages': CMAKE_PREFIX_PATH=${CMAKE_PREFIX_PATH}:/home/moonbotj40/elian_stuff/moonbot_software/install/rviz_basic:/home/moonbotj40/elian_stuff/moonbot_software/install/easy_robot_control:/opt/ros/foxy /usr/bin/cmake --build /home/moonbotj40/elian_stuff/moonbot_software/build/custom_messages -- -j8 -l8
[4.482s] [  1%] [34m[1mGenerating C code for ROS interfaces[0m
[4.483s] [35m[1mScanning dependencies of target custom_messages__cpp[0m
[4.507s] [  3%] [34m[1mGenerating C++ code for ROS interfaces[0m
[5.678s] [  3%] Built target custom_messages__cpp
[5.713s] [  5%] [34m[1mGenerating C++ type support dispatch for ROS interfaces[0m
[5.729s] [  7%] [34m[1mGenerating C++ type support for eProsima Fast-RTPS[0m
[5.733s] [  9%] [34m[1mGenerating C++ introspection for ROS interfaces[0m
[5.740s] [35m[1mScanning dependencies of target custom_messages__rosidl_generator_c[0m
[5.778s] [ 10%] [32mBuilding C object CMakeFiles/custom_messages__rosidl_generator_c.dir/rosidl_generator_c/custom_messages/srv/detail/return_vect3__functions.c.o[0m
[5.781s] [ 12%] [32mBuilding C object CMakeFiles/custom_messages__rosidl_generator_c.dir/rosidl_generator_c/custom_messages/action/detail/move_to_pose__functions.c.o[0m
[5.783s] [ 14%] [32mBuilding C object CMakeFiles/custom_messages__rosidl_generator_c.dir/rosidl_generator_c/custom_messages/srv/detail/quat__functions.c.o[0m
[5.786s] [ 16%] [32mBuilding C object CMakeFiles/custom_messages__rosidl_generator_c.dir/rosidl_generator_c/custom_messages/srv/detail/vect3__functions.c.o[0m
[6.144s] [ 18%] [32m[1mLinking C shared library libcustom_messages__rosidl_generator_c.so[0m
[6.227s] [ 18%] Built target custom_messages__rosidl_generator_c
[6.251s] [ 21%] [34m[1mGenerating C type support dispatch for ROS interfaces[0m
[6.251s] [ 21%] [34m[1mGenerating C introspection for ROS interfaces[0m
[6.477s] [35m[1mScanning dependencies of target custom_messages__rosidl_typesupport_cpp[0m
[6.517s] [ 25%] [32mBuilding CXX object CMakeFiles/custom_messages__rosidl_typesupport_cpp.dir/rosidl_typesupport_cpp/custom_messages/srv/return_vect3__type_support.cpp.o[0m
[6.517s] [ 25%] [32mBuilding CXX object CMakeFiles/custom_messages__rosidl_typesupport_cpp.dir/rosidl_typesupport_cpp/custom_messages/srv/vect3__type_support.cpp.o[0m
[6.518s] [ 27%] [32mBuilding CXX object CMakeFiles/custom_messages__rosidl_typesupport_cpp.dir/rosidl_typesupport_cpp/custom_messages/action/move_to_pose__type_support.cpp.o[0m
[6.520s] [ 29%] [32mBuilding CXX object CMakeFiles/custom_messages__rosidl_typesupport_cpp.dir/rosidl_typesupport_cpp/custom_messages/srv/quat__type_support.cpp.o[0m
[6.771s] [35m[1mScanning dependencies of target custom_messages__rosidl_typesupport_introspection_cpp[0m
[6.821s] [ 30%] [32mBuilding CXX object CMakeFiles/custom_messages__rosidl_typesupport_introspection_cpp.dir/rosidl_typesupport_introspection_cpp/custom_messages/action/detail/move_to_pose__type_support.cpp.o[0m
[7.038s] [35m[1mScanning dependencies of target custom_messages__rosidl_typesupport_fastrtps_cpp[0m
[7.061s] [35m[1mScanning dependencies of target custom_messages__rosidl_typesupport_c[0m
[7.115s] [ 32%] [32mBuilding CXX object CMakeFiles/custom_messages__rosidl_typesupport_fastrtps_cpp.dir/rosidl_typesupport_fastrtps_cpp/custom_messages/action/detail/dds_fastrtps/move_to_pose__type_support.cpp.o[0m
[7.131s] [ 34%] [32mBuilding CXX object CMakeFiles/custom_messages__rosidl_typesupport_c.dir/rosidl_typesupport_c/custom_messages/action/move_to_pose__type_support.cpp.o[0m
[7.239s] [ 36%] [32mBuilding CXX object CMakeFiles/custom_messages__rosidl_typesupport_c.dir/rosidl_typesupport_c/custom_messages/srv/return_vect3__type_support.cpp.o[0m
[7.239s] [ 38%] [32mBuilding CXX object CMakeFiles/custom_messages__rosidl_typesupport_c.dir/rosidl_typesupport_c/custom_messages/srv/vect3__type_support.cpp.o[0m
[7.276s] [ 40%] [32mBuilding CXX object CMakeFiles/custom_messages__rosidl_typesupport_c.dir/rosidl_typesupport_c/custom_messages/srv/quat__type_support.cpp.o[0m
[7.312s] [ 41%] [32mBuilding CXX object CMakeFiles/custom_messages__rosidl_typesupport_fastrtps_cpp.dir/rosidl_typesupport_fastrtps_cpp/custom_messages/srv/detail/dds_fastrtps/vect3__type_support.cpp.o[0m
[7.324s] [ 43%] [32m[1mLinking CXX shared library libcustom_messages__rosidl_typesupport_cpp.so[0m
[7.335s] [ 45%] [32mBuilding CXX object CMakeFiles/custom_messages__rosidl_typesupport_introspection_cpp.dir/rosidl_typesupport_introspection_cpp/custom_messages/srv/detail/vect3__type_support.cpp.o[0m
[7.362s] [ 47%] [32mBuilding CXX object CMakeFiles/custom_messages__rosidl_typesupport_introspection_cpp.dir/rosidl_typesupport_introspection_cpp/custom_messages/srv/detail/return_vect3__type_support.cpp.o[0m
[7.367s] [ 49%] [32m[1mLinking CXX shared library libcustom_messages__rosidl_typesupport_c.so[0m
[7.382s] [35m[1mScanning dependencies of target custom_messages__rosidl_typesupport_introspection_c[0m
[7.413s] [ 49%] Built target custom_messages__rosidl_typesupport_cpp
[7.434s] [ 50%] [32mBuilding CXX object CMakeFiles/custom_messages__rosidl_typesupport_fastrtps_cpp.dir/rosidl_typesupport_fastrtps_cpp/custom_messages/srv/detail/dds_fastrtps/return_vect3__type_support.cpp.o[0m
[7.456s] [ 50%] Built target custom_messages__rosidl_typesupport_c
[7.477s] [ 52%] [32mBuilding C object CMakeFiles/custom_messages__rosidl_typesupport_introspection_c.dir/rosidl_typesupport_introspection_c/custom_messages/action/detail/move_to_pose__type_support.c.o[0m
[7.491s] [ 54%] [32mBuilding CXX object CMakeFiles/custom_messages__rosidl_typesupport_introspection_cpp.dir/rosidl_typesupport_introspection_cpp/custom_messages/srv/detail/quat__type_support.cpp.o[0m
[7.597s] [ 56%] [32mBuilding C object CMakeFiles/custom_messages__rosidl_typesupport_introspection_c.dir/rosidl_typesupport_introspection_c/custom_messages/srv/detail/vect3__type_support.c.o[0m
[7.706s] [ 58%] [32mBuilding C object CMakeFiles/custom_messages__rosidl_typesupport_introspection_c.dir/rosidl_typesupport_introspection_c/custom_messages/srv/detail/return_vect3__type_support.c.o[0m
[7.759s] [ 60%] [32mBuilding CXX object CMakeFiles/custom_messages__rosidl_typesupport_fastrtps_cpp.dir/rosidl_typesupport_fastrtps_cpp/custom_messages/srv/detail/dds_fastrtps/quat__type_support.cpp.o[0m
[7.867s] [ 61%] [32mBuilding C object CMakeFiles/custom_messages__rosidl_typesupport_introspection_c.dir/rosidl_typesupport_introspection_c/custom_messages/srv/detail/quat__type_support.c.o[0m
[7.989s] [ 63%] [32m[1mLinking C shared library libcustom_messages__rosidl_typesupport_introspection_c.so[0m
[8.079s] [ 63%] Built target custom_messages__rosidl_typesupport_introspection_c
[8.319s] [ 65%] [32m[1mLinking CXX shared library libcustom_messages__rosidl_typesupport_introspection_cpp.so[0m
[8.477s] [ 65%] Built target custom_messages__rosidl_typesupport_introspection_cpp
[8.840s] [ 67%] [32m[1mLinking CXX shared library libcustom_messages__rosidl_typesupport_fastrtps_cpp.so[0m
[9.024s] [ 67%] Built target custom_messages__rosidl_typesupport_fastrtps_cpp
[9.049s] [ 69%] [34m[1mGenerating C type support for eProsima Fast-RTPS[0m
[10.031s] [35m[1mScanning dependencies of target custom_messages__rosidl_typesupport_fastrtps_c[0m
[10.086s] [ 70%] [32mBuilding CXX object CMakeFiles/custom_messages__rosidl_typesupport_fastrtps_c.dir/rosidl_typesupport_fastrtps_c/custom_messages/action/detail/move_to_pose__type_support_c.cpp.o[0m
[10.086s] [ 76%] [32mBuilding CXX object CMakeFiles/custom_messages__rosidl_typesupport_fastrtps_c.dir/rosidl_typesupport_fastrtps_c/custom_messages/srv/detail/return_vect3__type_support_c.cpp.o[0m
[10.087s] [ 76%] [32mBuilding CXX object CMakeFiles/custom_messages__rosidl_typesupport_fastrtps_c.dir/rosidl_typesupport_fastrtps_c/custom_messages/srv/detail/quat__type_support_c.cpp.o[0m
[10.087s] [ 76%] [32mBuilding CXX object CMakeFiles/custom_messages__rosidl_typesupport_fastrtps_c.dir/rosidl_typesupport_fastrtps_c/custom_messages/srv/detail/vect3__type_support_c.cpp.o[0m
[10.987s] [ 78%] [32m[1mLinking CXX shared library libcustom_messages__rosidl_typesupport_fastrtps_c.so[0m
[11.163s] [ 78%] Built target custom_messages__rosidl_typesupport_fastrtps_c
[11.184s] [35m[1mScanning dependencies of target custom_messages[0m
[11.208s] [ 78%] Built target custom_messages
[11.230s] [35m[1mScanning dependencies of target custom_messages__py[0m
[11.253s] [ 80%] [34m[1mGenerating Python code for ROS interfaces[0m
[13.583s] [ 80%] Built target custom_messages__py
[13.604s] [35m[1mScanning dependencies of target custom_messages__python[0m
[13.656s] [ 85%] [32mBuilding C object CMakeFiles/custom_messages__python.dir/rosidl_generator_py/custom_messages/srv/_return_vect3_s.c.o[0m
[13.656s] [ 85%] [32mBuilding C object CMakeFiles/custom_messages__python.dir/rosidl_generator_py/custom_messages/action/_move_to_pose_s.c.o[0m
[13.656s] [ 85%] [32mBuilding C object CMakeFiles/custom_messages__python.dir/rosidl_generator_py/custom_messages/srv/_quat_s.c.o[0m
[13.657s] [ 87%] [32mBuilding C object CMakeFiles/custom_messages__python.dir/rosidl_generator_py/custom_messages/srv/_vect3_s.c.o[0m
[13.948s] [ 89%] [32m[1mLinking C shared library rosidl_generator_py/custom_messages/libcustom_messages__python.so[0m
[14.050s] [ 89%] Built target custom_messages__python
[14.071s] [35m[1mScanning dependencies of target custom_messages__rosidl_typesupport_c__pyext[0m
[14.071s] [35m[1mScanning dependencies of target custom_messages__rosidl_typesupport_introspection_c__pyext[0m
[14.071s] [35m[1mScanning dependencies of target custom_messages__rosidl_typesupport_fastrtps_c__pyext[0m
[14.112s] [ 92%] [32mBuilding C object CMakeFiles/custom_messages__rosidl_typesupport_introspection_c__pyext.dir/rosidl_generator_py/custom_messages/_custom_messages_s.ep.rosidl_typesupport_introspection_c.c.o[0m
[14.112s] [ 92%] [32mBuilding C object CMakeFiles/custom_messages__rosidl_typesupport_c__pyext.dir/rosidl_generator_py/custom_messages/_custom_messages_s.ep.rosidl_typesupport_c.c.o[0m
[14.120s] [ 94%] [32mBuilding C object CMakeFiles/custom_messages__rosidl_typesupport_fastrtps_c__pyext.dir/rosidl_generator_py/custom_messages/_custom_messages_s.ep.rosidl_typesupport_fastrtps_c.c.o[0m
[14.379s] [ 96%] [32m[1mLinking C shared library rosidl_generator_py/custom_messages/custom_messages_s__rosidl_typesupport_introspection_c.cpython-38-aarch64-linux-gnu.so[0m
[14.382s] [ 98%] [32m[1mLinking C shared library rosidl_generator_py/custom_messages/custom_messages_s__rosidl_typesupport_c.cpython-38-aarch64-linux-gnu.so[0m
[14.397s] [100%] [32m[1mLinking CXX shared library rosidl_generator_py/custom_messages/custom_messages_s__rosidl_typesupport_fastrtps_c.cpython-38-aarch64-linux-gnu.so[0m
[14.468s] [100%] Built target custom_messages__rosidl_typesupport_introspection_c__pyext
[14.469s] [100%] Built target custom_messages__rosidl_typesupport_c__pyext
[14.543s] [100%] Built target custom_messages__rosidl_typesupport_fastrtps_c__pyext
[14.573s] Invoked command in '/home/moonbotj40/elian_stuff/moonbot_software/build/custom_messages' returned '0': CMAKE_PREFIX_PATH=${CMAKE_PREFIX_PATH}:/home/moonbotj40/elian_stuff/moonbot_software/install/rviz_basic:/home/moonbotj40/elian_stuff/moonbot_software/install/easy_robot_control:/opt/ros/foxy /usr/bin/cmake --build /home/moonbotj40/elian_stuff/moonbot_software/build/custom_messages -- -j8 -l8
[14.792s] Invoking command in '/home/moonbotj40/elian_stuff/moonbot_software/build/custom_messages': CMAKE_PREFIX_PATH=${CMAKE_PREFIX_PATH}:/home/moonbotj40/elian_stuff/moonbot_software/install/rviz_basic:/home/moonbotj40/elian_stuff/moonbot_software/install/easy_robot_control:/opt/ros/foxy /usr/bin/cmake --install /home/moonbotj40/elian_stuff/moonbot_software/build/custom_messages
[14.813s] -- Install configuration: ""
[14.814s] -- Execute custom install script
[14.815s] -- Symlinking: /home/moonbotj40/elian_stuff/moonbot_software/install/custom_messages/share/ament_index/resource_index/rosidl_interfaces/custom_messages
[14.836s] -- Symlinking: /home/moonbotj40/elian_stuff/moonbot_software/install/custom_messages/include/custom_messages/action/detail/move_to_pose__functions.h
[14.855s] -- Symlinking: /home/moonbotj40/elian_stuff/moonbot_software/install/custom_messages/include/custom_messages/action/detail/move_to_pose__struct.h
[14.878s] -- Symlinking: /home/moonbotj40/elian_stuff/moonbot_software/install/custom_messages/include/custom_messages/action/detail/move_to_pose__type_support.h
[14.898s] -- Symlinking: /home/moonbotj40/elian_stuff/moonbot_software/install/custom_messages/include/custom_messages/action/move_to_pose.h
[14.920s] -- Symlinking: /home/moonbotj40/elian_stuff/moonbot_software/install/custom_messages/include/custom_messages/msg/rosidl_generator_c__visibility_control.h
[14.939s] -- Symlinking: /home/moonbotj40/elian_stuff/moonbot_software/install/custom_messages/include/custom_messages/srv/detail/quat__functions.h
[14.959s] -- Symlinking: /home/moonbotj40/elian_stuff/moonbot_software/install/custom_messages/include/custom_messages/srv/detail/quat__struct.h
[14.978s] -- Symlinking: /home/moonbotj40/elian_stuff/moonbot_software/install/custom_messages/include/custom_messages/srv/detail/quat__type_support.h
[15.001s] -- Symlinking: /home/moonbotj40/elian_stuff/moonbot_software/install/custom_messages/include/custom_messages/srv/detail/return_vect3__functions.h
[15.021s] -- Symlinking: /home/moonbotj40/elian_stuff/moonbot_software/install/custom_messages/include/custom_messages/srv/detail/return_vect3__struct.h
[15.041s] -- Symlinking: /home/moonbotj40/elian_stuff/moonbot_software/install/custom_messages/include/custom_messages/srv/detail/return_vect3__type_support.h
[15.061s] -- Symlinking: /home/moonbotj40/elian_stuff/moonbot_software/install/custom_messages/include/custom_messages/srv/detail/vect3__functions.h
[15.081s] -- Symlinking: /home/moonbotj40/elian_stuff/moonbot_software/install/custom_messages/include/custom_messages/srv/detail/vect3__struct.h
[15.102s] -- Symlinking: /home/moonbotj40/elian_stuff/moonbot_software/install/custom_messages/include/custom_messages/srv/detail/vect3__type_support.h
[15.123s] -- Symlinking: /home/moonbotj40/elian_stuff/moonbot_software/install/custom_messages/include/custom_messages/srv/quat.h
[15.144s] -- Symlinking: /home/moonbotj40/elian_stuff/moonbot_software/install/custom_messages/include/custom_messages/srv/return_vect3.h
[15.165s] -- Symlinking: /home/moonbotj40/elian_stuff/moonbot_software/install/custom_messages/include/custom_messages/srv/vect3.h
[15.185s] -- Symlinking: /home/moonbotj40/elian_stuff/moonbot_software/install/custom_messages/share/custom_messages/environment/library_path.sh
[15.206s] -- Symlinking: /home/moonbotj40/elian_stuff/moonbot_software/install/custom_messages/share/custom_messages/environment/library_path.dsv
[15.227s] -- Symlinking: /home/moonbotj40/elian_stuff/moonbot_software/install/custom_messages/include/custom_messages/action/detail/move_to_pose__rosidl_typesupport_fastrtps_c.h
[15.246s] -- Symlinking: /home/moonbotj40/elian_stuff/moonbot_software/install/custom_messages/include/custom_messages/msg/rosidl_typesupport_fastrtps_c__visibility_control.h
[15.264s] -- Symlinking: /home/moonbotj40/elian_stuff/moonbot_software/install/custom_messages/include/custom_messages/srv/detail/quat__rosidl_typesupport_fastrtps_c.h
[15.283s] -- Symlinking: /home/moonbotj40/elian_stuff/moonbot_software/install/custom_messages/include/custom_messages/srv/detail/return_vect3__rosidl_typesupport_fastrtps_c.h
[15.304s] -- Symlinking: /home/moonbotj40/elian_stuff/moonbot_software/install/custom_messages/include/custom_messages/srv/detail/vect3__rosidl_typesupport_fastrtps_c.h
[15.325s] -- Symlinking: /home/moonbotj40/elian_stuff/moonbot_software/install/custom_messages/lib/libcustom_messages__rosidl_typesupport_fastrtps_c.so
[15.348s] -- Symlinking: /home/moonbotj40/elian_stuff/moonbot_software/install/custom_messages/include/custom_messages/action/detail/move_to_pose__rosidl_typesupport_fastrtps_cpp.hpp
[15.369s] -- Symlinking: /home/moonbotj40/elian_stuff/moonbot_software/install/custom_messages/include/custom_messages/msg/rosidl_typesupport_fastrtps_cpp__visibility_control.h
[15.389s] -- Symlinking: /home/moonbotj40/elian_stuff/moonbot_software/install/custom_messages/include/custom_messages/srv/detail/quat__rosidl_typesupport_fastrtps_cpp.hpp
[15.410s] -- Symlinking: /home/moonbotj40/elian_stuff/moonbot_software/install/custom_messages/include/custom_messages/srv/detail/return_vect3__rosidl_typesupport_fastrtps_cpp.hpp
[15.432s] -- Symlinking: /home/moonbotj40/elian_stuff/moonbot_software/install/custom_messages/include/custom_messages/srv/detail/vect3__rosidl_typesupport_fastrtps_cpp.hpp
[15.453s] -- Symlinking: /home/moonbotj40/elian_stuff/moonbot_software/install/custom_messages/lib/libcustom_messages__rosidl_typesupport_fastrtps_cpp.so
[15.474s] -- Symlinking: /home/moonbotj40/elian_stuff/moonbot_software/install/custom_messages/include/custom_messages/action/detail/move_to_pose__rosidl_typesupport_introspection_c.h
[15.497s] -- Symlinking: /home/moonbotj40/elian_stuff/moonbot_software/install/custom_messages/include/custom_messages/msg/rosidl_typesupport_introspection_c__visibility_control.h
[15.519s] -- Symlinking: /home/moonbotj40/elian_stuff/moonbot_software/install/custom_messages/include/custom_messages/srv/detail/quat__rosidl_typesupport_introspection_c.h
[15.541s] -- Symlinking: /home/moonbotj40/elian_stuff/moonbot_software/install/custom_messages/include/custom_messages/srv/detail/return_vect3__rosidl_typesupport_introspection_c.h
[15.560s] -- Symlinking: /home/moonbotj40/elian_stuff/moonbot_software/install/custom_messages/include/custom_messages/srv/detail/vect3__rosidl_typesupport_introspection_c.h
[15.584s] -- Symlinking: /home/moonbotj40/elian_stuff/moonbot_software/install/custom_messages/include/custom_messages/action/detail/move_to_pose__builder.hpp
[15.603s] -- Symlinking: /home/moonbotj40/elian_stuff/moonbot_software/install/custom_messages/include/custom_messages/action/detail/move_to_pose__struct.hpp
[15.625s] -- Symlinking: /home/moonbotj40/elian_stuff/moonbot_software/install/custom_messages/include/custom_messages/action/detail/move_to_pose__traits.hpp
[15.649s] -- Symlinking: /home/moonbotj40/elian_stuff/moonbot_software/install/custom_messages/include/custom_messages/action/detail/move_to_pose__type_support.hpp
[15.668s] -- Symlinking: /home/moonbotj40/elian_stuff/moonbot_software/install/custom_messages/include/custom_messages/action/move_to_pose.hpp
[15.689s] -- Symlinking: /home/moonbotj40/elian_stuff/moonbot_software/install/custom_messages/include/custom_messages/msg/rosidl_generator_cpp__visibility_control.hpp
[15.711s] -- Symlinking: /home/moonbotj40/elian_stuff/moonbot_software/install/custom_messages/include/custom_messages/srv/detail/quat__builder.hpp
[15.733s] -- Symlinking: /home/moonbotj40/elian_stuff/moonbot_software/install/custom_messages/include/custom_messages/srv/detail/quat__struct.hpp
[15.754s] -- Symlinking: /home/moonbotj40/elian_stuff/moonbot_software/install/custom_messages/include/custom_messages/srv/detail/quat__traits.hpp
[15.774s] -- Symlinking: /home/moonbotj40/elian_stuff/moonbot_software/install/custom_messages/include/custom_messages/srv/detail/quat__type_support.hpp
[15.805s] -- Symlinking: /home/moonbotj40/elian_stuff/moonbot_software/install/custom_messages/include/custom_messages/srv/detail/return_vect3__builder.hpp
[15.827s] -- Symlinking: /home/moonbotj40/elian_stuff/moonbot_software/install/custom_messages/include/custom_messages/srv/detail/return_vect3__struct.hpp
[15.848s] -- Symlinking: /home/moonbotj40/elian_stuff/moonbot_software/install/custom_messages/include/custom_messages/srv/detail/return_vect3__traits.hpp
[15.868s] -- Symlinking: /home/moonbotj40/elian_stuff/moonbot_software/install/custom_messages/include/custom_messages/srv/detail/return_vect3__type_support.hpp
[15.889s] -- Symlinking: /home/moonbotj40/elian_stuff/moonbot_software/install/custom_messages/include/custom_messages/srv/detail/vect3__builder.hpp
[15.911s] -- Symlinking: /home/moonbotj40/elian_stuff/moonbot_software/install/custom_messages/include/custom_messages/srv/detail/vect3__struct.hpp
[15.931s] -- Symlinking: /home/moonbotj40/elian_stuff/moonbot_software/install/custom_messages/include/custom_messages/srv/detail/vect3__traits.hpp
[15.951s] -- Symlinking: /home/moonbotj40/elian_stuff/moonbot_software/install/custom_messages/include/custom_messages/srv/detail/vect3__type_support.hpp
[15.970s] -- Symlinking: /home/moonbotj40/elian_stuff/moonbot_software/install/custom_messages/include/custom_messages/srv/quat.hpp
[15.991s] -- Symlinking: /home/moonbotj40/elian_stuff/moonbot_software/install/custom_messages/include/custom_messages/srv/return_vect3.hpp
[16.012s] -- Symlinking: /home/moonbotj40/elian_stuff/moonbot_software/install/custom_messages/include/custom_messages/srv/vect3.hpp
[16.035s] -- Symlinking: /home/moonbotj40/elian_stuff/moonbot_software/install/custom_messages/include/custom_messages/action/detail/move_to_pose__rosidl_typesupport_introspection_cpp.hpp
[16.056s] -- Symlinking: /home/moonbotj40/elian_stuff/moonbot_software/install/custom_messages/include/custom_messages/srv/detail/quat__rosidl_typesupport_introspection_cpp.hpp
[16.076s] -- Symlinking: /home/moonbotj40/elian_stuff/moonbot_software/install/custom_messages/include/custom_messages/srv/detail/return_vect3__rosidl_typesupport_introspection_cpp.hpp
[16.096s] -- Symlinking: /home/moonbotj40/elian_stuff/moonbot_software/install/custom_messages/include/custom_messages/srv/detail/vect3__rosidl_typesupport_introspection_cpp.hpp
[16.118s] -- Symlinking: /home/moonbotj40/elian_stuff/moonbot_software/install/custom_messages/share/custom_messages/environment/pythonpath.sh
[16.140s] -- Symlinking: /home/moonbotj40/elian_stuff/moonbot_software/install/custom_messages/share/custom_messages/environment/pythonpath.dsv
[16.160s] -- Symlinking: /home/moonbotj40/elian_stuff/moonbot_software/install/custom_messages/lib/python3.8/site-packages/custom_messages/__init__.py
[16.181s] -- Symlinking: /home/moonbotj40/elian_stuff/moonbot_software/install/custom_messages/lib/python3.8/site-packages/custom_messages/action/__init__.py
[16.203s] -- Symlinking: /home/moonbotj40/elian_stuff/moonbot_software/install/custom_messages/lib/python3.8/site-packages/custom_messages/action/_move_to_pose.py
[16.227s] -- Symlinking: /home/moonbotj40/elian_stuff/moonbot_software/install/custom_messages/lib/python3.8/site-packages/custom_messages/srv/__init__.py
[16.246s] -- Symlinking: /home/moonbotj40/elian_stuff/moonbot_software/install/custom_messages/lib/python3.8/site-packages/custom_messages/srv/_quat.py
[16.267s] -- Symlinking: /home/moonbotj40/elian_stuff/moonbot_software/install/custom_messages/lib/python3.8/site-packages/custom_messages/srv/_return_vect3.py
[16.287s] -- Symlinking: /home/moonbotj40/elian_stuff/moonbot_software/install/custom_messages/lib/python3.8/site-packages/custom_messages/srv/_vect3.py
[16.310s] -- Symlinking: /home/moonbotj40/elian_stuff/moonbot_software/install/custom_messages/lib/python3.8/site-packages/custom_messages/custom_messages_s__rosidl_typesupport_fastrtps_c.cpython-38-aarch64-linux-gnu.so
[16.332s] -- Symlinking: /home/moonbotj40/elian_stuff/moonbot_software/install/custom_messages/lib/python3.8/site-packages/custom_messages/custom_messages_s__rosidl_typesupport_introspection_c.cpython-38-aarch64-linux-gnu.so
[16.353s] -- Symlinking: /home/moonbotj40/elian_stuff/moonbot_software/install/custom_messages/lib/python3.8/site-packages/custom_messages/custom_messages_s__rosidl_typesupport_c.cpython-38-aarch64-linux-gnu.so
[16.373s] -- Symlinking: /home/moonbotj40/elian_stuff/moonbot_software/install/custom_messages/lib/libcustom_messages__python.so
[16.395s] -- Symlinking: /home/moonbotj40/elian_stuff/moonbot_software/install/custom_messages/share/custom_messages/action/MoveToPose.idl
[16.414s] -- Symlinking: /home/moonbotj40/elian_stuff/moonbot_software/install/custom_messages/share/custom_messages/srv/Vect3.idl
[16.435s] -- Symlinking: /home/moonbotj40/elian_stuff/moonbot_software/install/custom_messages/share/custom_messages/srv/ReturnVect3.idl
[16.457s] -- Symlinking: /home/moonbotj40/elian_stuff/moonbot_software/install/custom_messages/share/custom_messages/srv/Quat.idl
[16.477s] -- Symlinking: /home/moonbotj40/elian_stuff/moonbot_software/install/custom_messages/share/custom_messages/action/MoveToPose.action
[16.497s] -- Symlinking: /home/moonbotj40/elian_stuff/moonbot_software/install/custom_messages/share/custom_messages/srv/Vect3.srv
[16.520s] -- Symlinking: /home/moonbotj40/elian_stuff/moonbot_software/install/custom_messages/share/custom_messages/srv/Vect3_Request.msg
[16.542s] -- Symlinking: /home/moonbotj40/elian_stuff/moonbot_software/install/custom_messages/share/custom_messages/srv/Vect3_Response.msg
[16.566s] -- Symlinking: /home/moonbotj40/elian_stuff/moonbot_software/install/custom_messages/share/custom_messages/srv/ReturnVect3.srv
[16.585s] -- Symlinking: /home/moonbotj40/elian_stuff/moonbot_software/install/custom_messages/share/custom_messages/srv/ReturnVect3_Request.msg
[16.607s] -- Symlinking: /home/moonbotj40/elian_stuff/moonbot_software/install/custom_messages/share/custom_messages/srv/ReturnVect3_Response.msg
[16.628s] -- Symlinking: /home/moonbotj40/elian_stuff/moonbot_software/install/custom_messages/share/custom_messages/srv/Quat.srv
[16.650s] -- Symlinking: /home/moonbotj40/elian_stuff/moonbot_software/install/custom_messages/share/custom_messages/srv/Quat_Request.msg
[16.675s] -- Symlinking: /home/moonbotj40/elian_stuff/moonbot_software/install/custom_messages/share/custom_messages/srv/Quat_Response.msg
[16.697s] -- Symlinking: /home/moonbotj40/elian_stuff/moonbot_software/install/custom_messages/share/ament_index/resource_index/package_run_dependencies/custom_messages
[16.718s] -- Symlinking: /home/moonbotj40/elian_stuff/moonbot_software/install/custom_messages/share/ament_index/resource_index/parent_prefix_path/custom_messages
[16.739s] -- Symlinking: /home/moonbotj40/elian_stuff/moonbot_software/install/custom_messages/share/custom_messages/environment/ament_prefix_path.sh
[16.760s] -- Symlinking: /home/moonbotj40/elian_stuff/moonbot_software/install/custom_messages/share/custom_messages/environment/ament_prefix_path.dsv
[16.780s] -- Symlinking: /home/moonbotj40/elian_stuff/moonbot_software/install/custom_messages/share/custom_messages/environment/path.sh
[16.800s] -- Symlinking: /home/moonbotj40/elian_stuff/moonbot_software/install/custom_messages/share/custom_messages/environment/path.dsv
[16.822s] -- Symlinking: /home/moonbotj40/elian_stuff/moonbot_software/install/custom_messages/share/custom_messages/local_setup.bash
[16.843s] -- Symlinking: /home/moonbotj40/elian_stuff/moonbot_software/install/custom_messages/share/custom_messages/local_setup.sh
[16.865s] -- Symlinking: /home/moonbotj40/elian_stuff/moonbot_software/install/custom_messages/share/custom_messages/local_setup.zsh
[16.885s] -- Symlinking: /home/moonbotj40/elian_stuff/moonbot_software/install/custom_messages/share/custom_messages/local_setup.dsv
[16.904s] -- Symlinking: /home/moonbotj40/elian_stuff/moonbot_software/install/custom_messages/share/custom_messages/package.dsv
[16.925s] -- Symlinking: /home/moonbotj40/elian_stuff/moonbot_software/install/custom_messages/share/ament_index/resource_index/packages/custom_messages
[16.945s] -- Symlinking: /home/moonbotj40/elian_stuff/moonbot_software/install/custom_messages/share/custom_messages/cmake/rosidl_cmake-extras.cmake
[16.966s] -- Symlinking: /home/moonbotj40/elian_stuff/moonbot_software/install/custom_messages/share/custom_messages/cmake/ament_cmake_export_dependencies-extras.cmake
[16.985s] -- Symlinking: /home/moonbotj40/elian_stuff/moonbot_software/install/custom_messages/share/custom_messages/cmake/ament_cmake_export_libraries-extras.cmake
[17.004s] -- Symlinking: /home/moonbotj40/elian_stuff/moonbot_software/install/custom_messages/share/custom_messages/cmake/ament_cmake_export_targets-extras.cmake
[17.028s] -- Symlinking: /home/moonbotj40/elian_stuff/moonbot_software/install/custom_messages/share/custom_messages/cmake/ament_cmake_export_include_directories-extras.cmake
[17.048s] -- Symlinking: /home/moonbotj40/elian_stuff/moonbot_software/install/custom_messages/share/custom_messages/cmake/rosidl_cmake_export_typesupport_libraries-extras.cmake
[17.069s] -- Symlinking: /home/moonbotj40/elian_stuff/moonbot_software/install/custom_messages/share/custom_messages/cmake/rosidl_cmake_export_typesupport_targets-extras.cmake
[17.090s] -- Symlinking: /home/moonbotj40/elian_stuff/moonbot_software/install/custom_messages/share/custom_messages/cmake/custom_messagesConfig.cmake
[17.108s] -- Symlinking: /home/moonbotj40/elian_stuff/moonbot_software/install/custom_messages/share/custom_messages/cmake/custom_messagesConfig-version.cmake
[17.128s] -- Symlinking: /home/moonbotj40/elian_stuff/moonbot_software/install/custom_messages/share/custom_messages/package.xml
[17.152s] -- Installing: /home/moonbotj40/elian_stuff/moonbot_software/install/custom_messages/lib/libcustom_messages__rosidl_generator_c.so
[17.153s] -- Set runtime path of "/home/moonbotj40/elian_stuff/moonbot_software/install/custom_messages/lib/libcustom_messages__rosidl_generator_c.so" to ""
[17.154s] -- Installing: /home/moonbotj40/elian_stuff/moonbot_software/install/custom_messages/lib/libcustom_messages__rosidl_typesupport_introspection_c.so
[17.155s] -- Set runtime path of "/home/moonbotj40/elian_stuff/moonbot_software/install/custom_messages/lib/libcustom_messages__rosidl_typesupport_introspection_c.so" to ""
[17.155s] -- Installing: /home/moonbotj40/elian_stuff/moonbot_software/install/custom_messages/lib/libcustom_messages__rosidl_typesupport_c.so
[17.156s] -- Set runtime path of "/home/moonbotj40/elian_stuff/moonbot_software/install/custom_messages/lib/libcustom_messages__rosidl_typesupport_c.so" to ""
[17.156s] -- Installing: /home/moonbotj40/elian_stuff/moonbot_software/install/custom_messages/lib/libcustom_messages__rosidl_typesupport_introspection_cpp.so
[17.157s] -- Set runtime path of "/home/moonbotj40/elian_stuff/moonbot_software/install/custom_messages/lib/libcustom_messages__rosidl_typesupport_introspection_cpp.so" to ""
[17.158s] -- Installing: /home/moonbotj40/elian_stuff/moonbot_software/install/custom_messages/lib/libcustom_messages__rosidl_typesupport_cpp.so
[17.159s] -- Set runtime path of "/home/moonbotj40/elian_stuff/moonbot_software/install/custom_messages/lib/libcustom_messages__rosidl_typesupport_cpp.so" to ""
[17.229s] Compiling '/home/moonbotj40/elian_stuff/moonbot_software/install/custom_messages/lib/python3.8/site-packages/custom_messages/__init__.py'...
[17.241s] -- Installing: /home/moonbotj40/elian_stuff/moonbot_software/install/custom_messages/share/custom_messages/cmake/custom_messages__rosidl_generator_cExport.cmake
[17.241s] -- Installing: /home/moonbotj40/elian_stuff/moonbot_software/install/custom_messages/share/custom_messages/cmake/custom_messages__rosidl_generator_cExport-noconfig.cmake
[17.242s] -- Installing: /home/moonbotj40/elian_stuff/moonbot_software/install/custom_messages/share/custom_messages/cmake/custom_messages__rosidl_typesupport_introspection_cExport.cmake
[17.242s] -- Installing: /home/moonbotj40/elian_stuff/moonbot_software/install/custom_messages/share/custom_messages/cmake/custom_messages__rosidl_typesupport_introspection_cExport-noconfig.cmake
[17.243s] -- Installing: /home/moonbotj40/elian_stuff/moonbot_software/install/custom_messages/share/custom_messages/cmake/custom_messages__rosidl_typesupport_cExport.cmake
[17.244s] -- Installing: /home/moonbotj40/elian_stuff/moonbot_software/install/custom_messages/share/custom_messages/cmake/custom_messages__rosidl_typesupport_cExport-noconfig.cmake
[17.244s] -- Installing: /home/moonbotj40/elian_stuff/moonbot_software/install/custom_messages/share/custom_messages/cmake/custom_messages__rosidl_generator_cppExport.cmake
[17.245s] -- Installing: /home/moonbotj40/elian_stuff/moonbot_software/install/custom_messages/share/custom_messages/cmake/custom_messages__rosidl_typesupport_introspection_cppExport.cmake
[17.246s] -- Installing: /home/moonbotj40/elian_stuff/moonbot_software/install/custom_messages/share/custom_messages/cmake/custom_messages__rosidl_typesupport_introspection_cppExport-noconfig.cmake
[17.246s] -- Installing: /home/moonbotj40/elian_stuff/moonbot_software/install/custom_messages/share/custom_messages/cmake/custom_messages__rosidl_typesupport_cppExport.cmake
[17.247s] -- Installing: /home/moonbotj40/elian_stuff/moonbot_software/install/custom_messages/share/custom_messages/cmake/custom_messages__rosidl_typesupport_cppExport-noconfig.cmake
[17.257s] Invoked command in '/home/moonbotj40/elian_stuff/moonbot_software/build/custom_messages' returned '0': CMAKE_PREFIX_PATH=${CMAKE_PREFIX_PATH}:/home/moonbotj40/elian_stuff/moonbot_software/install/rviz_basic:/home/moonbotj40/elian_stuff/moonbot_software/install/easy_robot_control:/opt/ros/foxy /usr/bin/cmake --install /home/moonbotj40/elian_stuff/moonbot_software/build/custom_messages
