[4.437s] DEBUG:colcon:Command line arguments: ['/usr/bin/colcon', 'build', '--symlink-install', '--packages-select', 'easy_robot_control']
[4.437s] DEBUG:colcon:Parsed command line arguments: Namespace(allow_overriding=[], ament_cmake_args=None, base_paths=['.'], build_base='build', catkin_cmake_args=None, catkin_skip_building_tests=False, cmake_args=None, cmake_clean_cache=False, cmake_clean_first=False, cmake_force_configure=False, cmake_target=None, cmake_target_skip_unavailable=False, continue_on_error=False, event_handlers=None, executor='parallel', ignore_user_meta=False, install_base='install', log_base=None, log_level=None, main=<bound method BuildVerb.main of <colcon_core.verb.build.BuildVerb object at 0xffffbcc30d00>>, merge_install=False, metas=['./colcon.meta'], packages_above=None, packages_above_and_dependencies=None, packages_above_depth=None, packages_end=None, packages_ignore=None, packages_ignore_regex=None, packages_select=['easy_robot_control'], packages_select_build_failed=False, packages_select_by_dep=None, packages_select_regex=None, packages_select_test_failures=False, packages_skip=None, packages_skip_build_finished=False, packages_skip_by_dep=None, packages_skip_regex=None, packages_skip_test_passed=False, packages_skip_up_to=None, packages_start=None, packages_up_to=None, packages_up_to_regex=None, parallel_workers=8, paths=None, symlink_install=True, test_result_base=None, verb_extension=<colcon_core.verb.build.BuildVerb object at 0xffffbcc30d00>, verb_name='build', verb_parser=<colcon_defaults.argument_parser.defaults.DefaultArgumentsDecorator object at 0xffffbcbffb50>)
[4.634s] Level 1:colcon.colcon_core.package_discovery:discover_packages(colcon_meta) check parameters
[4.634s] Level 1:colcon.colcon_core.package_discovery:discover_packages(recursive) check parameters
[4.634s] Level 1:colcon.colcon_core.package_discovery:discover_packages(ignore) check parameters
[4.634s] Level 1:colcon.colcon_core.package_discovery:discover_packages(path) check parameters
[4.634s] Level 1:colcon.colcon_core.package_discovery:discover_packages(colcon_meta) discover
[4.635s] Level 1:colcon.colcon_core.package_discovery:discover_packages(recursive) discover
[4.635s] INFO:colcon.colcon_core.package_discovery:Crawling recursively for packages in '/home/moonbotj40/elian_stuff/moonbot_software'
[4.635s] Level 1:colcon.colcon_core.package_identification:_identify(.) by extensions ['ignore', 'ignore_ament_install']
[4.635s] Level 1:colcon.colcon_core.package_identification:_identify(.) by extension 'ignore'
[4.635s] Level 1:colcon.colcon_core.package_identification:_identify(.) by extension 'ignore_ament_install'
[4.636s] Level 1:colcon.colcon_core.package_identification:_identify(.) by extensions ['colcon_pkg']
[4.636s] Level 1:colcon.colcon_core.package_identification:_identify(.) by extension 'colcon_pkg'
[4.636s] Level 1:colcon.colcon_core.package_identification:_identify(.) by extensions ['colcon_meta']
[4.636s] Level 1:colcon.colcon_core.package_identification:_identify(.) by extension 'colcon_meta'
[4.636s] Level 1:colcon.colcon_core.package_identification:_identify(.) by extensions ['ros']
[4.636s] Level 1:colcon.colcon_core.package_identification:_identify(.) by extension 'ros'
[4.660s] Level 1:colcon.colcon_core.package_identification:_identify(.) by extensions ['cmake', 'python']
[4.660s] Level 1:colcon.colcon_core.package_identification:_identify(.) by extension 'cmake'
[4.661s] Level 1:colcon.colcon_core.package_identification:_identify(.) by extension 'python'
[4.661s] Level 1:colcon.colcon_core.package_identification:_identify(.) by extensions ['python_setup_py']
[4.661s] Level 1:colcon.colcon_core.package_identification:_identify(.) by extension 'python_setup_py'
[4.661s] Level 1:colcon.colcon_core.package_identification:_identify(Documentation) by extensions ['ignore', 'ignore_ament_install']
[4.661s] Level 1:colcon.colcon_core.package_identification:_identify(Documentation) by extension 'ignore'
[4.661s] Level 1:colcon.colcon_core.package_identification:_identify(Documentation) by extension 'ignore_ament_install'
[4.662s] Level 1:colcon.colcon_core.package_identification:_identify(Documentation) by extensions ['colcon_pkg']
[4.662s] Level 1:colcon.colcon_core.package_identification:_identify(Documentation) by extension 'colcon_pkg'
[4.662s] Level 1:colcon.colcon_core.package_identification:_identify(Documentation) by extensions ['colcon_meta']
[4.662s] Level 1:colcon.colcon_core.package_identification:_identify(Documentation) by extension 'colcon_meta'
[4.662s] Level 1:colcon.colcon_core.package_identification:_identify(Documentation) by extensions ['ros']
[4.662s] Level 1:colcon.colcon_core.package_identification:_identify(Documentation) by extension 'ros'
[4.662s] Level 1:colcon.colcon_core.package_identification:_identify(Documentation) by extensions ['cmake', 'python']
[4.662s] Level 1:colcon.colcon_core.package_identification:_identify(Documentation) by extension 'cmake'
[4.663s] Level 1:colcon.colcon_core.package_identification:_identify(Documentation) by extension 'python'
[4.663s] Level 1:colcon.colcon_core.package_identification:_identify(Documentation) by extensions ['python_setup_py']
[4.663s] Level 1:colcon.colcon_core.package_identification:_identify(Documentation) by extension 'python_setup_py'
[4.663s] Level 1:colcon.colcon_core.package_identification:_identify(build) by extensions ['ignore', 'ignore_ament_install']
[4.663s] Level 1:colcon.colcon_core.package_identification:_identify(build) by extension 'ignore'
[4.663s] Level 1:colcon.colcon_core.package_identification:_identify(build) ignored
[4.664s] Level 1:colcon.colcon_core.package_identification:_identify(install) by extensions ['ignore', 'ignore_ament_install']
[4.664s] Level 1:colcon.colcon_core.package_identification:_identify(install) by extension 'ignore'
[4.664s] Level 1:colcon.colcon_core.package_identification:_identify(install) ignored
[4.664s] Level 1:colcon.colcon_core.package_identification:_identify(log) by extensions ['ignore', 'ignore_ament_install']
[4.664s] Level 1:colcon.colcon_core.package_identification:_identify(log) by extension 'ignore'
[4.665s] Level 1:colcon.colcon_core.package_identification:_identify(log) ignored
[4.665s] Level 1:colcon.colcon_core.package_identification:_identify(src) by extensions ['ignore', 'ignore_ament_install']
[4.665s] Level 1:colcon.colcon_core.package_identification:_identify(src) by extension 'ignore'
[4.665s] Level 1:colcon.colcon_core.package_identification:_identify(src) by extension 'ignore_ament_install'
[4.665s] Level 1:colcon.colcon_core.package_identification:_identify(src) by extensions ['colcon_pkg']
[4.665s] Level 1:colcon.colcon_core.package_identification:_identify(src) by extension 'colcon_pkg'
[4.665s] Level 1:colcon.colcon_core.package_identification:_identify(src) by extensions ['colcon_meta']
[4.665s] Level 1:colcon.colcon_core.package_identification:_identify(src) by extension 'colcon_meta'
[4.666s] Level 1:colcon.colcon_core.package_identification:_identify(src) by extensions ['ros']
[4.666s] Level 1:colcon.colcon_core.package_identification:_identify(src) by extension 'ros'
[4.666s] Level 1:colcon.colcon_core.package_identification:_identify(src) by extensions ['cmake', 'python']
[4.666s] Level 1:colcon.colcon_core.package_identification:_identify(src) by extension 'cmake'
[4.666s] Level 1:colcon.colcon_core.package_identification:_identify(src) by extension 'python'
[4.666s] Level 1:colcon.colcon_core.package_identification:_identify(src) by extensions ['python_setup_py']
[4.666s] Level 1:colcon.colcon_core.package_identification:_identify(src) by extension 'python_setup_py'
[4.666s] Level 1:colcon.colcon_core.package_identification:_identify(src/custom_messages) by extensions ['ignore', 'ignore_ament_install']
[4.667s] Level 1:colcon.colcon_core.package_identification:_identify(src/custom_messages) by extension 'ignore'
[4.667s] Level 1:colcon.colcon_core.package_identification:_identify(src/custom_messages) by extension 'ignore_ament_install'
[4.667s] Level 1:colcon.colcon_core.package_identification:_identify(src/custom_messages) by extensions ['colcon_pkg']
[4.667s] Level 1:colcon.colcon_core.package_identification:_identify(src/custom_messages) by extension 'colcon_pkg'
[4.667s] Level 1:colcon.colcon_core.package_identification:_identify(src/custom_messages) by extensions ['colcon_meta']
[4.667s] Level 1:colcon.colcon_core.package_identification:_identify(src/custom_messages) by extension 'colcon_meta'
[4.667s] Level 1:colcon.colcon_core.package_identification:_identify(src/custom_messages) by extensions ['ros']
[4.667s] Level 1:colcon.colcon_core.package_identification:_identify(src/custom_messages) by extension 'ros'
[4.674s] DEBUG:colcon.colcon_core.package_identification:Package 'src/custom_messages' with type 'ros.ament_cmake' and name 'custom_messages'
[4.674s] Level 1:colcon.colcon_core.package_identification:_identify(src/easy_robot_control) by extensions ['ignore', 'ignore_ament_install']
[4.674s] Level 1:colcon.colcon_core.package_identification:_identify(src/easy_robot_control) by extension 'ignore'
[4.675s] Level 1:colcon.colcon_core.package_identification:_identify(src/easy_robot_control) by extension 'ignore_ament_install'
[4.675s] Level 1:colcon.colcon_core.package_identification:_identify(src/easy_robot_control) by extensions ['colcon_pkg']
[4.675s] Level 1:colcon.colcon_core.package_identification:_identify(src/easy_robot_control) by extension 'colcon_pkg'
[4.675s] Level 1:colcon.colcon_core.package_identification:_identify(src/easy_robot_control) by extensions ['colcon_meta']
[4.675s] Level 1:colcon.colcon_core.package_identification:_identify(src/easy_robot_control) by extension 'colcon_meta'
[4.675s] Level 1:colcon.colcon_core.package_identification:_identify(src/easy_robot_control) by extensions ['ros']
[4.675s] Level 1:colcon.colcon_core.package_identification:_identify(src/easy_robot_control) by extension 'ros'
[4.677s] DEBUG:colcon.colcon_core.package_identification:Package 'src/easy_robot_control' with type 'ros.ament_python' and name 'easy_robot_control'
[4.677s] Level 1:colcon.colcon_core.package_identification:_identify(src/rviz_basic) by extensions ['ignore', 'ignore_ament_install']
[4.678s] Level 1:colcon.colcon_core.package_identification:_identify(src/rviz_basic) by extension 'ignore'
[4.678s] Level 1:colcon.colcon_core.package_identification:_identify(src/rviz_basic) by extension 'ignore_ament_install'
[4.678s] Level 1:colcon.colcon_core.package_identification:_identify(src/rviz_basic) by extensions ['colcon_pkg']
[4.678s] Level 1:colcon.colcon_core.package_identification:_identify(src/rviz_basic) by extension 'colcon_pkg'
[4.678s] Level 1:colcon.colcon_core.package_identification:_identify(src/rviz_basic) by extensions ['colcon_meta']
[4.678s] Level 1:colcon.colcon_core.package_identification:_identify(src/rviz_basic) by extension 'colcon_meta'
[4.678s] Level 1:colcon.colcon_core.package_identification:_identify(src/rviz_basic) by extensions ['ros']
[4.678s] Level 1:colcon.colcon_core.package_identification:_identify(src/rviz_basic) by extension 'ros'
[4.680s] DEBUG:colcon.colcon_core.package_identification:Package 'src/rviz_basic' with type 'ros.ament_python' and name 'rviz_basic'
[4.680s] Level 1:colcon.colcon_core.package_discovery:discover_packages(recursive) using defaults
[4.680s] Level 1:colcon.colcon_core.package_discovery:discover_packages(ignore) discover
[4.680s] Level 1:colcon.colcon_core.package_discovery:discover_packages(ignore) using defaults
[4.680s] Level 1:colcon.colcon_core.package_discovery:discover_packages(path) discover
[4.680s] Level 1:colcon.colcon_core.package_discovery:discover_packages(path) using defaults
[4.964s] INFO:colcon.colcon_core.package_selection:Skipping not selected package 'custom_messages' in 'src/custom_messages'
[4.964s] INFO:colcon.colcon_core.package_selection:Skipping not selected package 'rviz_basic' in 'src/rviz_basic'
[5.111s] Level 1:colcon.colcon_core.package_discovery:discover_packages(prefix_path) check parameters
[5.111s] Level 1:colcon.colcon_core.package_discovery:discover_packages(prefix_path) discover
[5.263s] DEBUG:colcon.colcon_installed_package_information.package_discovery:Found 3 installed packages in /home/moonbotj40/elian_stuff/moonbot_software/install
[5.338s] DEBUG:colcon.colcon_installed_package_information.package_discovery:Found 257 installed packages in /opt/ros/foxy
[5.341s] Level 1:colcon.colcon_core.package_discovery:discover_packages(prefix_path) using defaults
[5.627s] Level 5:colcon.colcon_core.verb:set package 'easy_robot_control' build argument 'cmake_args' from command line to 'None'
[5.627s] Level 5:colcon.colcon_core.verb:set package 'easy_robot_control' build argument 'cmake_target' from command line to 'None'
[5.627s] Level 5:colcon.colcon_core.verb:set package 'easy_robot_control' build argument 'cmake_target_skip_unavailable' from command line to 'False'
[5.627s] Level 5:colcon.colcon_core.verb:set package 'easy_robot_control' build argument 'cmake_clean_cache' from command line to 'False'
[5.627s] Level 5:colcon.colcon_core.verb:set package 'easy_robot_control' build argument 'cmake_clean_first' from command line to 'False'
[5.627s] Level 5:colcon.colcon_core.verb:set package 'easy_robot_control' build argument 'cmake_force_configure' from command line to 'False'
[5.627s] Level 5:colcon.colcon_core.verb:set package 'easy_robot_control' build argument 'ament_cmake_args' from command line to 'None'
[5.627s] Level 5:colcon.colcon_core.verb:set package 'easy_robot_control' build argument 'catkin_cmake_args' from command line to 'None'
[5.628s] Level 5:colcon.colcon_core.verb:set package 'easy_robot_control' build argument 'catkin_skip_building_tests' from command line to 'False'
[5.628s] DEBUG:colcon.colcon_core.verb:Building package 'easy_robot_control' with the following arguments: {'ament_cmake_args': None, 'build_base': '/home/moonbotj40/elian_stuff/moonbot_software/build/easy_robot_control', 'catkin_cmake_args': None, 'catkin_skip_building_tests': False, 'cmake_args': None, 'cmake_clean_cache': False, 'cmake_clean_first': False, 'cmake_force_configure': False, 'cmake_target': None, 'cmake_target_skip_unavailable': False, 'install_base': '/home/moonbotj40/elian_stuff/moonbot_software/install/easy_robot_control', 'merge_install': False, 'path': '/home/moonbotj40/elian_stuff/moonbot_software/src/easy_robot_control', 'symlink_install': True, 'test_result_base': None}
[5.701s] INFO:colcon.colcon_core.executor:Executing jobs using 'parallel' executor
[5.777s] DEBUG:colcon.colcon_parallel_executor.executor.parallel:run_until_complete
[5.778s] INFO:colcon.colcon_ros.task.ament_python.build:Building ROS package in '/home/moonbotj40/elian_stuff/moonbot_software/src/easy_robot_control' with build type 'ament_python'
[5.778s] Level 1:colcon.colcon_core.shell:create_environment_hook('easy_robot_control', 'ament_prefix_path')
[5.888s] INFO:colcon.colcon_core.plugin_system:Skipping extension 'colcon_core.shell.bat': Not used on non-Windows systems
[5.889s] INFO:colcon.colcon_core.shell:Creating environment hook '/home/moonbotj40/elian_stuff/moonbot_software/install/easy_robot_control/share/easy_robot_control/hook/ament_prefix_path.ps1'
[5.891s] INFO:colcon.colcon_core.shell:Creating environment descriptor '/home/moonbotj40/elian_stuff/moonbot_software/install/easy_robot_control/share/easy_robot_control/hook/ament_prefix_path.dsv'
[5.891s] INFO:colcon.colcon_core.shell:Creating environment hook '/home/moonbotj40/elian_stuff/moonbot_software/install/easy_robot_control/share/easy_robot_control/hook/ament_prefix_path.sh'
[5.968s] INFO:colcon.colcon_core.shell:Skip shell extension 'powershell' for command environment: Not usable outside of PowerShell
[5.969s] DEBUG:colcon.colcon_core.shell:Skip shell extension 'dsv' for command environment
[6.683s] INFO:colcon.colcon_core.task.python.build:Building Python package in '/home/moonbotj40/elian_stuff/moonbot_software/src/easy_robot_control'
[6.762s] INFO:colcon.colcon_core.shell:Skip shell extension 'powershell' for command environment: Not usable outside of PowerShell
[6.762s] DEBUG:colcon.colcon_core.shell:Skip shell extension 'dsv' for command environment
[7.347s] DEBUG:colcon.colcon_parallel_executor.executor.parallel:run_until_complete was interrupted
[7.348s] DEBUG:colcon.colcon_parallel_executor.executor.parallel:run_until_complete again
[7.411s] DEBUG:colcon.colcon_parallel_executor.executor.parallel:run_until_complete finished
[7.411s] DEBUG:colcon.colcon_parallel_executor.executor.parallel:closing loop
[7.412s] DEBUG:colcon.colcon_parallel_executor.executor.parallel:loop closed
[7.412s] DEBUG:colcon.colcon_core.event_reactor:joining thread
[7.517s] INFO:colcon.colcon_core.plugin_system:Skipping extension 'colcon_notification.desktop_notification.terminal_notifier': Not used on non-Darwin systems
[7.517s] INFO:colcon.colcon_core.plugin_system:Skipping extension 'colcon_notification.desktop_notification.win32': Not used on non-Windows systems
[7.517s] INFO:colcon.colcon_notification.desktop_notification:Sending desktop notification using 'notify2'
[7.568s] DEBUG:colcon.colcon_core.event_reactor:joined thread
[7.660s] INFO:colcon.colcon_core.shell:Creating prefix script '/home/moonbotj40/elian_stuff/moonbot_software/install/local_setup.ps1'
[7.662s] INFO:colcon.colcon_core.shell:Creating prefix util module '/home/moonbotj40/elian_stuff/moonbot_software/install/_local_setup_util_ps1.py'
[7.665s] INFO:colcon.colcon_core.shell:Creating prefix chain script '/home/moonbotj40/elian_stuff/moonbot_software/install/setup.ps1'
[7.743s] INFO:colcon.colcon_core.shell:Creating prefix script '/home/moonbotj40/elian_stuff/moonbot_software/install/local_setup.sh'
[7.744s] INFO:colcon.colcon_core.shell:Creating prefix util module '/home/moonbotj40/elian_stuff/moonbot_software/install/_local_setup_util_sh.py'
[7.745s] INFO:colcon.colcon_core.shell:Creating prefix chain script '/home/moonbotj40/elian_stuff/moonbot_software/install/setup.sh'
[7.822s] INFO:colcon.colcon_core.shell:Creating prefix script '/home/moonbotj40/elian_stuff/moonbot_software/install/local_setup.bash'
[7.823s] INFO:colcon.colcon_core.shell:Creating prefix chain script '/home/moonbotj40/elian_stuff/moonbot_software/install/setup.bash'
[7.900s] INFO:colcon.colcon_core.shell:Creating prefix script '/home/moonbotj40/elian_stuff/moonbot_software/install/local_setup.zsh'
[7.902s] INFO:colcon.colcon_core.shell:Creating prefix chain script '/home/moonbotj40/elian_stuff/moonbot_software/install/setup.zsh'
