running develop
running egg_info
creating rviz_basic.egg-info
writing rviz_basic.egg-info/PKG-INFO
writing dependency_links to rviz_basic.egg-info/dependency_links.txt
writing entry points to rviz_basic.egg-info/entry_points.txt
writing requirements to rviz_basic.egg-info/requires.txt
writing top-level names to rviz_basic.egg-info/top_level.txt
writing manifest file 'rviz_basic.egg-info/SOURCES.txt'
reading manifest file 'rviz_basic.egg-info/SOURCES.txt'
writing manifest file 'rviz_basic.egg-info/SOURCES.txt'
running build_ext
Creating /home/moonbotj40/elian_stuff/moonbot_software/install/rviz_basic/lib/python3.8/site-packages/site.py
Creating /home/moonbotj40/elian_stuff/moonbot_software/install/rviz_basic/lib/python3.8/site-packages/rviz-basic.egg-link (link to .)
Installing rviz_interface script to /home/moonbotj40/elian_stuff/moonbot_software/install/rviz_basic/lib/rviz_basic

Installed /home/moonbotj40/elian_stuff/moonbot_software/build/rviz_basic
running install_data
creating /home/moonbotj40/elian_stuff/moonbot_software/install/rviz_basic/share/ament_index
creating /home/moonbotj40/elian_stuff/moonbot_software/install/rviz_basic/share/ament_index/resource_index
creating /home/moonbotj40/elian_stuff/moonbot_software/install/rviz_basic/share/ament_index/resource_index/packages
copying resource/rviz_basic -> /home/moonbotj40/elian_stuff/moonbot_software/install/rviz_basic/share/ament_index/resource_index/packages
copying package.xml -> /home/moonbotj40/elian_stuff/moonbot_software/install/rviz_basic/share/rviz_basic
copying urdf/scar-e.urdf -> /home/moonbotj40/elian_stuff/moonbot_software/install/rviz_basic/share/rviz_basic
copying urdf/moonbot2.urdf -> /home/moonbotj40/elian_stuff/moonbot_software/install/rviz_basic/share/rviz_basic
copying urdf/moonbotX.urdf -> /home/moonbotj40/elian_stuff/moonbot_software/install/rviz_basic/share/rviz_basic
copying urdf/moonbot.urdf -> /home/moonbotj40/elian_stuff/moonbot_software/install/rviz_basic/share/rviz_basic
copying meshes/Leg1_Link1.STL -> /home/moonbotj40/elian_stuff/moonbot_software/install/rviz_basic/share/rviz_basic
copying meshes/base_link.STL -> /home/moonbotj40/elian_stuff/moonbot_software/install/rviz_basic/share/rviz_basic
copying meshes/Leg1_Link2.STL -> /home/moonbotj40/elian_stuff/moonbot_software/install/rviz_basic/share/rviz_basic
copying meshes/Leg2_Link2.STL -> /home/moonbotj40/elian_stuff/moonbot_software/install/rviz_basic/share/rviz_basic
copying meshes/Leg4_Link2.STL -> /home/moonbotj40/elian_stuff/moonbot_software/install/rviz_basic/share/rviz_basic
copying meshes/Leg2_Link3.STL -> /home/moonbotj40/elian_stuff/moonbot_software/install/rviz_basic/share/rviz_basic
copying meshes/Leg4_Link3.STL -> /home/moonbotj40/elian_stuff/moonbot_software/install/rviz_basic/share/rviz_basic
copying meshes/Leg2_Link1.STL -> /home/moonbotj40/elian_stuff/moonbot_software/install/rviz_basic/share/rviz_basic
copying meshes/Leg3_Link2.STL -> /home/moonbotj40/elian_stuff/moonbot_software/install/rviz_basic/share/rviz_basic
copying meshes/Leg1_Link3.STL -> /home/moonbotj40/elian_stuff/moonbot_software/install/rviz_basic/share/rviz_basic
copying meshes/Leg4_Link1.STL -> /home/moonbotj40/elian_stuff/moonbot_software/install/rviz_basic/share/rviz_basic
copying meshes/Leg3_Link1.STL -> /home/moonbotj40/elian_stuff/moonbot_software/install/rviz_basic/share/rviz_basic
copying meshes/Leg3_Link3.STL -> /home/moonbotj40/elian_stuff/moonbot_software/install/rviz_basic/share/rviz_basic
