[2.148s] Invoking command in '/home/moonbotj40/elian_stuff/moonbot_software/build/easy_robot_control': PYTHONPATH=/home/moonbotj40/elian_stuff/moonbot_software/build/easy_robot_control/prefix_override:/home/moonbotj40/elian_stuff/moonbot_software/install/easy_robot_control/lib/python3.8/site-packages:${PYTHONPATH} /usr/bin/python3 setup.py develop --editable --build-directory /home/moonbotj40/elian_stuff/moonbot_software/build/easy_robot_control/build --no-deps install_data
[2.656s] running develop
[2.990s] running egg_info
[2.990s] writing easy_robot_control.egg-info/PKG-INFO
[2.991s] writing dependency_links to easy_robot_control.egg-info/dependency_links.txt
[2.991s] writing entry points to easy_robot_control.egg-info/entry_points.txt
[2.992s] writing requirements to easy_robot_control.egg-info/requires.txt
[2.992s] writing top-level names to easy_robot_control.egg-info/top_level.txt
[3.064s] reading manifest file 'easy_robot_control.egg-info/SOURCES.txt'
[3.065s] writing manifest file 'easy_robot_control.egg-info/SOURCES.txt'
[3.144s] running build_ext
[3.144s] Creating /home/moonbotj40/elian_stuff/moonbot_software/install/easy_robot_control/lib/python3.8/site-packages/easy-robot-control.egg-link (link to .)
[3.147s] Installing ik_node script to /home/moonbotj40/elian_stuff/moonbot_software/install/easy_robot_control/lib/easy_robot_control
[3.147s] Installing leg_node script to /home/moonbotj40/elian_stuff/moonbot_software/install/easy_robot_control/lib/easy_robot_control
[3.147s] Installing mover_node script to /home/moonbotj40/elian_stuff/moonbot_software/install/easy_robot_control/lib/easy_robot_control
[3.148s] 
[3.148s] Installed /home/moonbotj40/elian_stuff/moonbot_software/build/easy_robot_control
[3.149s] running install_data
[3.149s] copying easy_robot_control/python_package_include/inverse_kinematics.py -> /home/moonbotj40/elian_stuff/moonbot_software/install/easy_robot_control/lib/python3.8/site-packages/python_package_include
[3.236s] Invoked command in '/home/moonbotj40/elian_stuff/moonbot_software/build/easy_robot_control' returned '0': PYTHONPATH=/home/moonbotj40/elian_stuff/moonbot_software/build/easy_robot_control/prefix_override:/home/moonbotj40/elian_stuff/moonbot_software/install/easy_robot_control/lib/python3.8/site-packages:${PYTHONPATH} /usr/bin/python3 setup.py develop --editable --build-directory /home/moonbotj40/elian_stuff/moonbot_software/build/easy_robot_control/build --no-deps install_data
